williammcc, 36369, Sat Aug 29 01:14:32 2015

*****************
 Maze Width: 25
 Maze Height: 25
*****************

The maze structure lives at: 0xd730a0

=========================================
AVATAR #0
difficulty: 4
IP_address: 129.170.213.200
port: 36369
log_file: ./results/Amazing_williammcc_2_4.log
sockfd: 4
total number of avatars: 2
maze width: 25
maze height: 25
my pointer to the_maze: 0xd730a0
=========================================

=========================================
AVATAR #1
difficulty: 4
IP_address: 129.170.213.200
port: 36369
log_file: ./results/Amazing_williammcc_2_4.log
sockfd: 5
total number of avatars: 2
maze width: 25
maze height: 25
my pointer to the_maze: 0xd730a0
=========================================

[avatar #0] Successfully connected with the server and received the first TURN message
[avatar #0] First Turn ID (should be zero): 0
[avatar #0] Initial Coordinates: x=21 y=12

[avatar #1] Successfully connected with the server and received the first TURN message
[avatar #1] First Turn ID (should be zero): 0
[avatar #1] Initial Coordinates: x=15 y=4

[avatar #0] Turn ID: 0
[avatar #0] Starting coordinates this turn: x=21 y=12

[avatar #1] Turn ID: 0
[avatar #1] Starting coordinates this turn: x=15 y=4

[avatar #1] Turn ID: 1
[avatar #1] Starting coordinates this turn: x=15 y=4

[avatar #0] Turn ID: 1
[avatar #0] Starting coordinates this turn: x=20 y=12

[avatar #0] Turn ID: 0
[avatar #0] Starting coordinates this turn: x=20 y=12

[avatar #1] Turn ID: 0
[avatar #1] Starting coordinates this turn: x=15 y=4

[avatar #0] Turn ID: 1
[avatar #0] Starting coordinates this turn: x=20 y=11

[avatar #1] Turn ID: 1
[avatar #1] Starting coordinates this turn: x=15 y=4

[avatar #0] Turn ID: 0
[avatar #0] Starting coordinates this turn: x=20 y=11

[avatar #1] Turn ID: 0
[avatar #1] Starting coordinates this turn: x=15 y=5

[avatar #0] Turn ID: 1
[avatar #0] Starting coordinates this turn: x=20 y=11

[avatar #1] Turn ID: 1
[avatar #1] Starting coordinates this turn: x=15 y=5

[avatar #0] Turn ID: 0
[avatar #0] Starting coordinates this turn: x=20 y=11

[avatar #1] Turn ID: 0
[avatar #1] Starting coordinates this turn: x=15 y=5

[avatar #0] Turn ID: 1
[avatar #0] Starting coordinates this turn: x=20 y=10

[avatar #1] Turn ID: 1
[avatar #1] Starting coordinates this turn: x=15 y=5

[avatar #0] Turn ID: 0
[avatar #0] Starting coordinates this turn: x=20 y=10

[avatar #1] Turn ID: 0
[avatar #1] Starting coordinates this turn: x=15 y=5

[avatar #0] Turn ID: 1
[avatar #0] Starting coordinates this turn: x=20 y=10

[avatar #1] Turn ID: 1
[avatar #1] Starting coordinates this turn: x=15 y=5

[avatar #0] Turn ID: 0
[avatar #0] Starting coordinates this turn: x=20 y=10

[avatar #1] Turn ID: 0
[avatar #1] Starting coordinates this turn: x=16 y=5

[avatar #0] Turn ID: 1
[avatar #0] Starting coordinates this turn: x=20 y=9

[avatar #1] Turn ID: 1
[avatar #1] Starting coordinates this turn: x=16 y=5

[avatar #0] Turn ID: 0
[avatar #0] Starting coordinates this turn: x=20 y=9

[avatar #1] Turn ID: 0
[avatar #1] Starting coordinates this turn: x=16 y=5

[avatar #0] Turn ID: 1
[avatar #0] Starting coordinates this turn: x=20 y=9

[avatar #1] Turn ID: 1
[avatar #1] Starting coordinates this turn: x=16 y=5

[avatar #0] Turn ID: 0
[avatar #0] Starting coordinates this turn: x=20 y=9

[avatar #1] Turn ID: 0
[avatar #1] Starting coordinates this turn: x=17 y=5

[avatar #0] Turn ID: 1
[avatar #0] Starting coordinates this turn: x=20 y=8

[avatar #1] Turn ID: 1
[avatar #1] Starting coordinates this turn: x=17 y=5

[avatar #0] Turn ID: 0
[avatar #0] Starting coordinates this turn: x=20 y=8

[avatar #1] Turn ID: 0
[avatar #1] Starting coordinates this turn: x=17 y=6

[avatar #0] Turn ID: 1
[avatar #0] Starting coordinates this turn: x=20 y=8

[avatar #1] Turn ID: 1
[avatar #1] Starting coordinates this turn: x=17 y=6

[avatar #0] Turn ID: 0
[avatar #0] Starting coordinates this turn: x=20 y=8

[avatar #1] Turn ID: 0
[avatar #1] Starting coordinates this turn: x=16 y=6

[avatar #0] Turn ID: 1
[avatar #0] Starting coordinates this turn: x=20 y=8

[avatar #1] Turn ID: 1
[avatar #1] Starting coordinates this turn: x=16 y=6

[avatar #0] Turn ID: 0
[avatar #0] Starting coordinates this turn: x=20 y=8

[avatar #1] Turn ID: 0
[avatar #1] Starting coordinates this turn: x=16 y=6

[avatar #0] Turn ID: 1
[avatar #0] Starting coordinates this turn: x=19 y=8

[avatar #1] Turn ID: 1
[avatar #1] Starting coordinates this turn: x=16 y=6

[avatar #0] Turn ID: 0
[avatar #0] Starting coordinates this turn: x=19 y=8

[avatar #1] Turn ID: 0
[avatar #1] Starting coordinates this turn: x=16 y=7

[avatar #0] Turn ID: 1
[avatar #0] Starting coordinates this turn: x=19 y=7

[avatar #1] Turn ID: 1
[avatar #1] Starting coordinates this turn: x=16 y=7

[avatar #0] Turn ID: 0
[avatar #0] Starting coordinates this turn: x=19 y=7

[avatar #1] Turn ID: 0
[avatar #1] Starting coordinates this turn: x=16 y=7

[avatar #0] Turn ID: 1
[avatar #0] Starting coordinates this turn: x=19 y=7

[avatar #1] Turn ID: 1
[avatar #1] Starting coordinates this turn: x=16 y=7

[avatar #0] Turn ID: 0
[avatar #0] Starting coordinates this turn: x=19 y=7

[avatar #1] Turn ID: 0
[avatar #1] Starting coordinates this turn: x=16 y=8

[avatar #0] Turn ID: 1
[avatar #0] Starting coordinates this turn: x=19 y=6

[avatar #1] Turn ID: 1
[avatar #1] Starting coordinates this turn: x=16 y=8

[avatar #1] Turn ID: 0
[avatar #1] Starting coordinates this turn: x=16 y=8

[avatar #0] Turn ID: 0
[avatar #0] Starting coordinates this turn: x=19 y=6

[avatar #0] Turn ID: 1
[avatar #0] Starting coordinates this turn: x=20 y=6

[avatar #1] Turn ID: 1
[avatar #1] Starting coordinates this turn: x=16 y=8

[avatar #0] Turn ID: 0
[avatar #0] Starting coordinates this turn: x=20 y=6

[avatar #1] Turn ID: 0
[avatar #1] Starting coordinates this turn: x=16 y=8

[avatar #0] Turn ID: 1
[avatar #0] Starting coordinates this turn: x=20 y=6

[avatar #1] Turn ID: 1
[avatar #1] Starting coordinates this turn: x=16 y=8

[avatar #0] Turn ID: 0
[avatar #0] Starting coordinates this turn: x=20 y=6

[avatar #1] Turn ID: 0
[avatar #1] Starting coordinates this turn: x=17 y=8

[avatar #0] Turn ID: 1
[avatar #0] Starting coordinates this turn: x=20 y=6

[avatar #1] Turn ID: 1
[avatar #1] Starting coordinates this turn: x=17 y=8

[avatar #0] Turn ID: 0
[avatar #0] Starting coordinates this turn: x=20 y=6

[avatar #1] Turn ID: 0
[avatar #1] Starting coordinates this turn: x=17 y=9

[avatar #0] Turn ID: 1
[avatar #0] Starting coordinates this turn: x=20 y=5

[avatar #1] Turn ID: 1
[avatar #1] Starting coordinates this turn: x=17 y=9

[avatar #0] Turn ID: 0
[avatar #0] Starting coordinates this turn: x=20 y=5

[avatar #1] Turn ID: 0
[avatar #1] Starting coordinates this turn: x=16 y=9

[avatar #0] Turn ID: 1
[avatar #0] Starting coordinates this turn: x=20 y=5

[avatar #1] Turn ID: 1
[avatar #1] Starting coordinates this turn: x=16 y=9

[avatar #0] Turn ID: 0
[avatar #0] Starting coordinates this turn: x=20 y=5

[avatar #1] Turn ID: 0
[avatar #1] Starting coordinates this turn: x=16 y=9

[avatar #0] Turn ID: 1
[avatar #0] Starting coordinates this turn: x=20 y=5

[avatar #1] Turn ID: 1
[avatar #1] Starting coordinates this turn: x=16 y=9

[avatar #0] Turn ID: 0
[avatar #0] Starting coordinates this turn: x=20 y=5

[avatar #1] Turn ID: 0
[avatar #1] Starting coordinates this turn: x=16 y=10

[avatar #0] Turn ID: 1
[avatar #0] Starting coordinates this turn: x=19 y=5

[avatar #1] Turn ID: 1
[avatar #1] Starting coordinates this turn: x=16 y=10

[avatar #0] Turn ID: 0
[avatar #0] Starting coordinates this turn: x=19 y=5

[avatar #1] Turn ID: 0
[avatar #1] Starting coordinates this turn: x=16 y=10

[avatar #0] Turn ID: 1
[avatar #0] Starting coordinates this turn: x=19 y=4

[avatar #1] Turn ID: 1
[avatar #1] Starting coordinates this turn: x=16 y=10

[avatar #0] Turn ID: 0
[avatar #0] Starting coordinates this turn: x=19 y=4

[avatar #1] Turn ID: 0
[avatar #1] Starting coordinates this turn: x=16 y=11

[avatar #0] Turn ID: 1
[avatar #0] Starting coordinates this turn: x=20 y=4

[avatar #1] Turn ID: 1
[avatar #1] Starting coordinates this turn: x=16 y=11

[avatar #0] Turn ID: 0
[avatar #0] Starting coordinates this turn: x=20 y=4

[avatar #1] Turn ID: 0
[avatar #1] Starting coordinates this turn: x=16 y=11

[avatar #0] Turn ID: 1
[avatar #0] Starting coordinates this turn: x=20 y=4

[avatar #1] Turn ID: 1
[avatar #1] Starting coordinates this turn: x=16 y=11

[avatar #0] Turn ID: 0
[avatar #0] Starting coordinates this turn: x=20 y=4

[avatar #1] Turn ID: 0
[avatar #1] Starting coordinates this turn: x=16 y=11

[avatar #0] Turn ID: 1
[avatar #0] Starting coordinates this turn: x=20 y=3

[avatar #1] Turn ID: 1
[avatar #1] Starting coordinates this turn: x=16 y=11

[avatar #0] Turn ID: 0
[avatar #0] Starting coordinates this turn: x=20 y=3

[avatar #1] Turn ID: 0
[avatar #1] Starting coordinates this turn: x=17 y=11

[avatar #0] Turn ID: 1
[avatar #0] Starting coordinates this turn: x=20 y=3

[avatar #1] Turn ID: 1
[avatar #1] Starting coordinates this turn: x=17 y=11

[avatar #0] Turn ID: 0
[avatar #0] Starting coordinates this turn: x=20 y=3

[avatar #1] Turn ID: 0
[avatar #1] Starting coordinates this turn: x=17 y=11

[avatar #0] Turn ID: 1
[avatar #0] Starting coordinates this turn: x=20 y=3

[avatar #1] Turn ID: 1
[avatar #1] Starting coordinates this turn: x=17 y=11

[avatar #0] Turn ID: 0
[avatar #0] Starting coordinates this turn: x=20 y=3

[avatar #1] Turn ID: 0
[avatar #1] Starting coordinates this turn: x=18 y=11

[avatar #0] Turn ID: 1
[avatar #0] Starting coordinates this turn: x=19 y=3

[avatar #1] Turn ID: 1
[avatar #1] Starting coordinates this turn: x=18 y=11

[avatar #1] Turn ID: 0
[avatar #1] Starting coordinates this turn: x=18 y=11

[avatar #0] Turn ID: 0
[avatar #0] Starting coordinates this turn: x=19 y=3

[avatar #0] Turn ID: 1
[avatar #0] Starting coordinates this turn: x=19 y=2

[avatar #1] Turn ID: 1
[avatar #1] Starting coordinates this turn: x=18 y=11

[avatar #0] Turn ID: 0
[avatar #0] Starting coordinates this turn: x=19 y=2

[avatar #1] Turn ID: 0
[avatar #1] Starting coordinates this turn: x=19 y=11

[avatar #0] Turn ID: 1
[avatar #0] Starting coordinates this turn: x=19 y=2

[avatar #1] Turn ID: 1
[avatar #1] Starting coordinates this turn: x=19 y=11

[avatar #0] Turn ID: 0
[avatar #0] Starting coordinates this turn: x=19 y=2

[avatar #1] Turn ID: 0
[avatar #1] Starting coordinates this turn: x=19 y=12

[avatar #0] Turn ID: 1
[avatar #0] Starting coordinates this turn: x=19 y=2

[avatar #1] Turn ID: 1
[avatar #1] Starting coordinates this turn: x=19 y=12

[avatar #0] Turn ID: 0
[avatar #0] Starting coordinates this turn: x=19 y=2

[avatar #1] Turn ID: 0
[avatar #1] Starting coordinates this turn: x=18 y=12

[avatar #0] Turn ID: 1
[avatar #0] Starting coordinates this turn: x=18 y=2

[avatar #1] Turn ID: 1
[avatar #1] Starting coordinates this turn: x=18 y=12

[avatar #0] Turn ID: 0
[avatar #0] Starting coordinates this turn: x=18 y=2

[avatar #1] Turn ID: 0
[avatar #1] Starting coordinates this turn: x=17 y=12

[avatar #0] Turn ID: 1
[avatar #0] Starting coordinates this turn: x=18 y=1

[avatar #1] Turn ID: 1
[avatar #1] Starting coordinates this turn: x=17 y=12

[avatar #1] Turn ID: 0
[avatar #1] Starting coordinates this turn: x=17 y=12

[avatar #0] Turn ID: 0
[avatar #0] Starting coordinates this turn: x=18 y=1

[avatar #0] Turn ID: 1
[avatar #0] Starting coordinates this turn: x=18 y=1

[avatar #1] Turn ID: 1
[avatar #1] Starting coordinates this turn: x=17 y=12

[avatar #0] Turn ID: 0
[avatar #0] Starting coordinates this turn: x=18 y=1

[avatar #1] Turn ID: 0
[avatar #1] Starting coordinates this turn: x=17 y=13

[avatar #0] Turn ID: 1
[avatar #0] Starting coordinates this turn: x=18 y=0

[avatar #1] Turn ID: 1
[avatar #1] Starting coordinates this turn: x=17 y=13

[avatar #0] Turn ID: 0
[avatar #0] Starting coordinates this turn: x=18 y=0

[avatar #1] Turn ID: 0
[avatar #1] Starting coordinates this turn: x=16 y=13

[avatar #0] Turn ID: 1
[avatar #0] Starting coordinates this turn: x=19 y=0

[avatar #1] Turn ID: 1
[avatar #1] Starting coordinates this turn: x=16 y=13

[avatar #0] Turn ID: 0
[avatar #0] Starting coordinates this turn: x=19 y=0

[avatar #1] Turn ID: 0
[avatar #1] Starting coordinates this turn: x=16 y=13

[avatar #0] Turn ID: 1
[avatar #0] Starting coordinates this turn: x=19 y=0

[avatar #1] Turn ID: 1
[avatar #1] Starting coordinates this turn: x=16 y=13

[avatar #0] Turn ID: 0
[avatar #0] Starting coordinates this turn: x=19 y=0

[avatar #1] Turn ID: 0
[avatar #1] Starting coordinates this turn: x=16 y=13

[avatar #0] Turn ID: 1
[avatar #0] Starting coordinates this turn: x=20 y=0

[avatar #1] Turn ID: 1
[avatar #1] Starting coordinates this turn: x=16 y=13

[avatar #1] Turn ID: 0
[avatar #1] Starting coordinates this turn: x=16 y=14

[avatar #0] Turn ID: 0
[avatar #0] Starting coordinates this turn: x=20 y=0

[avatar #0] Turn ID: 1
[avatar #0] Starting coordinates this turn: x=20 y=1

[avatar #1] Turn ID: 1
[avatar #1] Starting coordinates this turn: x=16 y=14

[avatar #0] Turn ID: 0
[avatar #0] Starting coordinates this turn: x=20 y=1

[avatar #1] Turn ID: 0
[avatar #1] Starting coordinates this turn: x=16 y=14

[avatar #0] Turn ID: 1
[avatar #0] Starting coordinates this turn: x=19 y=1

[avatar #1] Turn ID: 1
[avatar #1] Starting coordinates this turn: x=16 y=14

[avatar #1] Turn ID: 0
[avatar #1] Starting coordinates this turn: x=16 y=14

[avatar #0] Turn ID: 0
[avatar #0] Starting coordinates this turn: x=19 y=1

[avatar #0] Turn ID: 1
[avatar #0] Starting coordinates this turn: x=20 y=1

[avatar #1] Turn ID: 1
[avatar #1] Starting coordinates this turn: x=16 y=14

[avatar #0] Turn ID: 0
[avatar #0] Starting coordinates this turn: x=20 y=1

[avatar #1] Turn ID: 0
[avatar #1] Starting coordinates this turn: x=17 y=14

[avatar #0] Turn ID: 1
[avatar #0] Starting coordinates this turn: x=20 y=2

[avatar #1] Turn ID: 1
[avatar #1] Starting coordinates this turn: x=17 y=14

[avatar #1] Turn ID: 0
[avatar #1] Starting coordinates this turn: x=17 y=14

[avatar #0] Turn ID: 0
[avatar #0] Starting coordinates this turn: x=20 y=2

[avatar #0] Turn ID: 1
[avatar #0] Starting coordinates this turn: x=21 y=2

[avatar #1] Turn ID: 1
[avatar #1] Starting coordinates this turn: x=17 y=14

[avatar #0] Turn ID: 0
[avatar #0] Starting coordinates this turn: x=21 y=2

[avatar #1] Turn ID: 0
[avatar #1] Starting coordinates this turn: x=18 y=14

[avatar #0] Turn ID: 1
[avatar #0] Starting coordinates this turn: x=21 y=2

[avatar #1] Turn ID: 1
[avatar #1] Starting coordinates this turn: x=18 y=14

[avatar #0] Turn ID: 0
[avatar #0] Starting coordinates this turn: x=21 y=2

[avatar #1] Turn ID: 0
[avatar #1] Starting coordinates this turn: x=18 y=15

[avatar #0] Turn ID: 1
[avatar #0] Starting coordinates this turn: x=22 y=2

[avatar #1] Turn ID: 1
[avatar #1] Starting coordinates this turn: x=18 y=15

[avatar #0] Turn ID: 0
[avatar #0] Starting coordinates this turn: x=22 y=2

[avatar #1] Turn ID: 0
[avatar #1] Starting coordinates this turn: x=18 y=15

[avatar #0] Turn ID: 1
[avatar #0] Starting coordinates this turn: x=22 y=2

[avatar #1] Turn ID: 1
[avatar #1] Starting coordinates this turn: x=18 y=15

[avatar #0] Turn ID: 0
[avatar #0] Starting coordinates this turn: x=22 y=2

[avatar #1] Turn ID: 0
[avatar #1] Starting coordinates this turn: x=18 y=16

[avatar #0] Turn ID: 1
[avatar #0] Starting coordinates this turn: x=22 y=2

[avatar #1] Turn ID: 1
[avatar #1] Starting coordinates this turn: x=18 y=16

[avatar #0] Turn ID: 0
[avatar #0] Starting coordinates this turn: x=22 y=2

[avatar #1] Turn ID: 0
[avatar #1] Starting coordinates this turn: x=18 y=16

[avatar #0] Turn ID: 1
[avatar #0] Starting coordinates this turn: x=22 y=1

[avatar #1] Turn ID: 1
[avatar #1] Starting coordinates this turn: x=18 y=16

[avatar #0] Turn ID: 0
[avatar #0] Starting coordinates this turn: x=22 y=1

[avatar #1] Turn ID: 0
[avatar #1] Starting coordinates this turn: x=18 y=16

[avatar #0] Turn ID: 1
[avatar #0] Starting coordinates this turn: x=23 y=1

[avatar #1] Turn ID: 1
[avatar #1] Starting coordinates this turn: x=18 y=16

[avatar #0] Turn ID: 0
[avatar #0] Starting coordinates this turn: x=23 y=1

[avatar #1] Turn ID: 0
[avatar #1] Starting coordinates this turn: x=19 y=16

[avatar #0] Turn ID: 1
[avatar #0] Starting coordinates this turn: x=23 y=1

[avatar #1] Turn ID: 1
[avatar #1] Starting coordinates this turn: x=19 y=16

[avatar #0] Turn ID: 0
[avatar #0] Starting coordinates this turn: x=23 y=1

[avatar #1] Turn ID: 0
[avatar #1] Starting coordinates this turn: x=19 y=17

[avatar #0] Turn ID: 1
[avatar #0] Starting coordinates this turn: x=24 y=1

[avatar #1] Turn ID: 1
[avatar #1] Starting coordinates this turn: x=19 y=17

[avatar #0] Turn ID: 0
[avatar #0] Starting coordinates this turn: x=24 y=1

[avatar #1] Turn ID: 0
[avatar #1] Starting coordinates this turn: x=19 y=17

[avatar #0] Turn ID: 1
[avatar #0] Starting coordinates this turn: x=24 y=2

[avatar #1] Turn ID: 1
[avatar #1] Starting coordinates this turn: x=19 y=17

[avatar #0] Turn ID: 0
[avatar #0] Starting coordinates this turn: x=24 y=2

[avatar #1] Turn ID: 0
[avatar #1] Starting coordinates this turn: x=19 y=18

[avatar #0] Turn ID: 1
[avatar #0] Starting coordinates this turn: x=23 y=2

[avatar #1] Turn ID: 1
[avatar #1] Starting coordinates this turn: x=19 y=18

[avatar #0] Turn ID: 0
[avatar #0] Starting coordinates this turn: x=23 y=2

[avatar #1] Turn ID: 0
[avatar #1] Starting coordinates this turn: x=19 y=18

[avatar #0] Turn ID: 1
[avatar #0] Starting coordinates this turn: x=23 y=3

[avatar #1] Turn ID: 1
[avatar #1] Starting coordinates this turn: x=19 y=18

[avatar #0] Turn ID: 0
[avatar #0] Starting coordinates this turn: x=23 y=3

[avatar #1] Turn ID: 0
[avatar #1] Starting coordinates this turn: x=19 y=19

[avatar #0] Turn ID: 1
[avatar #0] Starting coordinates this turn: x=22 y=3

[avatar #1] Turn ID: 1
[avatar #1] Starting coordinates this turn: x=19 y=19

[avatar #0] Turn ID: 0
[avatar #0] Starting coordinates this turn: x=22 y=3

[avatar #1] Turn ID: 0
[avatar #1] Starting coordinates this turn: x=18 y=19

[avatar #0] Turn ID: 1
[avatar #0] Starting coordinates this turn: x=22 y=3

[avatar #1] Turn ID: 1
[avatar #1] Starting coordinates this turn: x=18 y=19

[avatar #0] Turn ID: 0
[avatar #0] Starting coordinates this turn: x=22 y=3

[avatar #1] Turn ID: 0
[avatar #1] Starting coordinates this turn: x=18 y=19

[avatar #0] Turn ID: 1
[avatar #0] Starting coordinates this turn: x=22 y=4

[avatar #1] Turn ID: 1
[avatar #1] Starting coordinates this turn: x=18 y=19

[avatar #0] Turn ID: 0
[avatar #0] Starting coordinates this turn: x=22 y=4

[avatar #1] Turn ID: 0
[avatar #1] Starting coordinates this turn: x=17 y=19

[avatar #0] Turn ID: 1
[avatar #0] Starting coordinates this turn: x=22 y=4

[avatar #1] Turn ID: 1
[avatar #1] Starting coordinates this turn: x=17 y=19

[avatar #0] Turn ID: 0
[avatar #0] Starting coordinates this turn: x=22 y=4

[avatar #1] Turn ID: 0
[avatar #1] Starting coordinates this turn: x=17 y=19

[avatar #0] Turn ID: 1
[avatar #0] Starting coordinates this turn: x=22 y=4

[avatar #1] Turn ID: 1
[avatar #1] Starting coordinates this turn: x=17 y=19

[avatar #0] Turn ID: 0
[avatar #0] Starting coordinates this turn: x=22 y=4

[avatar #1] Turn ID: 0
[avatar #1] Starting coordinates this turn: x=16 y=19

[avatar #0] Turn ID: 1
[avatar #0] Starting coordinates this turn: x=23 y=4

[avatar #1] Turn ID: 1
[avatar #1] Starting coordinates this turn: x=16 y=19

[avatar #0] Turn ID: 0
[avatar #0] Starting coordinates this turn: x=23 y=4

[avatar #1] Turn ID: 0
[avatar #1] Starting coordinates this turn: x=16 y=18

[avatar #0] Turn ID: 1
[avatar #0] Starting coordinates this turn: x=23 y=5

[avatar #1] Turn ID: 1
[avatar #1] Starting coordinates this turn: x=16 y=18

[avatar #1] Turn ID: 0
[avatar #1] Starting coordinates this turn: x=16 y=18

[avatar #0] Turn ID: 0
[avatar #0] Starting coordinates this turn: x=23 y=5

[avatar #0] Turn ID: 1
[avatar #0] Starting coordinates this turn: x=22 y=5

[avatar #1] Turn ID: 1
[avatar #1] Starting coordinates this turn: x=16 y=18

[avatar #0] Turn ID: 0
[avatar #0] Starting coordinates this turn: x=22 y=5

[avatar #1] Turn ID: 0
[avatar #1] Starting coordinates this turn: x=16 y=17

[avatar #0] Turn ID: 1
[avatar #0] Starting coordinates this turn: x=22 y=5

[avatar #1] Turn ID: 1
[avatar #1] Starting coordinates this turn: x=16 y=17

[avatar #0] Turn ID: 0
[avatar #0] Starting coordinates this turn: x=22 y=5

[avatar #1] Turn ID: 0
[avatar #1] Starting coordinates this turn: x=16 y=17

[avatar #0] Turn ID: 1
[avatar #0] Starting coordinates this turn: x=22 y=6

[avatar #1] Turn ID: 1
[avatar #1] Starting coordinates this turn: x=16 y=17

[avatar #0] Turn ID: 0
[avatar #0] Starting coordinates this turn: x=22 y=6

[avatar #1] Turn ID: 0
[avatar #1] Starting coordinates this turn: x=16 y=16

[avatar #0] Turn ID: 1
[avatar #0] Starting coordinates this turn: x=22 y=6

[avatar #1] Turn ID: 1
[avatar #1] Starting coordinates this turn: x=16 y=16

[avatar #0] Turn ID: 0
[avatar #0] Starting coordinates this turn: x=22 y=6

[avatar #1] Turn ID: 0
[avatar #1] Starting coordinates this turn: x=16 y=16

[avatar #0] Turn ID: 1
[avatar #0] Starting coordinates this turn: x=22 y=6

[avatar #1] Turn ID: 1
[avatar #1] Starting coordinates this turn: x=16 y=16

[avatar #0] Turn ID: 0
[avatar #0] Starting coordinates this turn: x=22 y=6

[avatar #1] Turn ID: 0
[avatar #1] Starting coordinates this turn: x=16 y=15

[avatar #0] Turn ID: 1
[avatar #0] Starting coordinates this turn: x=23 y=6

[avatar #1] Turn ID: 1
[avatar #1] Starting coordinates this turn: x=16 y=15

[avatar #0] Turn ID: 0
[avatar #0] Starting coordinates this turn: x=23 y=6

[avatar #1] Turn ID: 0
[avatar #1] Starting coordinates this turn: x=17 y=15

[avatar #0] Turn ID: 1
[avatar #0] Starting coordinates this turn: x=23 y=6

[avatar #1] Turn ID: 1
[avatar #1] Starting coordinates this turn: x=17 y=15

[avatar #0] Turn ID: 0
[avatar #0] Starting coordinates this turn: x=23 y=6

[avatar #1] Turn ID: 0
[avatar #1] Starting coordinates this turn: x=17 y=16

[avatar #0] Turn ID: 1
[avatar #0] Starting coordinates this turn: x=24 y=6

[avatar #1] Turn ID: 1
[avatar #1] Starting coordinates this turn: x=17 y=16

[avatar #0] Turn ID: 0
[avatar #0] Starting coordinates this turn: x=24 y=6

[avatar #1] Turn ID: 0
[avatar #1] Starting coordinates this turn: x=17 y=17

[avatar #0] Turn ID: 1
[avatar #0] Starting coordinates this turn: x=24 y=7

[avatar #1] Turn ID: 1
[avatar #1] Starting coordinates this turn: x=17 y=17

[avatar #0] Turn ID: 0
[avatar #0] Starting coordinates this turn: x=24 y=7

[avatar #1] Turn ID: 0
[avatar #1] Starting coordinates this turn: x=17 y=17

[avatar #0] Turn ID: 1
[avatar #0] Starting coordinates this turn: x=24 y=7

[avatar #1] Turn ID: 1
[avatar #1] Starting coordinates this turn: x=17 y=17

[avatar #0] Turn ID: 0
[avatar #0] Starting coordinates this turn: x=24 y=7

[avatar #1] Turn ID: 0
[avatar #1] Starting coordinates this turn: x=18 y=17

[avatar #0] Turn ID: 1
[avatar #0] Starting coordinates this turn: x=24 y=8

[avatar #1] Turn ID: 1
[avatar #1] Starting coordinates this turn: x=18 y=17

[avatar #0] Turn ID: 0
[avatar #0] Starting coordinates this turn: x=24 y=8

[avatar #1] Turn ID: 0
[avatar #1] Starting coordinates this turn: x=18 y=18

[avatar #0] Turn ID: 1
[avatar #0] Starting coordinates this turn: x=24 y=8

[avatar #1] Turn ID: 1
[avatar #1] Starting coordinates this turn: x=18 y=18

[avatar #0] Turn ID: 0
[avatar #0] Starting coordinates this turn: x=24 y=8

[avatar #1] Turn ID: 0
[avatar #1] Starting coordinates this turn: x=17 y=18

[avatar #0] Turn ID: 1
[avatar #0] Starting coordinates this turn: x=24 y=9

[avatar #1] Turn ID: 1
[avatar #1] Starting coordinates this turn: x=17 y=18

[avatar #0] Turn ID: 0
[avatar #0] Starting coordinates this turn: x=24 y=9

[avatar #1] Turn ID: 0
[avatar #1] Starting coordinates this turn: x=18 y=18

[avatar #0] Turn ID: 1
[avatar #0] Starting coordinates this turn: x=23 y=9

[avatar #1] Turn ID: 1
[avatar #1] Starting coordinates this turn: x=18 y=18

[avatar #0] Turn ID: 0
[avatar #0] Starting coordinates this turn: x=23 y=9

[avatar #1] Turn ID: 0
[avatar #1] Starting coordinates this turn: x=18 y=17

[avatar #0] Turn ID: 1
[avatar #0] Starting coordinates this turn: x=23 y=8

[avatar #1] Turn ID: 1
[avatar #1] Starting coordinates this turn: x=18 y=17

[avatar #0] Turn ID: 0
[avatar #0] Starting coordinates this turn: x=23 y=8

[avatar #1] Turn ID: 0
[avatar #1] Starting coordinates this turn: x=17 y=17

[avatar #0] Turn ID: 1
[avatar #0] Starting coordinates this turn: x=23 y=7

[avatar #1] Turn ID: 1
[avatar #1] Starting coordinates this turn: x=17 y=17

[avatar #0] Turn ID: 0
[avatar #0] Starting coordinates this turn: x=23 y=7

[avatar #1] Turn ID: 0
[avatar #1] Starting coordinates this turn: x=17 y=16

[avatar #0] Turn ID: 1
[avatar #0] Starting coordinates this turn: x=22 y=7

[avatar #1] Turn ID: 1
[avatar #1] Starting coordinates this turn: x=17 y=16

[avatar #0] Turn ID: 0
[avatar #0] Starting coordinates this turn: x=22 y=7

[avatar #1] Turn ID: 0
[avatar #1] Starting coordinates this turn: x=17 y=15

[avatar #0] Turn ID: 1
[avatar #0] Starting coordinates this turn: x=21 y=7

[avatar #1] Turn ID: 1
[avatar #1] Starting coordinates this turn: x=17 y=15

[avatar #0] Turn ID: 0
[avatar #0] Starting coordinates this turn: x=21 y=7

[avatar #1] Turn ID: 0
[avatar #1] Starting coordinates this turn: x=16 y=15

[avatar #0] Turn ID: 1
[avatar #0] Starting coordinates this turn: x=21 y=6

[avatar #1] Turn ID: 1
[avatar #1] Starting coordinates this turn: x=16 y=15

[avatar #0] Turn ID: 0
[avatar #0] Starting coordinates this turn: x=21 y=6

[avatar #1] Turn ID: 0
[avatar #1] Starting coordinates this turn: x=15 y=15

[avatar #0] Turn ID: 1
[avatar #0] Starting coordinates this turn: x=21 y=5

[avatar #1] Turn ID: 1
[avatar #1] Starting coordinates this turn: x=15 y=15

[avatar #1] Turn ID: 0
[avatar #1] Starting coordinates this turn: x=15 y=14

[avatar #0] Turn ID: 0
[avatar #0] Starting coordinates this turn: x=21 y=5

[avatar #0] Turn ID: 1
[avatar #0] Starting coordinates this turn: x=21 y=4

[avatar #1] Turn ID: 1
[avatar #1] Starting coordinates this turn: x=15 y=14

[avatar #0] Turn ID: 0
[avatar #0] Starting coordinates this turn: x=21 y=4

[avatar #1] Turn ID: 0
[avatar #1] Starting coordinates this turn: x=15 y=14

[avatar #0] Turn ID: 1
[avatar #0] Starting coordinates this turn: x=21 y=3

[avatar #1] Turn ID: 1
[avatar #1] Starting coordinates this turn: x=15 y=14

[avatar #0] Turn ID: 0
[avatar #0] Starting coordinates this turn: x=21 y=3

[avatar #1] Turn ID: 0
[avatar #1] Starting coordinates this turn: x=14 y=14

[avatar #0] Turn ID: 1
[avatar #0] Starting coordinates this turn: x=21 y=4

[avatar #1] Turn ID: 1
[avatar #1] Starting coordinates this turn: x=14 y=14

[avatar #0] Turn ID: 0
[avatar #0] Starting coordinates this turn: x=21 y=4

[avatar #1] Turn ID: 0
[avatar #1] Starting coordinates this turn: x=14 y=13

[avatar #0] Turn ID: 1
[avatar #0] Starting coordinates this turn: x=21 y=5

[avatar #1] Turn ID: 1
[avatar #1] Starting coordinates this turn: x=14 y=13

[avatar #0] Turn ID: 0
[avatar #0] Starting coordinates this turn: x=21 y=5

[avatar #1] Turn ID: 0
[avatar #1] Starting coordinates this turn: x=14 y=13

[avatar #0] Turn ID: 1
[avatar #0] Starting coordinates this turn: x=21 y=6

[avatar #1] Turn ID: 1
[avatar #1] Starting coordinates this turn: x=14 y=13

[avatar #0] Turn ID: 0
[avatar #0] Starting coordinates this turn: x=21 y=6

[avatar #1] Turn ID: 0
[avatar #1] Starting coordinates this turn: x=14 y=12

[avatar #0] Turn ID: 1
[avatar #0] Starting coordinates this turn: x=21 y=7

[avatar #1] Turn ID: 1
[avatar #1] Starting coordinates this turn: x=14 y=12

[avatar #0] Turn ID: 0
[avatar #0] Starting coordinates this turn: x=21 y=7

[avatar #1] Turn ID: 0
[avatar #1] Starting coordinates this turn: x=15 y=12

[avatar #0] Turn ID: 1
[avatar #0] Starting coordinates this turn: x=20 y=7

[avatar #1] Turn ID: 1
[avatar #1] Starting coordinates this turn: x=15 y=12

[avatar #0] Turn ID: 0
[avatar #0] Starting coordinates this turn: x=20 y=7

[avatar #1] Turn ID: 0
[avatar #1] Starting coordinates this turn: x=15 y=13

[avatar #0] Turn ID: 1
[avatar #0] Starting coordinates this turn: x=21 y=7

[avatar #1] Turn ID: 1
[avatar #1] Starting coordinates this turn: x=15 y=13

[avatar #0] Turn ID: 0
[avatar #0] Starting coordinates this turn: x=21 y=7

[avatar #1] Turn ID: 0
[avatar #1] Starting coordinates this turn: x=15 y=12

[avatar #0] Turn ID: 1
[avatar #0] Starting coordinates this turn: x=21 y=8

[avatar #1] Turn ID: 1
[avatar #1] Starting coordinates this turn: x=15 y=12

[avatar #0] Turn ID: 0
[avatar #0] Starting coordinates this turn: x=21 y=8

[avatar #1] Turn ID: 0
[avatar #1] Starting coordinates this turn: x=16 y=12

[avatar #0] Turn ID: 1
[avatar #0] Starting coordinates this turn: x=21 y=9

[avatar #1] Turn ID: 1
[avatar #1] Starting coordinates this turn: x=16 y=12

[avatar #0] Turn ID: 0
[avatar #0] Starting coordinates this turn: x=21 y=9

[avatar #1] Turn ID: 0
[avatar #1] Starting coordinates this turn: x=15 y=12

[avatar #0] Turn ID: 1
[avatar #0] Starting coordinates this turn: x=21 y=9

[avatar #1] Turn ID: 1
[avatar #1] Starting coordinates this turn: x=15 y=12

[avatar #0] Turn ID: 0
[avatar #0] Starting coordinates this turn: x=21 y=9

[avatar #1] Turn ID: 0
[avatar #1] Starting coordinates this turn: x=15 y=11

[avatar #0] Turn ID: 1
[avatar #0] Starting coordinates this turn: x=22 y=9

[avatar #1] Turn ID: 1
[avatar #1] Starting coordinates this turn: x=15 y=11

[avatar #0] Turn ID: 0
[avatar #0] Starting coordinates this turn: x=22 y=9

[avatar #1] Turn ID: 0
[avatar #1] Starting coordinates this turn: x=15 y=10

[avatar #0] Turn ID: 1
[avatar #0] Starting coordinates this turn: x=22 y=10

[avatar #1] Turn ID: 1
[avatar #1] Starting coordinates this turn: x=15 y=10

[avatar #0] Turn ID: 0
[avatar #0] Starting coordinates this turn: x=22 y=10

[avatar #1] Turn ID: 0
[avatar #1] Starting coordinates this turn: x=15 y=9

[avatar #0] Turn ID: 1
[avatar #0] Starting coordinates this turn: x=21 y=10

[avatar #1] Turn ID: 1
[avatar #1] Starting coordinates this turn: x=15 y=9

[avatar #0] Turn ID: 0
[avatar #0] Starting coordinates this turn: x=21 y=10

[avatar #1] Turn ID: 0
[avatar #1] Starting coordinates this turn: x=15 y=8

[avatar #0] Turn ID: 1
[avatar #0] Starting coordinates this turn: x=21 y=11

[avatar #1] Turn ID: 1
[avatar #1] Starting coordinates this turn: x=15 y=8

[avatar #0] Turn ID: 0
[avatar #0] Starting coordinates this turn: x=21 y=11

[avatar #1] Turn ID: 0
[avatar #1] Starting coordinates this turn: x=15 y=8

[avatar #0] Turn ID: 1
[avatar #0] Starting coordinates this turn: x=21 y=11

[avatar #1] Turn ID: 1
[avatar #1] Starting coordinates this turn: x=15 y=8

[avatar #0] Turn ID: 0
[avatar #0] Starting coordinates this turn: x=21 y=11

[avatar #1] Turn ID: 0
[avatar #1] Starting coordinates this turn: x=15 y=8

[avatar #0] Turn ID: 1
[avatar #0] Starting coordinates this turn: x=22 y=11

[avatar #1] Turn ID: 1
[avatar #1] Starting coordinates this turn: x=15 y=8

[avatar #0] Turn ID: 0
[avatar #0] Starting coordinates this turn: x=22 y=11

[avatar #1] Turn ID: 0
[avatar #1] Starting coordinates this turn: x=15 y=9

[avatar #0] Turn ID: 1
[avatar #0] Starting coordinates this turn: x=22 y=11

[avatar #1] Turn ID: 1
[avatar #1] Starting coordinates this turn: x=15 y=9

[avatar #0] Turn ID: 0
[avatar #0] Starting coordinates this turn: x=22 y=11

[avatar #1] Turn ID: 0
[avatar #1] Starting coordinates this turn: x=15 y=9

[avatar #0] Turn ID: 1
[avatar #0] Starting coordinates this turn: x=23 y=11

[avatar #1] Turn ID: 1
[avatar #1] Starting coordinates this turn: x=15 y=9

[avatar #0] Turn ID: 0
[avatar #0] Starting coordinates this turn: x=23 y=11

[avatar #1] Turn ID: 0
[avatar #1] Starting coordinates this turn: x=15 y=10

[avatar #0] Turn ID: 1
[avatar #0] Starting coordinates this turn: x=23 y=11

[avatar #1] Turn ID: 1
[avatar #1] Starting coordinates this turn: x=15 y=10

[avatar #0] Turn ID: 0
[avatar #0] Starting coordinates this turn: x=23 y=11

[avatar #1] Turn ID: 0
[avatar #1] Starting coordinates this turn: x=15 y=10

[avatar #0] Turn ID: 1
[avatar #0] Starting coordinates this turn: x=23 y=11

[avatar #1] Turn ID: 1
[avatar #1] Starting coordinates this turn: x=15 y=10

[avatar #0] Turn ID: 0
[avatar #0] Starting coordinates this turn: x=23 y=11

[avatar #1] Turn ID: 0
[avatar #1] Starting coordinates this turn: x=15 y=11

[avatar #0] Turn ID: 1
[avatar #0] Starting coordinates this turn: x=23 y=10

[avatar #1] Turn ID: 1
[avatar #1] Starting coordinates this turn: x=15 y=11

[avatar #0] Turn ID: 0
[avatar #0] Starting coordinates this turn: x=23 y=10

[avatar #1] Turn ID: 0
[avatar #1] Starting coordinates this turn: x=14 y=11

[avatar #0] Turn ID: 1
[avatar #0] Starting coordinates this turn: x=24 y=10

[avatar #1] Turn ID: 1
[avatar #1] Starting coordinates this turn: x=14 y=11

[avatar #0] Turn ID: 0
[avatar #0] Starting coordinates this turn: x=24 y=10

[avatar #1] Turn ID: 0
[avatar #1] Starting coordinates this turn: x=14 y=11

[avatar #0] Turn ID: 1
[avatar #0] Starting coordinates this turn: x=24 y=11

[avatar #1] Turn ID: 1
[avatar #1] Starting coordinates this turn: x=14 y=11

[avatar #0] Turn ID: 0
[avatar #0] Starting coordinates this turn: x=24 y=11

[avatar #1] Turn ID: 0
[avatar #1] Starting coordinates this turn: x=13 y=11

[avatar #0] Turn ID: 1
[avatar #0] Starting coordinates this turn: x=24 y=12

[avatar #1] Turn ID: 1
[avatar #1] Starting coordinates this turn: x=13 y=11

[avatar #0] Turn ID: 0
[avatar #0] Starting coordinates this turn: x=24 y=12

[avatar #1] Turn ID: 0
[avatar #1] Starting coordinates this turn: x=13 y=11

[avatar #0] Turn ID: 1
[avatar #0] Starting coordinates this turn: x=24 y=12

[avatar #1] Turn ID: 1
[avatar #1] Starting coordinates this turn: x=13 y=11

[avatar #1] Turn ID: 0
[avatar #1] Starting coordinates this turn: x=12 y=11

[avatar #0] Turn ID: 0
[avatar #0] Starting coordinates this turn: x=24 y=12

[avatar #0] Turn ID: 1
[avatar #0] Starting coordinates this turn: x=24 y=13

[avatar #1] Turn ID: 1
[avatar #1] Starting coordinates this turn: x=12 y=11

[avatar #0] Turn ID: 0
[avatar #0] Starting coordinates this turn: x=24 y=13

[avatar #1] Turn ID: 0
[avatar #1] Starting coordinates this turn: x=12 y=11

[avatar #0] Turn ID: 1
[avatar #0] Starting coordinates this turn: x=23 y=13

[avatar #1] Turn ID: 1
[avatar #1] Starting coordinates this turn: x=12 y=11

[avatar #0] Turn ID: 0
[avatar #0] Starting coordinates this turn: x=23 y=13

[avatar #1] Turn ID: 0
[avatar #1] Starting coordinates this turn: x=12 y=11

[avatar #0] Turn ID: 1
[avatar #0] Starting coordinates this turn: x=23 y=13

[avatar #1] Turn ID: 1
[avatar #1] Starting coordinates this turn: x=12 y=11

[avatar #0] Turn ID: 0
[avatar #0] Starting coordinates this turn: x=23 y=13

[avatar #1] Turn ID: 0
[avatar #1] Starting coordinates this turn: x=12 y=12

[avatar #0] Turn ID: 1
[avatar #0] Starting coordinates this turn: x=22 y=13

[avatar #1] Turn ID: 1
[avatar #1] Starting coordinates this turn: x=12 y=12

[avatar #0] Turn ID: 0
[avatar #0] Starting coordinates this turn: x=22 y=13

[avatar #1] Turn ID: 0
[avatar #1] Starting coordinates this turn: x=11 y=12

[avatar #0] Turn ID: 1
[avatar #0] Starting coordinates this turn: x=22 y=12

[avatar #1] Turn ID: 1
[avatar #1] Starting coordinates this turn: x=11 y=12

[avatar #0] Turn ID: 0
[avatar #0] Starting coordinates this turn: x=22 y=12

[avatar #1] Turn ID: 0
[avatar #1] Starting coordinates this turn: x=11 y=11

[avatar #0] Turn ID: 1
[avatar #0] Starting coordinates this turn: x=23 y=12

[avatar #1] Turn ID: 1
[avatar #1] Starting coordinates this turn: x=11 y=11

[avatar #0] Turn ID: 0
[avatar #0] Starting coordinates this turn: x=23 y=12

[avatar #1] Turn ID: 0
[avatar #1] Starting coordinates this turn: x=11 y=10

[avatar #0] Turn ID: 1
[avatar #0] Starting coordinates this turn: x=22 y=12

[avatar #1] Turn ID: 1
[avatar #1] Starting coordinates this turn: x=11 y=10

[avatar #0] Turn ID: 0
[avatar #0] Starting coordinates this turn: x=22 y=12

[avatar #1] Turn ID: 0
[avatar #1] Starting coordinates this turn: x=11 y=10

[avatar #0] Turn ID: 1
[avatar #0] Starting coordinates this turn: x=22 y=12

[avatar #1] Turn ID: 1
[avatar #1] Starting coordinates this turn: x=11 y=10

[avatar #0] Turn ID: 0
[avatar #0] Starting coordinates this turn: x=22 y=12

[avatar #1] Turn ID: 0
[avatar #1] Starting coordinates this turn: x=11 y=10

[avatar #0] Turn ID: 1
[avatar #0] Starting coordinates this turn: x=22 y=13

[avatar #1] Turn ID: 1
[avatar #1] Starting coordinates this turn: x=11 y=10

[avatar #0] Turn ID: 0
[avatar #0] Starting coordinates this turn: x=22 y=13

[avatar #1] Turn ID: 0
[avatar #1] Starting coordinates this turn: x=10 y=10

[avatar #0] Turn ID: 1
[avatar #0] Starting coordinates this turn: x=22 y=13

[avatar #1] Turn ID: 1
[avatar #1] Starting coordinates this turn: x=10 y=10

[avatar #0] Turn ID: 0
[avatar #0] Starting coordinates this turn: x=22 y=13

[avatar #1] Turn ID: 0
[avatar #1] Starting coordinates this turn: x=10 y=10

[avatar #0] Turn ID: 1
[avatar #0] Starting coordinates this turn: x=22 y=13

[avatar #1] Turn ID: 1
[avatar #1] Starting coordinates this turn: x=10 y=10

[avatar #0] Turn ID: 0
[avatar #0] Starting coordinates this turn: x=22 y=13

[avatar #1] Turn ID: 0
[avatar #1] Starting coordinates this turn: x=10 y=10

[avatar #0] Turn ID: 1
[avatar #0] Starting coordinates this turn: x=23 y=13

[avatar #1] Turn ID: 1
[avatar #1] Starting coordinates this turn: x=10 y=10

[avatar #0] Turn ID: 0
[avatar #0] Starting coordinates this turn: x=23 y=13

[avatar #1] Turn ID: 0
[avatar #1] Starting coordinates this turn: x=10 y=11

[avatar #0] Turn ID: 1
[avatar #0] Starting coordinates this turn: x=23 y=13

[avatar #1] Turn ID: 1
[avatar #1] Starting coordinates this turn: x=10 y=11

[avatar #0] Turn ID: 0
[avatar #0] Starting coordinates this turn: x=23 y=13

[avatar #1] Turn ID: 0
[avatar #1] Starting coordinates this turn: x=10 y=11

[avatar #0] Turn ID: 1
[avatar #0] Starting coordinates this turn: x=24 y=13

[avatar #1] Turn ID: 1
[avatar #1] Starting coordinates this turn: x=10 y=11

[avatar #0] Turn ID: 0
[avatar #0] Starting coordinates this turn: x=24 y=13

[avatar #1] Turn ID: 0
[avatar #1] Starting coordinates this turn: x=10 y=12

[avatar #0] Turn ID: 1
[avatar #0] Starting coordinates this turn: x=24 y=13

[avatar #1] Turn ID: 1
[avatar #1] Starting coordinates this turn: x=10 y=12

[avatar #1] Turn ID: 0
[avatar #1] Starting coordinates this turn: x=10 y=12

[avatar #0] Turn ID: 0
[avatar #0] Starting coordinates this turn: x=24 y=13

[avatar #0] Turn ID: 1
[avatar #0] Starting coordinates this turn: x=24 y=12

[avatar #1] Turn ID: 1
[avatar #1] Starting coordinates this turn: x=10 y=12

[avatar #1] Turn ID: 0
[avatar #1] Starting coordinates this turn: x=10 y=12

[avatar #0] Turn ID: 0
[avatar #0] Starting coordinates this turn: x=24 y=12

[avatar #0] Turn ID: 1
[avatar #0] Starting coordinates this turn: x=24 y=11

[avatar #1] Turn ID: 1
[avatar #1] Starting coordinates this turn: x=10 y=12

[avatar #1] Turn ID: 0
[avatar #1] Starting coordinates this turn: x=10 y=12

[avatar #0] Turn ID: 0
[avatar #0] Starting coordinates this turn: x=24 y=11

[avatar #0] Turn ID: 1
[avatar #0] Starting coordinates this turn: x=24 y=10

[avatar #1] Turn ID: 1
[avatar #1] Starting coordinates this turn: x=10 y=12

[avatar #0] Turn ID: 0
[avatar #0] Starting coordinates this turn: x=24 y=10

[avatar #1] Turn ID: 0
[avatar #1] Starting coordinates this turn: x=10 y=11

[avatar #0] Turn ID: 1
[avatar #0] Starting coordinates this turn: x=24 y=10

[avatar #1] Turn ID: 1
[avatar #1] Starting coordinates this turn: x=10 y=11

[avatar #0] Turn ID: 0
[avatar #0] Starting coordinates this turn: x=24 y=10

[avatar #1] Turn ID: 0
[avatar #1] Starting coordinates this turn: x=10 y=11

[avatar #0] Turn ID: 1
[avatar #0] Starting coordinates this turn: x=23 y=10

[avatar #1] Turn ID: 1
[avatar #1] Starting coordinates this turn: x=10 y=11

[avatar #0] Turn ID: 0
[avatar #0] Starting coordinates this turn: x=23 y=10

[avatar #1] Turn ID: 0
[avatar #1] Starting coordinates this turn: x=10 y=10

[avatar #0] Turn ID: 1
[avatar #0] Starting coordinates this turn: x=23 y=10

[avatar #1] Turn ID: 1
[avatar #1] Starting coordinates this turn: x=10 y=10

[avatar #0] Turn ID: 0
[avatar #0] Starting coordinates this turn: x=23 y=10

[avatar #1] Turn ID: 0
[avatar #1] Starting coordinates this turn: x=11 y=10

[avatar #0] Turn ID: 1
[avatar #0] Starting coordinates this turn: x=23 y=10

[avatar #1] Turn ID: 1
[avatar #1] Starting coordinates this turn: x=11 y=10

[avatar #0] Turn ID: 0
[avatar #0] Starting coordinates this turn: x=23 y=10

[avatar #1] Turn ID: 0
[avatar #1] Starting coordinates this turn: x=11 y=11

[avatar #0] Turn ID: 1
[avatar #0] Starting coordinates this turn: x=23 y=11

[avatar #1] Turn ID: 1
[avatar #1] Starting coordinates this turn: x=11 y=11

[avatar #0] Turn ID: 0
[avatar #0] Starting coordinates this turn: x=23 y=11

[avatar #1] Turn ID: 0
[avatar #1] Starting coordinates this turn: x=11 y=12

[avatar #0] Turn ID: 1
[avatar #0] Starting coordinates this turn: x=22 y=11

[avatar #1] Turn ID: 1
[avatar #1] Starting coordinates this turn: x=11 y=12

[avatar #0] Turn ID: 0
[avatar #0] Starting coordinates this turn: x=22 y=11

[avatar #1] Turn ID: 0
[avatar #1] Starting coordinates this turn: x=11 y=12

[avatar #0] Turn ID: 1
[avatar #0] Starting coordinates this turn: x=22 y=11

[avatar #1] Turn ID: 1
[avatar #1] Starting coordinates this turn: x=11 y=12

[avatar #0] Turn ID: 0
[avatar #0] Starting coordinates this turn: x=22 y=11

[avatar #1] Turn ID: 0
[avatar #1] Starting coordinates this turn: x=12 y=12

[avatar #0] Turn ID: 1
[avatar #0] Starting coordinates this turn: x=21 y=11

[avatar #1] Turn ID: 1
[avatar #1] Starting coordinates this turn: x=12 y=12

[avatar #0] Turn ID: 0
[avatar #0] Starting coordinates this turn: x=21 y=11

[avatar #1] Turn ID: 0
[avatar #1] Starting coordinates this turn: x=12 y=12

[avatar #0] Turn ID: 1
[avatar #0] Starting coordinates this turn: x=21 y=10

[avatar #1] Turn ID: 1
[avatar #1] Starting coordinates this turn: x=12 y=12

[avatar #0] Turn ID: 0
[avatar #0] Starting coordinates this turn: x=21 y=10

[avatar #1] Turn ID: 0
[avatar #1] Starting coordinates this turn: x=13 y=12

[avatar #0] Turn ID: 1
[avatar #0] Starting coordinates this turn: x=22 y=10

[avatar #1] Turn ID: 1
[avatar #1] Starting coordinates this turn: x=13 y=12

[avatar #0] Turn ID: 0
[avatar #0] Starting coordinates this turn: x=22 y=10

[avatar #1] Turn ID: 0
[avatar #1] Starting coordinates this turn: x=13 y=12

[avatar #0] Turn ID: 1
[avatar #0] Starting coordinates this turn: x=22 y=9

[avatar #1] Turn ID: 1
[avatar #1] Starting coordinates this turn: x=13 y=12

[avatar #0] Turn ID: 0
[avatar #0] Starting coordinates this turn: x=22 y=9

[avatar #1] Turn ID: 0
[avatar #1] Starting coordinates this turn: x=13 y=12

[avatar #0] Turn ID: 1
[avatar #0] Starting coordinates this turn: x=22 y=9

[avatar #1] Turn ID: 1
[avatar #1] Starting coordinates this turn: x=13 y=12

[avatar #0] Turn ID: 0
[avatar #0] Starting coordinates this turn: x=22 y=9

[avatar #1] Turn ID: 0
[avatar #1] Starting coordinates this turn: x=13 y=12

[avatar #0] Turn ID: 1
[avatar #0] Starting coordinates this turn: x=22 y=8

[avatar #1] Turn ID: 1
[avatar #1] Starting coordinates this turn: x=13 y=12

[avatar #0] Turn ID: 0
[avatar #0] Starting coordinates this turn: x=22 y=8

[avatar #1] Turn ID: 0
[avatar #1] Starting coordinates this turn: x=12 y=12

[avatar #0] Turn ID: 1
[avatar #0] Starting coordinates this turn: x=22 y=8

[avatar #1] Turn ID: 1
[avatar #1] Starting coordinates this turn: x=12 y=12

[avatar #1] Turn ID: 0
[avatar #1] Starting coordinates this turn: x=12 y=11

[avatar #0] Turn ID: 0
[avatar #0] Starting coordinates this turn: x=22 y=8

[avatar #0] Turn ID: 1
[avatar #0] Starting coordinates this turn: x=22 y=8

[avatar #1] Turn ID: 1
[avatar #1] Starting coordinates this turn: x=12 y=11

[avatar #0] Turn ID: 0
[avatar #0] Starting coordinates this turn: x=22 y=8

[avatar #1] Turn ID: 0
[avatar #1] Starting coordinates this turn: x=13 y=11

[avatar #0] Turn ID: 1
[avatar #0] Starting coordinates this turn: x=22 y=8

[avatar #1] Turn ID: 1
[avatar #1] Starting coordinates this turn: x=13 y=11

[avatar #0] Turn ID: 0
[avatar #0] Starting coordinates this turn: x=22 y=8

[avatar #1] Turn ID: 0
[avatar #1] Starting coordinates this turn: x=14 y=11

[avatar #0] Turn ID: 1
[avatar #0] Starting coordinates this turn: x=22 y=9

[avatar #1] Turn ID: 1
[avatar #1] Starting coordinates this turn: x=14 y=11

[avatar #0] Turn ID: 0
[avatar #0] Starting coordinates this turn: x=22 y=9

[avatar #1] Turn ID: 0
[avatar #1] Starting coordinates this turn: x=14 y=11

[avatar #0] Turn ID: 1
[avatar #0] Starting coordinates this turn: x=21 y=9

[avatar #1] Turn ID: 1
[avatar #1] Starting coordinates this turn: x=14 y=11

[avatar #0] Turn ID: 0
[avatar #0] Starting coordinates this turn: x=21 y=9

[avatar #1] Turn ID: 0
[avatar #1] Starting coordinates this turn: x=15 y=11

[avatar #0] Turn ID: 1
[avatar #0] Starting coordinates this turn: x=21 y=8

[avatar #1] Turn ID: 1
[avatar #1] Starting coordinates this turn: x=15 y=11

[avatar #0] Turn ID: 0
[avatar #0] Starting coordinates this turn: x=21 y=8

[avatar #1] Turn ID: 0
[avatar #1] Starting coordinates this turn: x=15 y=12

[avatar #0] Turn ID: 1
[avatar #0] Starting coordinates this turn: x=21 y=7

[avatar #1] Turn ID: 1
[avatar #1] Starting coordinates this turn: x=15 y=12

[avatar #0] Turn ID: 0
[avatar #0] Starting coordinates this turn: x=21 y=7

[avatar #1] Turn ID: 0
[avatar #1] Starting coordinates this turn: x=14 y=12

[avatar #0] Turn ID: 1
[avatar #0] Starting coordinates this turn: x=22 y=7

[avatar #1] Turn ID: 1
[avatar #1] Starting coordinates this turn: x=14 y=12

[avatar #0] Turn ID: 0
[avatar #0] Starting coordinates this turn: x=22 y=7

[avatar #1] Turn ID: 0
[avatar #1] Starting coordinates this turn: x=14 y=13

[avatar #0] Turn ID: 1
[avatar #0] Starting coordinates this turn: x=23 y=7

[avatar #1] Turn ID: 1
[avatar #1] Starting coordinates this turn: x=14 y=13

[avatar #0] Turn ID: 0
[avatar #0] Starting coordinates this turn: x=23 y=7

[avatar #1] Turn ID: 0
[avatar #1] Starting coordinates this turn: x=14 y=13

[avatar #0] Turn ID: 1
[avatar #0] Starting coordinates this turn: x=23 y=8

[avatar #1] Turn ID: 1
[avatar #1] Starting coordinates this turn: x=14 y=13

[avatar #0] Turn ID: 0
[avatar #0] Starting coordinates this turn: x=23 y=8

[avatar #1] Turn ID: 0
[avatar #1] Starting coordinates this turn: x=14 y=14

[avatar #0] Turn ID: 1
[avatar #0] Starting coordinates this turn: x=23 y=9

[avatar #1] Turn ID: 1
[avatar #1] Starting coordinates this turn: x=14 y=14

[avatar #1] Turn ID: 0
[avatar #1] Starting coordinates this turn: x=14 y=14

[avatar #0] Turn ID: 0
[avatar #0] Starting coordinates this turn: x=23 y=9

[avatar #0] Turn ID: 1
[avatar #0] Starting coordinates this turn: x=24 y=9

[avatar #1] Turn ID: 1
[avatar #1] Starting coordinates this turn: x=14 y=14

[avatar #0] Turn ID: 0
[avatar #0] Starting coordinates this turn: x=24 y=9

[avatar #1] Turn ID: 0
[avatar #1] Starting coordinates this turn: x=14 y=14

[avatar #0] Turn ID: 1
[avatar #0] Starting coordinates this turn: x=24 y=8

[avatar #1] Turn ID: 1
[avatar #1] Starting coordinates this turn: x=14 y=14

[avatar #0] Turn ID: 0
[avatar #0] Starting coordinates this turn: x=24 y=8

[avatar #1] Turn ID: 0
[avatar #1] Starting coordinates this turn: x=15 y=14

[avatar #0] Turn ID: 1
[avatar #0] Starting coordinates this turn: x=24 y=7

[avatar #1] Turn ID: 1
[avatar #1] Starting coordinates this turn: x=15 y=14

[avatar #0] Turn ID: 0
[avatar #0] Starting coordinates this turn: x=24 y=7

[avatar #1] Turn ID: 0
[avatar #1] Starting coordinates this turn: x=15 y=15

[avatar #0] Turn ID: 1
[avatar #0] Starting coordinates this turn: x=24 y=6

[avatar #1] Turn ID: 1
[avatar #1] Starting coordinates this turn: x=15 y=15

[avatar #0] Turn ID: 0
[avatar #0] Starting coordinates this turn: x=24 y=6

[avatar #1] Turn ID: 0
[avatar #1] Starting coordinates this turn: x=15 y=15

[avatar #0] Turn ID: 1
[avatar #0] Starting coordinates this turn: x=24 y=5

[avatar #1] Turn ID: 1
[avatar #1] Starting coordinates this turn: x=15 y=15

[avatar #0] Turn ID: 0
[avatar #0] Starting coordinates this turn: x=24 y=5

[avatar #1] Turn ID: 0
[avatar #1] Starting coordinates this turn: x=15 y=15

[avatar #0] Turn ID: 1
[avatar #0] Starting coordinates this turn: x=24 y=4

[avatar #1] Turn ID: 1
[avatar #1] Starting coordinates this turn: x=15 y=15

[avatar #0] Turn ID: 0
[avatar #0] Starting coordinates this turn: x=24 y=4

[avatar #1] Turn ID: 0
[avatar #1] Starting coordinates this turn: x=16 y=15

[avatar #0] Turn ID: 1
[avatar #0] Starting coordinates this turn: x=24 y=3

[avatar #1] Turn ID: 1
[avatar #1] Starting coordinates this turn: x=16 y=15

[avatar #0] Turn ID: 0
[avatar #0] Starting coordinates this turn: x=24 y=3

[avatar #1] Turn ID: 0
[avatar #1] Starting coordinates this turn: x=16 y=16

[avatar #0] Turn ID: 1
[avatar #0] Starting coordinates this turn: x=24 y=3

[avatar #1] Turn ID: 1
[avatar #1] Starting coordinates this turn: x=16 y=16

[avatar #0] Turn ID: 0
[avatar #0] Starting coordinates this turn: x=24 y=3

[avatar #1] Turn ID: 0
[avatar #1] Starting coordinates this turn: x=16 y=16

[avatar #0] Turn ID: 1
[avatar #0] Starting coordinates this turn: x=24 y=3

[avatar #1] Turn ID: 1
[avatar #1] Starting coordinates this turn: x=16 y=16

[avatar #0] Turn ID: 0
[avatar #0] Starting coordinates this turn: x=24 y=3

[avatar #1] Turn ID: 0
[avatar #1] Starting coordinates this turn: x=16 y=17

[avatar #0] Turn ID: 1
[avatar #0] Starting coordinates this turn: x=24 y=4

[avatar #1] Turn ID: 1
[avatar #1] Starting coordinates this turn: x=16 y=17

[avatar #0] Turn ID: 0
[avatar #0] Starting coordinates this turn: x=24 y=4

[avatar #1] Turn ID: 0
[avatar #1] Starting coordinates this turn: x=16 y=17

[avatar #0] Turn ID: 1
[avatar #0] Starting coordinates this turn: x=24 y=4

[avatar #1] Turn ID: 1
[avatar #1] Starting coordinates this turn: x=16 y=17

[avatar #0] Turn ID: 0
[avatar #0] Starting coordinates this turn: x=24 y=4

[avatar #1] Turn ID: 0
[avatar #1] Starting coordinates this turn: x=16 y=18

[avatar #0] Turn ID: 1
[avatar #0] Starting coordinates this turn: x=24 y=5

[avatar #1] Turn ID: 1
[avatar #1] Starting coordinates this turn: x=16 y=18

[avatar #0] Turn ID: 0
[avatar #0] Starting coordinates this turn: x=24 y=5

[avatar #1] Turn ID: 0
[avatar #1] Starting coordinates this turn: x=16 y=18

[avatar #0] Turn ID: 1
[avatar #0] Starting coordinates this turn: x=24 y=5

[avatar #1] Turn ID: 1
[avatar #1] Starting coordinates this turn: x=16 y=18

[avatar #0] Turn ID: 0
[avatar #0] Starting coordinates this turn: x=24 y=5

[avatar #1] Turn ID: 0
[avatar #1] Starting coordinates this turn: x=16 y=19

[avatar #0] Turn ID: 1
[avatar #0] Starting coordinates this turn: x=24 y=6

[avatar #1] Turn ID: 1
[avatar #1] Starting coordinates this turn: x=16 y=19

[avatar #0] Turn ID: 0
[avatar #0] Starting coordinates this turn: x=24 y=6

[avatar #1] Turn ID: 0
[avatar #1] Starting coordinates this turn: x=16 y=19

[avatar #0] Turn ID: 1
[avatar #0] Starting coordinates this turn: x=23 y=6

[avatar #1] Turn ID: 1
[avatar #1] Starting coordinates this turn: x=16 y=19

[avatar #0] Turn ID: 0
[avatar #0] Starting coordinates this turn: x=23 y=6

[avatar #1] Turn ID: 0
[avatar #1] Starting coordinates this turn: x=16 y=19

[avatar #0] Turn ID: 1
[avatar #0] Starting coordinates this turn: x=23 y=6

[avatar #1] Turn ID: 1
[avatar #1] Starting coordinates this turn: x=16 y=19

[avatar #0] Turn ID: 0
[avatar #0] Starting coordinates this turn: x=23 y=6

[avatar #1] Turn ID: 0
[avatar #1] Starting coordinates this turn: x=17 y=19

[avatar #0] Turn ID: 1
[avatar #0] Starting coordinates this turn: x=22 y=6

[avatar #1] Turn ID: 1
[avatar #1] Starting coordinates this turn: x=17 y=19

[avatar #1] Turn ID: 0
[avatar #1] Starting coordinates this turn: x=17 y=19

[avatar #0] Turn ID: 0
[avatar #0] Starting coordinates this turn: x=22 y=6

[avatar #0] Turn ID: 1
[avatar #0] Starting coordinates this turn: x=22 y=5

[avatar #1] Turn ID: 1
[avatar #1] Starting coordinates this turn: x=17 y=19

[avatar #0] Turn ID: 0
[avatar #0] Starting coordinates this turn: x=22 y=5

[avatar #1] Turn ID: 0
[avatar #1] Starting coordinates this turn: x=18 y=19

[avatar #0] Turn ID: 1
[avatar #0] Starting coordinates this turn: x=23 y=5

[avatar #1] Turn ID: 1
[avatar #1] Starting coordinates this turn: x=18 y=19

[avatar #0] Turn ID: 0
[avatar #0] Starting coordinates this turn: x=23 y=5

[avatar #1] Turn ID: 0
[avatar #1] Starting coordinates this turn: x=18 y=20

[avatar #0] Turn ID: 1
[avatar #0] Starting coordinates this turn: x=23 y=4

[avatar #1] Turn ID: 1
[avatar #1] Starting coordinates this turn: x=18 y=20

[avatar #0] Turn ID: 0
[avatar #0] Starting coordinates this turn: x=23 y=4

[avatar #1] Turn ID: 0
[avatar #1] Starting coordinates this turn: x=18 y=20

[avatar #0] Turn ID: 1
[avatar #0] Starting coordinates this turn: x=23 y=4

[avatar #1] Turn ID: 1
[avatar #1] Starting coordinates this turn: x=18 y=20

[avatar #0] Turn ID: 0
[avatar #0] Starting coordinates this turn: x=23 y=4

[avatar #1] Turn ID: 0
[avatar #1] Starting coordinates this turn: x=18 y=20

[avatar #0] Turn ID: 1
[avatar #0] Starting coordinates this turn: x=22 y=4

[avatar #1] Turn ID: 1
[avatar #1] Starting coordinates this turn: x=18 y=20

[avatar #0] Turn ID: 0
[avatar #0] Starting coordinates this turn: x=22 y=4

[avatar #1] Turn ID: 0
[avatar #1] Starting coordinates this turn: x=19 y=20

[avatar #0] Turn ID: 1
[avatar #0] Starting coordinates this turn: x=22 y=3

[avatar #1] Turn ID: 1
[avatar #1] Starting coordinates this turn: x=19 y=20

[avatar #0] Turn ID: 0
[avatar #0] Starting coordinates this turn: x=22 y=3

[avatar #1] Turn ID: 0
[avatar #1] Starting coordinates this turn: x=19 y=20

[avatar #0] Turn ID: 1
[avatar #0] Starting coordinates this turn: x=23 y=3

[avatar #1] Turn ID: 1
[avatar #1] Starting coordinates this turn: x=19 y=20

[avatar #0] Turn ID: 0
[avatar #0] Starting coordinates this turn: x=23 y=3

[avatar #1] Turn ID: 0
[avatar #1] Starting coordinates this turn: x=20 y=20

[avatar #0] Turn ID: 1
[avatar #0] Starting coordinates this turn: x=23 y=2

[avatar #1] Turn ID: 1
[avatar #1] Starting coordinates this turn: x=20 y=20

[avatar #0] Turn ID: 0
[avatar #0] Starting coordinates this turn: x=23 y=2

[avatar #1] Turn ID: 0
[avatar #1] Starting coordinates this turn: x=20 y=21

[avatar #0] Turn ID: 1
[avatar #0] Starting coordinates this turn: x=24 y=2

[avatar #1] Turn ID: 1
[avatar #1] Starting coordinates this turn: x=20 y=21

[avatar #0] Turn ID: 0
[avatar #0] Starting coordinates this turn: x=24 y=2

[avatar #1] Turn ID: 0
[avatar #1] Starting coordinates this turn: x=20 y=21

[avatar #0] Turn ID: 1
[avatar #0] Starting coordinates this turn: x=24 y=1

[avatar #1] Turn ID: 1
[avatar #1] Starting coordinates this turn: x=20 y=21

[avatar #0] Turn ID: 0
[avatar #0] Starting coordinates this turn: x=24 y=1

[avatar #1] Turn ID: 0
[avatar #1] Starting coordinates this turn: x=20 y=22

[avatar #0] Turn ID: 1
[avatar #0] Starting coordinates this turn: x=24 y=0

[avatar #1] Turn ID: 1
[avatar #1] Starting coordinates this turn: x=20 y=22

[avatar #0] Turn ID: 0
[avatar #0] Starting coordinates this turn: x=24 y=0

[avatar #1] Turn ID: 0
[avatar #1] Starting coordinates this turn: x=19 y=22

[avatar #0] Turn ID: 1
[avatar #0] Starting coordinates this turn: x=23 y=0

[avatar #1] Turn ID: 1
[avatar #1] Starting coordinates this turn: x=19 y=22

[avatar #0] Turn ID: 0
[avatar #0] Starting coordinates this turn: x=23 y=0

[avatar #1] Turn ID: 0
[avatar #1] Starting coordinates this turn: x=19 y=21

[avatar #0] Turn ID: 1
[avatar #0] Starting coordinates this turn: x=22 y=0

[avatar #1] Turn ID: 1
[avatar #1] Starting coordinates this turn: x=19 y=21

[avatar #0] Turn ID: 0
[avatar #0] Starting coordinates this turn: x=22 y=0

[avatar #1] Turn ID: 0
[avatar #1] Starting coordinates this turn: x=18 y=21

[avatar #0] Turn ID: 1
[avatar #0] Starting coordinates this turn: x=21 y=0

[avatar #1] Turn ID: 1
[avatar #1] Starting coordinates this turn: x=18 y=21

[avatar #0] Turn ID: 0
[avatar #0] Starting coordinates this turn: x=21 y=0

[avatar #1] Turn ID: 0
[avatar #1] Starting coordinates this turn: x=18 y=21

[avatar #0] Turn ID: 1
[avatar #0] Starting coordinates this turn: x=21 y=0

[avatar #1] Turn ID: 1
[avatar #1] Starting coordinates this turn: x=18 y=21

[avatar #0] Turn ID: 0
[avatar #0] Starting coordinates this turn: x=21 y=0

[avatar #1] Turn ID: 0
[avatar #1] Starting coordinates this turn: x=18 y=22

[avatar #0] Turn ID: 1
[avatar #0] Starting coordinates this turn: x=21 y=1

[avatar #1] Turn ID: 1
[avatar #1] Starting coordinates this turn: x=18 y=22

[avatar #0] Turn ID: 0
[avatar #0] Starting coordinates this turn: x=21 y=1

[avatar #1] Turn ID: 0
[avatar #1] Starting coordinates this turn: x=18 y=22

[avatar #0] Turn ID: 1
[avatar #0] Starting coordinates this turn: x=21 y=1

[avatar #1] Turn ID: 1
[avatar #1] Starting coordinates this turn: x=18 y=22

[avatar #0] Turn ID: 0
[avatar #0] Starting coordinates this turn: x=21 y=1

[avatar #1] Turn ID: 0
[avatar #1] Starting coordinates this turn: x=18 y=22

[avatar #0] Turn ID: 1
[avatar #0] Starting coordinates this turn: x=21 y=1

[avatar #1] Turn ID: 1
[avatar #1] Starting coordinates this turn: x=18 y=22

[avatar #0] Turn ID: 0
[avatar #0] Starting coordinates this turn: x=21 y=1

[avatar #1] Turn ID: 0
[avatar #1] Starting coordinates this turn: x=18 y=22

[avatar #0] Turn ID: 1
[avatar #0] Starting coordinates this turn: x=21 y=1

[avatar #1] Turn ID: 1
[avatar #1] Starting coordinates this turn: x=18 y=22

[avatar #0] Turn ID: 0
[avatar #0] Starting coordinates this turn: x=21 y=1

[avatar #1] Turn ID: 0
[avatar #1] Starting coordinates this turn: x=18 y=21

[avatar #0] Turn ID: 1
[avatar #0] Starting coordinates this turn: x=21 y=0

[avatar #1] Turn ID: 1
[avatar #1] Starting coordinates this turn: x=18 y=21

[avatar #0] Turn ID: 0
[avatar #0] Starting coordinates this turn: x=21 y=0

[avatar #1] Turn ID: 0
[avatar #1] Starting coordinates this turn: x=19 y=21

[avatar #0] Turn ID: 1
[avatar #0] Starting coordinates this turn: x=22 y=0

[avatar #1] Turn ID: 1
[avatar #1] Starting coordinates this turn: x=19 y=21

[avatar #0] Turn ID: 0
[avatar #0] Starting coordinates this turn: x=22 y=0

[avatar #1] Turn ID: 0
[avatar #1] Starting coordinates this turn: x=19 y=22

[avatar #0] Turn ID: 1
[avatar #0] Starting coordinates this turn: x=22 y=0

[avatar #1] Turn ID: 1
[avatar #1] Starting coordinates this turn: x=19 y=22

[avatar #1] Turn ID: 0
[avatar #1] Starting coordinates this turn: x=19 y=22

[avatar #0] Turn ID: 0
[avatar #0] Starting coordinates this turn: x=22 y=0

[avatar #0] Turn ID: 1
[avatar #0] Starting coordinates this turn: x=23 y=0

[avatar #1] Turn ID: 1
[avatar #1] Starting coordinates this turn: x=19 y=22

[avatar #0] Turn ID: 0
[avatar #0] Starting coordinates this turn: x=23 y=0

[avatar #1] Turn ID: 0
[avatar #1] Starting coordinates this turn: x=20 y=22

[avatar #0] Turn ID: 1
[avatar #0] Starting coordinates this turn: x=23 y=0

[avatar #1] Turn ID: 1
[avatar #1] Starting coordinates this turn: x=20 y=22

[avatar #0] Turn ID: 0
[avatar #0] Starting coordinates this turn: x=23 y=0

[avatar #1] Turn ID: 0
[avatar #1] Starting coordinates this turn: x=20 y=22

[avatar #0] Turn ID: 1
[avatar #0] Starting coordinates this turn: x=24 y=0

[avatar #1] Turn ID: 1
[avatar #1] Starting coordinates this turn: x=20 y=22

[avatar #0] Turn ID: 0
[avatar #0] Starting coordinates this turn: x=24 y=0

[avatar #1] Turn ID: 0
[avatar #1] Starting coordinates this turn: x=21 y=22

[avatar #0] Turn ID: 1
[avatar #0] Starting coordinates this turn: x=24 y=1

[avatar #1] Turn ID: 1
[avatar #1] Starting coordinates this turn: x=21 y=22

[avatar #0] Turn ID: 0
[avatar #0] Starting coordinates this turn: x=24 y=1

[avatar #1] Turn ID: 0
[avatar #1] Starting coordinates this turn: x=21 y=22

[avatar #0] Turn ID: 1
[avatar #0] Starting coordinates this turn: x=23 y=1

[avatar #1] Turn ID: 1
[avatar #1] Starting coordinates this turn: x=21 y=22

[avatar #0] Turn ID: 0
[avatar #0] Starting coordinates this turn: x=23 y=1

[avatar #1] Turn ID: 0
[avatar #1] Starting coordinates this turn: x=21 y=22

[avatar #0] Turn ID: 1
[avatar #0] Starting coordinates this turn: x=22 y=1

[avatar #1] Turn ID: 1
[avatar #1] Starting coordinates this turn: x=21 y=22

[avatar #0] Turn ID: 0
[avatar #0] Starting coordinates this turn: x=22 y=1

[avatar #1] Turn ID: 0
[avatar #1] Starting coordinates this turn: x=21 y=21

[avatar #0] Turn ID: 1
[avatar #0] Starting coordinates this turn: x=22 y=2

[avatar #1] Turn ID: 1
[avatar #1] Starting coordinates this turn: x=21 y=21

[avatar #0] Turn ID: 0
[avatar #0] Starting coordinates this turn: x=22 y=2

[avatar #1] Turn ID: 0
[avatar #1] Starting coordinates this turn: x=21 y=21

[avatar #0] Turn ID: 1
[avatar #0] Starting coordinates this turn: x=21 y=2

[avatar #1] Turn ID: 1
[avatar #1] Starting coordinates this turn: x=21 y=21

[avatar #0] Turn ID: 0
[avatar #0] Starting coordinates this turn: x=21 y=2

[avatar #1] Turn ID: 0
[avatar #1] Starting coordinates this turn: x=21 y=20

[avatar #0] Turn ID: 1
[avatar #0] Starting coordinates this turn: x=20 y=2

[avatar #1] Turn ID: 1
[avatar #1] Starting coordinates this turn: x=21 y=20

[avatar #0] Turn ID: 0
[avatar #0] Starting coordinates this turn: x=20 y=2

[avatar #1] Turn ID: 0
[avatar #1] Starting coordinates this turn: x=22 y=20

[avatar #0] Turn ID: 1
[avatar #0] Starting coordinates this turn: x=20 y=1

[avatar #1] Turn ID: 1
[avatar #1] Starting coordinates this turn: x=22 y=20

[avatar #0] Turn ID: 0
[avatar #0] Starting coordinates this turn: x=20 y=1

[avatar #1] Turn ID: 0
[avatar #1] Starting coordinates this turn: x=22 y=20

[avatar #0] Turn ID: 1
[avatar #0] Starting coordinates this turn: x=20 y=0

[avatar #1] Turn ID: 1
[avatar #1] Starting coordinates this turn: x=22 y=20

[avatar #0] Turn ID: 0
[avatar #0] Starting coordinates this turn: x=20 y=0

[avatar #1] Turn ID: 0
[avatar #1] Starting coordinates this turn: x=23 y=20

[avatar #0] Turn ID: 1
[avatar #0] Starting coordinates this turn: x=19 y=0

[avatar #1] Turn ID: 1
[avatar #1] Starting coordinates this turn: x=23 y=20

[avatar #0] Turn ID: 0
[avatar #0] Starting coordinates this turn: x=19 y=0

[avatar #1] Turn ID: 0
[avatar #1] Starting coordinates this turn: x=23 y=20

[avatar #0] Turn ID: 1
[avatar #0] Starting coordinates this turn: x=18 y=0

[avatar #1] Turn ID: 1
[avatar #1] Starting coordinates this turn: x=23 y=20

[avatar #0] Turn ID: 0
[avatar #0] Starting coordinates this turn: x=18 y=0

[avatar #1] Turn ID: 0
[avatar #1] Starting coordinates this turn: x=23 y=20

[avatar #0] Turn ID: 1
[avatar #0] Starting coordinates this turn: x=17 y=0

[avatar #1] Turn ID: 1
[avatar #1] Starting coordinates this turn: x=23 y=20

[avatar #0] Turn ID: 0
[avatar #0] Starting coordinates this turn: x=17 y=0

[avatar #1] Turn ID: 0
[avatar #1] Starting coordinates this turn: x=23 y=19

[avatar #0] Turn ID: 1
[avatar #0] Starting coordinates this turn: x=16 y=0

[avatar #1] Turn ID: 1
[avatar #1] Starting coordinates this turn: x=23 y=19

[avatar #0] Turn ID: 0
[avatar #0] Starting coordinates this turn: x=16 y=0

[avatar #1] Turn ID: 0
[avatar #1] Starting coordinates this turn: x=23 y=19

[avatar #0] Turn ID: 1
[avatar #0] Starting coordinates this turn: x=15 y=0

[avatar #1] Turn ID: 1
[avatar #1] Starting coordinates this turn: x=23 y=19

[avatar #0] Turn ID: 0
[avatar #0] Starting coordinates this turn: x=15 y=0

[avatar #1] Turn ID: 0
[avatar #1] Starting coordinates this turn: x=23 y=18

[avatar #0] Turn ID: 1
[avatar #0] Starting coordinates this turn: x=15 y=0

[avatar #1] Turn ID: 1
[avatar #1] Starting coordinates this turn: x=23 y=18

[avatar #0] Turn ID: 0
[avatar #0] Starting coordinates this turn: x=15 y=0

[avatar #1] Turn ID: 0
[avatar #1] Starting coordinates this turn: x=23 y=18

[avatar #0] Turn ID: 1
[avatar #0] Starting coordinates this turn: x=15 y=1

[avatar #1] Turn ID: 1
[avatar #1] Starting coordinates this turn: x=23 y=18

[avatar #0] Turn ID: 0
[avatar #0] Starting coordinates this turn: x=15 y=1

[avatar #1] Turn ID: 0
[avatar #1] Starting coordinates this turn: x=23 y=17

[avatar #0] Turn ID: 1
[avatar #0] Starting coordinates this turn: x=14 y=1

[avatar #1] Turn ID: 1
[avatar #1] Starting coordinates this turn: x=23 y=17

[avatar #0] Turn ID: 0
[avatar #0] Starting coordinates this turn: x=14 y=1

[avatar #1] Turn ID: 0
[avatar #1] Starting coordinates this turn: x=23 y=17

[avatar #0] Turn ID: 1
[avatar #0] Starting coordinates this turn: x=14 y=1

[avatar #1] Turn ID: 1
[avatar #1] Starting coordinates this turn: x=23 y=17

[avatar #0] Turn ID: 0
[avatar #0] Starting coordinates this turn: x=14 y=1

[avatar #1] Turn ID: 0
[avatar #1] Starting coordinates this turn: x=23 y=16

[avatar #0] Turn ID: 1
[avatar #0] Starting coordinates this turn: x=13 y=1

[avatar #1] Turn ID: 1
[avatar #1] Starting coordinates this turn: x=23 y=16

[avatar #0] Turn ID: 0
[avatar #0] Starting coordinates this turn: x=13 y=1

[avatar #1] Turn ID: 0
[avatar #1] Starting coordinates this turn: x=23 y=16

[avatar #0] Turn ID: 1
[avatar #0] Starting coordinates this turn: x=13 y=1

[avatar #1] Turn ID: 1
[avatar #1] Starting coordinates this turn: x=23 y=16

[avatar #0] Turn ID: 0
[avatar #0] Starting coordinates this turn: x=13 y=1

[avatar #1] Turn ID: 0
[avatar #1] Starting coordinates this turn: x=23 y=15

[avatar #0] Turn ID: 1
[avatar #0] Starting coordinates this turn: x=12 y=1

[avatar #1] Turn ID: 1
[avatar #1] Starting coordinates this turn: x=23 y=15

[avatar #0] Turn ID: 0
[avatar #0] Starting coordinates this turn: x=12 y=1

[avatar #1] Turn ID: 0
[avatar #1] Starting coordinates this turn: x=24 y=15

[avatar #0] Turn ID: 1
[avatar #0] Starting coordinates this turn: x=12 y=0

[avatar #1] Turn ID: 1
[avatar #1] Starting coordinates this turn: x=24 y=15

[avatar #0] Turn ID: 0
[avatar #0] Starting coordinates this turn: x=12 y=0

[avatar #1] Turn ID: 0
[avatar #1] Starting coordinates this turn: x=24 y=16

[avatar #0] Turn ID: 1
[avatar #0] Starting coordinates this turn: x=13 y=0

[avatar #1] Turn ID: 1
[avatar #1] Starting coordinates this turn: x=24 y=16

[avatar #0] Turn ID: 0
[avatar #0] Starting coordinates this turn: x=13 y=0

[avatar #1] Turn ID: 0
[avatar #1] Starting coordinates this turn: x=24 y=17

[avatar #0] Turn ID: 1
[avatar #0] Starting coordinates this turn: x=14 y=0

[avatar #1] Turn ID: 1
[avatar #1] Starting coordinates this turn: x=24 y=17

[avatar #0] Turn ID: 0
[avatar #0] Starting coordinates this turn: x=14 y=0

[avatar #1] Turn ID: 0
[avatar #1] Starting coordinates this turn: x=24 y=18

[avatar #0] Turn ID: 1
[avatar #0] Starting coordinates this turn: x=13 y=0

[avatar #1] Turn ID: 1
[avatar #1] Starting coordinates this turn: x=24 y=18

[avatar #0] Turn ID: 0
[avatar #0] Starting coordinates this turn: x=13 y=0

[avatar #1] Turn ID: 0
[avatar #1] Starting coordinates this turn: x=24 y=19

[avatar #0] Turn ID: 1
[avatar #0] Starting coordinates this turn: x=12 y=0

[avatar #1] Turn ID: 1
[avatar #1] Starting coordinates this turn: x=24 y=19

[avatar #0] Turn ID: 0
[avatar #0] Starting coordinates this turn: x=12 y=0

[avatar #1] Turn ID: 0
[avatar #1] Starting coordinates this turn: x=24 y=20

[avatar #0] Turn ID: 1
[avatar #0] Starting coordinates this turn: x=11 y=0

[avatar #1] Turn ID: 1
[avatar #1] Starting coordinates this turn: x=24 y=20

[avatar #0] Turn ID: 0
[avatar #0] Starting coordinates this turn: x=11 y=0

[avatar #1] Turn ID: 0
[avatar #1] Starting coordinates this turn: x=24 y=21

[avatar #0] Turn ID: 1
[avatar #0] Starting coordinates this turn: x=10 y=0

[avatar #1] Turn ID: 1
[avatar #1] Starting coordinates this turn: x=24 y=21

[avatar #0] Turn ID: 0
[avatar #0] Starting coordinates this turn: x=10 y=0

[avatar #1] Turn ID: 0
[avatar #1] Starting coordinates this turn: x=24 y=21

[avatar #0] Turn ID: 1
[avatar #0] Starting coordinates this turn: x=9 y=0

[avatar #1] Turn ID: 1
[avatar #1] Starting coordinates this turn: x=24 y=21

[avatar #0] Turn ID: 0
[avatar #0] Starting coordinates this turn: x=9 y=0

[avatar #1] Turn ID: 0
[avatar #1] Starting coordinates this turn: x=24 y=22

[avatar #0] Turn ID: 1
[avatar #0] Starting coordinates this turn: x=9 y=0

[avatar #1] Turn ID: 1
[avatar #1] Starting coordinates this turn: x=24 y=22

[avatar #0] Turn ID: 0
[avatar #0] Starting coordinates this turn: x=9 y=0

[avatar #1] Turn ID: 0
[avatar #1] Starting coordinates this turn: x=23 y=22

[avatar #0] Turn ID: 1
[avatar #0] Starting coordinates this turn: x=9 y=0

[avatar #1] Turn ID: 1
[avatar #1] Starting coordinates this turn: x=23 y=22

[avatar #0] Turn ID: 0
[avatar #0] Starting coordinates this turn: x=9 y=0

[avatar #1] Turn ID: 0
[avatar #1] Starting coordinates this turn: x=23 y=22

[avatar #0] Turn ID: 1
[avatar #0] Starting coordinates this turn: x=10 y=0

[avatar #1] Turn ID: 1
[avatar #1] Starting coordinates this turn: x=23 y=22

[avatar #0] Turn ID: 0
[avatar #0] Starting coordinates this turn: x=10 y=0

[avatar #1] Turn ID: 0
[avatar #1] Starting coordinates this turn: x=22 y=22

[avatar #0] Turn ID: 1
[avatar #0] Starting coordinates this turn: x=10 y=0

[avatar #1] Turn ID: 1
[avatar #1] Starting coordinates this turn: x=22 y=22

[avatar #0] Turn ID: 0
[avatar #0] Starting coordinates this turn: x=10 y=0

[avatar #1] Turn ID: 0
[avatar #1] Starting coordinates this turn: x=22 y=21

[avatar #0] Turn ID: 1
[avatar #0] Starting coordinates this turn: x=11 y=0

[avatar #1] Turn ID: 1
[avatar #1] Starting coordinates this turn: x=22 y=21

[avatar #0] Turn ID: 0
[avatar #0] Starting coordinates this turn: x=11 y=0

[avatar #1] Turn ID: 0
[avatar #1] Starting coordinates this turn: x=23 y=21

[avatar #0] Turn ID: 1
[avatar #0] Starting coordinates this turn: x=11 y=1

[avatar #1] Turn ID: 1
[avatar #1] Starting coordinates this turn: x=23 y=21

[avatar #0] Turn ID: 0
[avatar #0] Starting coordinates this turn: x=11 y=1

[avatar #1] Turn ID: 0
[avatar #1] Starting coordinates this turn: x=22 y=21

[avatar #0] Turn ID: 1
[avatar #0] Starting coordinates this turn: x=11 y=1

[avatar #1] Turn ID: 1
[avatar #1] Starting coordinates this turn: x=22 y=21

[avatar #0] Turn ID: 0
[avatar #0] Starting coordinates this turn: x=11 y=1

[avatar #1] Turn ID: 0
[avatar #1] Starting coordinates this turn: x=22 y=22

[avatar #0] Turn ID: 1
[avatar #0] Starting coordinates this turn: x=11 y=2

[avatar #1] Turn ID: 1
[avatar #1] Starting coordinates this turn: x=22 y=22

[avatar #0] Turn ID: 0
[avatar #0] Starting coordinates this turn: x=11 y=2

[avatar #1] Turn ID: 0
[avatar #1] Starting coordinates this turn: x=22 y=23

[avatar #0] Turn ID: 1
[avatar #0] Starting coordinates this turn: x=11 y=2

[avatar #1] Turn ID: 1
[avatar #1] Starting coordinates this turn: x=22 y=23

[avatar #0] Turn ID: 0
[avatar #0] Starting coordinates this turn: x=11 y=2

[avatar #1] Turn ID: 0
[avatar #1] Starting coordinates this turn: x=22 y=23

[avatar #0] Turn ID: 1
[avatar #0] Starting coordinates this turn: x=11 y=2

[avatar #1] Turn ID: 1
[avatar #1] Starting coordinates this turn: x=22 y=23

[avatar #0] Turn ID: 0
[avatar #0] Starting coordinates this turn: x=11 y=2

[avatar #1] Turn ID: 0
[avatar #1] Starting coordinates this turn: x=22 y=23

[avatar #0] Turn ID: 1
[avatar #0] Starting coordinates this turn: x=12 y=2

[avatar #1] Turn ID: 1
[avatar #1] Starting coordinates this turn: x=22 y=23

[avatar #0] Turn ID: 0
[avatar #0] Starting coordinates this turn: x=12 y=2

[avatar #1] Turn ID: 0
[avatar #1] Starting coordinates this turn: x=23 y=23

[avatar #0] Turn ID: 1
[avatar #0] Starting coordinates this turn: x=12 y=2

[avatar #1] Turn ID: 1
[avatar #1] Starting coordinates this turn: x=23 y=23

[avatar #0] Turn ID: 0
[avatar #0] Starting coordinates this turn: x=12 y=2

[avatar #1] Turn ID: 0
[avatar #1] Starting coordinates this turn: x=23 y=23

[avatar #0] Turn ID: 1
[avatar #0] Starting coordinates this turn: x=13 y=2

[avatar #1] Turn ID: 1
[avatar #1] Starting coordinates this turn: x=23 y=23

[avatar #0] Turn ID: 0
[avatar #0] Starting coordinates this turn: x=13 y=2

[avatar #1] Turn ID: 0
[avatar #1] Starting coordinates this turn: x=24 y=23

[avatar #0] Turn ID: 1
[avatar #0] Starting coordinates this turn: x=13 y=2

[avatar #1] Turn ID: 1
[avatar #1] Starting coordinates this turn: x=24 y=23

[avatar #0] Turn ID: 0
[avatar #0] Starting coordinates this turn: x=13 y=2

[avatar #1] Turn ID: 0
[avatar #1] Starting coordinates this turn: x=24 y=24

[avatar #0] Turn ID: 1
[avatar #0] Starting coordinates this turn: x=14 y=2

[avatar #1] Turn ID: 1
[avatar #1] Starting coordinates this turn: x=24 y=24

[avatar #0] Turn ID: 0
[avatar #0] Starting coordinates this turn: x=14 y=2

[avatar #1] Turn ID: 0
[avatar #1] Starting coordinates this turn: x=23 y=24

[avatar #0] Turn ID: 1
[avatar #0] Starting coordinates this turn: x=14 y=2

[avatar #1] Turn ID: 1
[avatar #1] Starting coordinates this turn: x=23 y=24

[avatar #0] Turn ID: 0
[avatar #0] Starting coordinates this turn: x=14 y=2

[avatar #1] Turn ID: 0
[avatar #1] Starting coordinates this turn: x=22 y=24

[avatar #0] Turn ID: 1
[avatar #0] Starting coordinates this turn: x=14 y=2

[avatar #1] Turn ID: 1
[avatar #1] Starting coordinates this turn: x=22 y=24

[avatar #0] Turn ID: 0
[avatar #0] Starting coordinates this turn: x=14 y=2

[avatar #1] Turn ID: 0
[avatar #1] Starting coordinates this turn: x=21 y=24

[avatar #0] Turn ID: 1
[avatar #0] Starting coordinates this turn: x=14 y=2

[avatar #1] Turn ID: 1
[avatar #1] Starting coordinates this turn: x=21 y=24

[avatar #0] Turn ID: 0
[avatar #0] Starting coordinates this turn: x=14 y=2

[avatar #1] Turn ID: 0
[avatar #1] Starting coordinates this turn: x=21 y=24

[avatar #0] Turn ID: 1
[avatar #0] Starting coordinates this turn: x=13 y=2

[avatar #1] Turn ID: 1
[avatar #1] Starting coordinates this turn: x=21 y=24

[avatar #0] Turn ID: 0
[avatar #0] Starting coordinates this turn: x=13 y=2

[avatar #1] Turn ID: 0
[avatar #1] Starting coordinates this turn: x=20 y=24

[avatar #0] Turn ID: 1
[avatar #0] Starting coordinates this turn: x=13 y=2

[avatar #1] Turn ID: 1
[avatar #1] Starting coordinates this turn: x=20 y=24

[avatar #0] Turn ID: 0
[avatar #0] Starting coordinates this turn: x=13 y=2

[avatar #1] Turn ID: 0
[avatar #1] Starting coordinates this turn: x=20 y=23

[avatar #0] Turn ID: 1
[avatar #0] Starting coordinates this turn: x=12 y=2

[avatar #1] Turn ID: 1
[avatar #1] Starting coordinates this turn: x=20 y=23

[avatar #1] Turn ID: 0
[avatar #1] Starting coordinates this turn: x=21 y=23

[avatar #0] Turn ID: 0
[avatar #0] Starting coordinates this turn: x=12 y=2

[avatar #0] Turn ID: 1
[avatar #0] Starting coordinates this turn: x=12 y=2

[avatar #1] Turn ID: 1
[avatar #1] Starting coordinates this turn: x=21 y=23

[avatar #0] Turn ID: 0
[avatar #0] Starting coordinates this turn: x=12 y=2

[avatar #1] Turn ID: 0
[avatar #1] Starting coordinates this turn: x=20 y=23

[avatar #0] Turn ID: 1
[avatar #0] Starting coordinates this turn: x=11 y=2

[avatar #1] Turn ID: 1
[avatar #1] Starting coordinates this turn: x=20 y=23

[avatar #0] Turn ID: 0
[avatar #0] Starting coordinates this turn: x=11 y=2

[avatar #1] Turn ID: 0
[avatar #1] Starting coordinates this turn: x=20 y=23

[avatar #0] Turn ID: 1
[avatar #0] Starting coordinates this turn: x=11 y=1

[avatar #1] Turn ID: 1
[avatar #1] Starting coordinates this turn: x=20 y=23

[avatar #0] Turn ID: 0
[avatar #0] Starting coordinates this turn: x=11 y=1

[avatar #1] Turn ID: 0
[avatar #1] Starting coordinates this turn: x=20 y=24

[avatar #0] Turn ID: 1
[avatar #0] Starting coordinates this turn: x=11 y=1

[avatar #1] Turn ID: 1
[avatar #1] Starting coordinates this turn: x=20 y=24

[avatar #0] Turn ID: 0
[avatar #0] Starting coordinates this turn: x=11 y=1

[avatar #1] Turn ID: 0
[avatar #1] Starting coordinates this turn: x=20 y=24

[avatar #0] Turn ID: 1
[avatar #0] Starting coordinates this turn: x=11 y=0

[avatar #1] Turn ID: 1
[avatar #1] Starting coordinates this turn: x=20 y=24

[avatar #0] Turn ID: 0
[avatar #0] Starting coordinates this turn: x=11 y=0

[avatar #1] Turn ID: 0
[avatar #1] Starting coordinates this turn: x=21 y=24

[avatar #0] Turn ID: 1
[avatar #0] Starting coordinates this turn: x=12 y=0

[avatar #1] Turn ID: 1
[avatar #1] Starting coordinates this turn: x=21 y=24

[avatar #0] Turn ID: 0
[avatar #0] Starting coordinates this turn: x=12 y=0

[avatar #1] Turn ID: 0
[avatar #1] Starting coordinates this turn: x=22 y=24

[avatar #0] Turn ID: 1
[avatar #0] Starting coordinates this turn: x=12 y=1

[avatar #1] Turn ID: 1
[avatar #1] Starting coordinates this turn: x=22 y=24

[avatar #0] Turn ID: 0
[avatar #0] Starting coordinates this turn: x=12 y=1

[avatar #1] Turn ID: 0
[avatar #1] Starting coordinates this turn: x=23 y=24

[avatar #0] Turn ID: 1
[avatar #0] Starting coordinates this turn: x=13 y=1

[avatar #1] Turn ID: 1
[avatar #1] Starting coordinates this turn: x=23 y=24

[avatar #0] Turn ID: 0
[avatar #0] Starting coordinates this turn: x=13 y=1

[avatar #1] Turn ID: 0
[avatar #1] Starting coordinates this turn: x=24 y=24

[avatar #0] Turn ID: 1
[avatar #0] Starting coordinates this turn: x=14 y=1

[avatar #1] Turn ID: 1
[avatar #1] Starting coordinates this turn: x=24 y=24

[avatar #0] Turn ID: 0
[avatar #0] Starting coordinates this turn: x=14 y=1

[avatar #1] Turn ID: 0
[avatar #1] Starting coordinates this turn: x=24 y=23

[avatar #0] Turn ID: 1
[avatar #0] Starting coordinates this turn: x=15 y=1

[avatar #1] Turn ID: 1
[avatar #1] Starting coordinates this turn: x=24 y=23

[avatar #1] Turn ID: 0
[avatar #1] Starting coordinates this turn: x=24 y=23

[avatar #0] Turn ID: 0
[avatar #0] Starting coordinates this turn: x=15 y=1

[avatar #0] Turn ID: 1
[avatar #0] Starting coordinates this turn: x=15 y=1

[avatar #1] Turn ID: 1
[avatar #1] Starting coordinates this turn: x=24 y=23

[avatar #0] Turn ID: 0
[avatar #0] Starting coordinates this turn: x=15 y=1

[avatar #1] Turn ID: 0
[avatar #1] Starting coordinates this turn: x=23 y=23

[avatar #1] Turn ID: 1
[avatar #1] Starting coordinates this turn: x=23 y=23

[avatar #0] Turn ID: 1
[avatar #0] Starting coordinates this turn: x=16 y=1

[avatar #0] Turn ID: 0
[avatar #0] Starting coordinates this turn: x=16 y=1

[avatar #1] Turn ID: 0
[avatar #1] Starting coordinates this turn: x=23 y=23

[avatar #0] Turn ID: 1
[avatar #0] Starting coordinates this turn: x=16 y=1

[avatar #1] Turn ID: 1
[avatar #1] Starting coordinates this turn: x=23 y=23

[avatar #0] Turn ID: 0
[avatar #0] Starting coordinates this turn: x=16 y=1

[avatar #1] Turn ID: 0
[avatar #1] Starting coordinates this turn: x=22 y=23

[avatar #0] Turn ID: 1
[avatar #0] Starting coordinates this turn: x=17 y=1

[avatar #1] Turn ID: 1
[avatar #1] Starting coordinates this turn: x=22 y=23

[avatar #0] Turn ID: 0
[avatar #0] Starting coordinates this turn: x=17 y=1

[avatar #1] Turn ID: 0
[avatar #1] Starting coordinates this turn: x=22 y=22

[avatar #0] Turn ID: 1
[avatar #0] Starting coordinates this turn: x=17 y=1

[avatar #1] Turn ID: 1
[avatar #1] Starting coordinates this turn: x=22 y=22

[avatar #0] Turn ID: 0
[avatar #0] Starting coordinates this turn: x=17 y=1

[avatar #1] Turn ID: 0
[avatar #1] Starting coordinates this turn: x=23 y=22

[avatar #0] Turn ID: 1
[avatar #0] Starting coordinates this turn: x=17 y=1

[avatar #1] Turn ID: 1
[avatar #1] Starting coordinates this turn: x=23 y=22

[avatar #0] Turn ID: 0
[avatar #0] Starting coordinates this turn: x=17 y=1

[avatar #1] Turn ID: 0
[avatar #1] Starting coordinates this turn: x=24 y=22

[avatar #0] Turn ID: 1
[avatar #0] Starting coordinates this turn: x=17 y=1

[avatar #1] Turn ID: 1
[avatar #1] Starting coordinates this turn: x=24 y=22

[avatar #0] Turn ID: 0
[avatar #0] Starting coordinates this turn: x=17 y=1

[avatar #1] Turn ID: 0
[avatar #1] Starting coordinates this turn: x=24 y=21

[avatar #0] Turn ID: 1
[avatar #0] Starting coordinates this turn: x=16 y=1

[avatar #1] Turn ID: 1
[avatar #1] Starting coordinates this turn: x=24 y=21

[avatar #0] Turn ID: 0
[avatar #0] Starting coordinates this turn: x=16 y=1

[avatar #1] Turn ID: 0
[avatar #1] Starting coordinates this turn: x=24 y=20

[avatar #0] Turn ID: 1
[avatar #0] Starting coordinates this turn: x=16 y=1

[avatar #1] Turn ID: 1
[avatar #1] Starting coordinates this turn: x=24 y=20

[avatar #1] Turn ID: 0
[avatar #1] Starting coordinates this turn: x=24 y=19

[avatar #0] Turn ID: 0
[avatar #0] Starting coordinates this turn: x=16 y=1

[avatar #0] Turn ID: 1
[avatar #0] Starting coordinates this turn: x=15 y=1

[avatar #1] Turn ID: 1
[avatar #1] Starting coordinates this turn: x=24 y=19

[avatar #0] Turn ID: 0
[avatar #0] Starting coordinates this turn: x=15 y=1

[avatar #1] Turn ID: 0
[avatar #1] Starting coordinates this turn: x=24 y=18

[avatar #0] Turn ID: 1
[avatar #0] Starting coordinates this turn: x=15 y=0

[avatar #1] Turn ID: 1
[avatar #1] Starting coordinates this turn: x=24 y=18

[avatar #0] Turn ID: 0
[avatar #0] Starting coordinates this turn: x=15 y=0

[avatar #1] Turn ID: 0
[avatar #1] Starting coordinates this turn: x=24 y=17

[avatar #0] Turn ID: 1
[avatar #0] Starting coordinates this turn: x=16 y=0

[avatar #1] Turn ID: 1
[avatar #1] Starting coordinates this turn: x=24 y=17

[avatar #0] Turn ID: 0
[avatar #0] Starting coordinates this turn: x=16 y=0

[avatar #1] Turn ID: 0
[avatar #1] Starting coordinates this turn: x=24 y=16

[avatar #0] Turn ID: 1
[avatar #0] Starting coordinates this turn: x=17 y=0

[avatar #1] Turn ID: 1
[avatar #1] Starting coordinates this turn: x=24 y=16

[avatar #0] Turn ID: 0
[avatar #0] Starting coordinates this turn: x=17 y=0

[avatar #1] Turn ID: 0
[avatar #1] Starting coordinates this turn: x=24 y=15

[avatar #0] Turn ID: 1
[avatar #0] Starting coordinates this turn: x=18 y=0

[avatar #1] Turn ID: 1
[avatar #1] Starting coordinates this turn: x=24 y=15

[avatar #0] Turn ID: 0
[avatar #0] Starting coordinates this turn: x=18 y=0

[avatar #1] Turn ID: 0
[avatar #1] Starting coordinates this turn: x=24 y=14

[avatar #0] Turn ID: 1
[avatar #0] Starting coordinates this turn: x=18 y=1

[avatar #1] Turn ID: 1
[avatar #1] Starting coordinates this turn: x=24 y=14

[avatar #0] Turn ID: 0
[avatar #0] Starting coordinates this turn: x=18 y=1

[avatar #1] Turn ID: 0
[avatar #1] Starting coordinates this turn: x=23 y=14

[avatar #0] Turn ID: 1
[avatar #0] Starting coordinates this turn: x=18 y=2

[avatar #1] Turn ID: 1
[avatar #1] Starting coordinates this turn: x=23 y=14

[avatar #0] Turn ID: 0
[avatar #0] Starting coordinates this turn: x=18 y=2

[avatar #1] Turn ID: 0
[avatar #1] Starting coordinates this turn: x=22 y=14

[avatar #0] Turn ID: 1
[avatar #0] Starting coordinates this turn: x=18 y=2

[avatar #1] Turn ID: 1
[avatar #1] Starting coordinates this turn: x=22 y=14

[avatar #0] Turn ID: 0
[avatar #0] Starting coordinates this turn: x=18 y=2

[avatar #1] Turn ID: 0
[avatar #1] Starting coordinates this turn: x=22 y=14

[avatar #0] Turn ID: 1
[avatar #0] Starting coordinates this turn: x=18 y=3

[avatar #1] Turn ID: 1
[avatar #1] Starting coordinates this turn: x=22 y=14

[avatar #0] Turn ID: 0
[avatar #0] Starting coordinates this turn: x=18 y=3

[avatar #1] Turn ID: 0
[avatar #1] Starting coordinates this turn: x=22 y=15

[avatar #0] Turn ID: 1
[avatar #0] Starting coordinates this turn: x=18 y=3

[avatar #1] Turn ID: 1
[avatar #1] Starting coordinates this turn: x=22 y=15

[avatar #0] Turn ID: 0
[avatar #0] Starting coordinates this turn: x=18 y=3

[avatar #1] Turn ID: 0
[avatar #1] Starting coordinates this turn: x=22 y=15

[avatar #0] Turn ID: 1
[avatar #0] Starting coordinates this turn: x=18 y=3

[avatar #1] Turn ID: 1
[avatar #1] Starting coordinates this turn: x=22 y=15

[avatar #0] Turn ID: 0
[avatar #0] Starting coordinates this turn: x=18 y=3

[avatar #1] Turn ID: 0
[avatar #1] Starting coordinates this turn: x=22 y=16

[avatar #0] Turn ID: 1
[avatar #0] Starting coordinates this turn: x=18 y=3

[avatar #1] Turn ID: 1
[avatar #1] Starting coordinates this turn: x=22 y=16

[avatar #0] Turn ID: 0
[avatar #0] Starting coordinates this turn: x=18 y=3

[avatar #1] Turn ID: 0
[avatar #1] Starting coordinates this turn: x=22 y=16

[avatar #0] Turn ID: 1
[avatar #0] Starting coordinates this turn: x=18 y=2

[avatar #1] Turn ID: 1
[avatar #1] Starting coordinates this turn: x=22 y=16

[avatar #0] Turn ID: 0
[avatar #0] Starting coordinates this turn: x=18 y=2

[avatar #1] Turn ID: 0
[avatar #1] Starting coordinates this turn: x=22 y=17

[avatar #0] Turn ID: 1
[avatar #0] Starting coordinates this turn: x=19 y=2

[avatar #1] Turn ID: 1
[avatar #1] Starting coordinates this turn: x=22 y=17

[avatar #0] Turn ID: 0
[avatar #0] Starting coordinates this turn: x=19 y=2

[avatar #1] Turn ID: 0
[avatar #1] Starting coordinates this turn: x=22 y=17

[avatar #0] Turn ID: 1
[avatar #0] Starting coordinates this turn: x=19 y=3

[avatar #1] Turn ID: 1
[avatar #1] Starting coordinates this turn: x=22 y=17

[avatar #0] Turn ID: 0
[avatar #0] Starting coordinates this turn: x=19 y=3

[avatar #1] Turn ID: 0
[avatar #1] Starting coordinates this turn: x=22 y=18

[avatar #0] Turn ID: 1
[avatar #0] Starting coordinates this turn: x=19 y=3

[avatar #1] Turn ID: 1
[avatar #1] Starting coordinates this turn: x=22 y=18

[avatar #0] Turn ID: 0
[avatar #0] Starting coordinates this turn: x=19 y=3

[avatar #1] Turn ID: 0
[avatar #1] Starting coordinates this turn: x=21 y=18

[avatar #0] Turn ID: 1
[avatar #0] Starting coordinates this turn: x=20 y=3

[avatar #1] Turn ID: 1
[avatar #1] Starting coordinates this turn: x=21 y=18

[avatar #0] Turn ID: 0
[avatar #0] Starting coordinates this turn: x=20 y=3

[avatar #1] Turn ID: 0
[avatar #1] Starting coordinates this turn: x=21 y=17

[avatar #0] Turn ID: 1
[avatar #0] Starting coordinates this turn: x=20 y=4

[avatar #1] Turn ID: 1
[avatar #1] Starting coordinates this turn: x=21 y=17

[avatar #0] Turn ID: 0
[avatar #0] Starting coordinates this turn: x=20 y=4

[avatar #1] Turn ID: 0
[avatar #1] Starting coordinates this turn: x=21 y=16

[avatar #0] Turn ID: 1
[avatar #0] Starting coordinates this turn: x=19 y=4

[avatar #1] Turn ID: 1
[avatar #1] Starting coordinates this turn: x=21 y=16

[avatar #0] Turn ID: 0
[avatar #0] Starting coordinates this turn: x=19 y=4

[avatar #1] Turn ID: 0
[avatar #1] Starting coordinates this turn: x=21 y=16

[avatar #0] Turn ID: 1
[avatar #0] Starting coordinates this turn: x=19 y=4

[avatar #1] Turn ID: 1
[avatar #1] Starting coordinates this turn: x=21 y=16

[avatar #0] Turn ID: 0
[avatar #0] Starting coordinates this turn: x=19 y=4

[avatar #1] Turn ID: 0
[avatar #1] Starting coordinates this turn: x=20 y=16

[avatar #0] Turn ID: 1
[avatar #0] Starting coordinates this turn: x=19 y=5

[avatar #1] Turn ID: 1
[avatar #1] Starting coordinates this turn: x=20 y=16

[avatar #0] Turn ID: 0
[avatar #0] Starting coordinates this turn: x=19 y=5

[avatar #1] Turn ID: 0
[avatar #1] Starting coordinates this turn: x=20 y=15

[avatar #0] Turn ID: 1
[avatar #0] Starting coordinates this turn: x=19 y=5

[avatar #1] Turn ID: 1
[avatar #1] Starting coordinates this turn: x=20 y=15

[avatar #0] Turn ID: 0
[avatar #0] Starting coordinates this turn: x=19 y=5

[avatar #1] Turn ID: 0
[avatar #1] Starting coordinates this turn: x=20 y=15

[avatar #0] Turn ID: 1
[avatar #0] Starting coordinates this turn: x=19 y=5

[avatar #1] Turn ID: 1
[avatar #1] Starting coordinates this turn: x=20 y=15

[avatar #0] Turn ID: 0
[avatar #0] Starting coordinates this turn: x=19 y=5

[avatar #1] Turn ID: 0
[avatar #1] Starting coordinates this turn: x=20 y=14

[avatar #0] Turn ID: 1
[avatar #0] Starting coordinates this turn: x=20 y=5

[avatar #1] Turn ID: 1
[avatar #1] Starting coordinates this turn: x=20 y=14

[avatar #0] Turn ID: 0
[avatar #0] Starting coordinates this turn: x=20 y=5

[avatar #1] Turn ID: 0
[avatar #1] Starting coordinates this turn: x=20 y=14

[avatar #0] Turn ID: 1
[avatar #0] Starting coordinates this turn: x=20 y=6

[avatar #1] Turn ID: 1
[avatar #1] Starting coordinates this turn: x=20 y=14

[avatar #0] Turn ID: 0
[avatar #0] Starting coordinates this turn: x=20 y=6

[avatar #1] Turn ID: 0
[avatar #1] Starting coordinates this turn: x=20 y=13

[avatar #0] Turn ID: 1
[avatar #0] Starting coordinates this turn: x=19 y=6

[avatar #1] Turn ID: 1
[avatar #1] Starting coordinates this turn: x=20 y=13

[avatar #0] Turn ID: 0
[avatar #0] Starting coordinates this turn: x=19 y=6

[avatar #1] Turn ID: 0
[avatar #1] Starting coordinates this turn: x=21 y=13

[avatar #0] Turn ID: 1
[avatar #0] Starting coordinates this turn: x=19 y=6

[avatar #1] Turn ID: 1
[avatar #1] Starting coordinates this turn: x=21 y=13

[avatar #0] Turn ID: 0
[avatar #0] Starting coordinates this turn: x=19 y=6

[avatar #1] Turn ID: 0
[avatar #1] Starting coordinates this turn: x=21 y=14

[avatar #0] Turn ID: 1
[avatar #0] Starting coordinates this turn: x=19 y=7

[avatar #1] Turn ID: 1
[avatar #1] Starting coordinates this turn: x=21 y=14

[avatar #0] Turn ID: 0
[avatar #0] Starting coordinates this turn: x=19 y=7

[avatar #1] Turn ID: 0
[avatar #1] Starting coordinates this turn: x=21 y=15

[avatar #0] Turn ID: 1
[avatar #0] Starting coordinates this turn: x=19 y=7

[avatar #1] Turn ID: 1
[avatar #1] Starting coordinates this turn: x=21 y=15

[avatar #0] Turn ID: 0
[avatar #0] Starting coordinates this turn: x=19 y=7

[avatar #1] Turn ID: 0
[avatar #1] Starting coordinates this turn: x=21 y=14

[avatar #0] Turn ID: 1
[avatar #0] Starting coordinates this turn: x=19 y=8

[avatar #1] Turn ID: 1
[avatar #1] Starting coordinates this turn: x=21 y=14

[avatar #0] Turn ID: 0
[avatar #0] Starting coordinates this turn: x=19 y=8

[avatar #1] Turn ID: 0
[avatar #1] Starting coordinates this turn: x=21 y=13

[avatar #0] Turn ID: 1
[avatar #0] Starting coordinates this turn: x=19 y=8

[avatar #1] Turn ID: 1
[avatar #1] Starting coordinates this turn: x=21 y=13

[avatar #0] Turn ID: 0
[avatar #0] Starting coordinates this turn: x=19 y=8

[avatar #1] Turn ID: 0
[avatar #1] Starting coordinates this turn: x=21 y=12

[avatar #0] Turn ID: 1
[avatar #0] Starting coordinates this turn: x=19 y=8

[avatar #1] Turn ID: 1
[avatar #1] Starting coordinates this turn: x=21 y=12

[avatar #0] Turn ID: 0
[avatar #0] Starting coordinates this turn: x=19 y=8

[avatar #1] Turn ID: 0
[avatar #1] Starting coordinates this turn: x=20 y=12

[avatar #0] Turn ID: 1
[avatar #0] Starting coordinates this turn: x=19 y=8

[avatar #1] Turn ID: 1
[avatar #1] Starting coordinates this turn: x=20 y=12

[avatar #0] Turn ID: 0
[avatar #0] Starting coordinates this turn: x=19 y=8

[avatar #1] Turn ID: 0
[avatar #1] Starting coordinates this turn: x=20 y=11

[avatar #0] Turn ID: 1
[avatar #0] Starting coordinates this turn: x=19 y=8

[avatar #1] Turn ID: 1
[avatar #1] Starting coordinates this turn: x=20 y=11

[avatar #0] Turn ID: 0
[avatar #0] Starting coordinates this turn: x=19 y=8

[avatar #1] Turn ID: 0
[avatar #1] Starting coordinates this turn: x=20 y=10

[avatar #0] Turn ID: 1
[avatar #0] Starting coordinates this turn: x=19 y=8

[avatar #1] Turn ID: 1
[avatar #1] Starting coordinates this turn: x=20 y=10

[avatar #0] Turn ID: 0
[avatar #0] Starting coordinates this turn: x=19 y=8

[avatar #1] Turn ID: 0
[avatar #1] Starting coordinates this turn: x=20 y=9

[avatar #0] Turn ID: 1
[avatar #0] Starting coordinates this turn: x=19 y=8

[avatar #1] Turn ID: 1
[avatar #1] Starting coordinates this turn: x=20 y=9

[avatar #0] Turn ID: 0
[avatar #0] Starting coordinates this turn: x=19 y=8

[avatar #1] Turn ID: 0
[avatar #1] Starting coordinates this turn: x=20 y=8

[avatar #0] Turn ID: 1
[avatar #0] Starting coordinates this turn: x=19 y=8

[avatar #1] Turn ID: 1
[avatar #1] Starting coordinates this turn: x=20 y=8

WINNER! nAvatars: 2 Difficulty: 4 nMoves: 591 Hash: 847459080

