williammcc, 50213, Sat Aug 29 01:12:12 2015

*****************
 Maze Width: 5
 Maze Height: 5
*****************

The maze structure lives at: 0x179f0a0

=========================================
AVATAR #0
difficulty: 0
IP_address: 129.170.213.200
port: 50213
log_file: ./results/Amazing_williammcc_5_0.log
sockfd: 4
total number of avatars: 5
maze width: 5
maze height: 5
my pointer to the_maze: 0x179f0a0
=========================================

=========================================
AVATAR #1
difficulty: 0
IP_address: 129.170.213.200
port: 50213
log_file: ./results/Amazing_williammcc_5_0.log
sockfd: 5
total number of avatars: 5
maze width: 5
maze height: 5
my pointer to the_maze: 0x179f0a0
=========================================

=========================================
AVATAR #2
difficulty: 0
IP_address: 129.170.213.200
port: 50213
log_file: ./results/Amazing_williammcc_5_0.log
sockfd: 7
total number of avatars: 5
maze width: 5
maze height: 5
my pointer to the_maze: 0x179f0a0
=========================================

=========================================
AVATAR #3
difficulty: 0
IP_address: 129.170.213.200
port: 50213
log_file: ./results/Amazing_williammcc_5_0.log
sockfd: 8
total number of avatars: 5
maze width: 5
maze height: 5
my pointer to the_maze: 0x179f0a0
=========================================

=========================================
AVATAR #4
difficulty: 0
IP_address: 129.170.213.200
port: 50213
log_file: ./results/Amazing_williammcc_5_0.log
sockfd: 6
total number of avatars: 5
maze width: 5
maze height: 5
my pointer to the_maze: 0x179f0a0
=========================================

[avatar #0] Successfully connected with the server and received the first TURN message
[avatar #0] First Turn ID (should be zero): 0
[avatar #0] Initial Coordinates: x=0 y=2

[avatar #2] Successfully connected with the server and received the first TURN message
[avatar #2] First Turn ID (should be zero): 0
[avatar #2] Initial Coordinates: x=0 y=4

[avatar #3] Successfully connected with the server and received the first TURN message
[avatar #3] First Turn ID (should be zero): 0
[avatar #3] Initial Coordinates: x=2 y=2

[avatar #1] Successfully connected with the server and received the first TURN message
[avatar #1] First Turn ID (should be zero): 0
[avatar #1] Initial Coordinates: x=3 y=2

[avatar #4] Successfully connected with the server and received the first TURN message
[avatar #4] First Turn ID (should be zero): 0
[avatar #4] Initial Coordinates: x=3 y=4

[avatar #0] Turn ID: 0
[avatar #0] Starting coordinates this turn: x=0 y=2

[avatar #2] Turn ID: 0
[avatar #2] Starting coordinates this turn: x=0 y=4

[avatar #0] Turn ID: 1
[avatar #0] Starting coordinates this turn: x=0 y=2

[avatar #3] Turn ID: 0
[avatar #3] Starting coordinates this turn: x=2 y=2

[avatar #2] Turn ID: 1
[avatar #2] Starting coordinates this turn: x=0 y=4

[avatar #1] Turn ID: 0
[avatar #1] Starting coordinates this turn: x=3 y=2

[avatar #3] Turn ID: 1
[avatar #3] Starting coordinates this turn: x=2 y=2

[avatar #4] Turn ID: 0
[avatar #4] Starting coordinates this turn: x=3 y=4

[avatar #4] Turn ID: 1
[avatar #4] Starting coordinates this turn: x=3 y=4

[avatar #1] Turn ID: 1
[avatar #1] Starting coordinates this turn: x=3 y=2

[avatar #1] Turn ID: 2
[avatar #1] Starting coordinates this turn: x=3 y=2

[avatar #2] Turn ID: 2
[avatar #2] Starting coordinates this turn: x=0 y=4

[avatar #4] Turn ID: 2
[avatar #4] Starting coordinates this turn: x=3 y=4

[avatar #3] Turn ID: 2
[avatar #3] Starting coordinates this turn: x=2 y=2

[avatar #3] Turn ID: 3
[avatar #3] Starting coordinates this turn: x=2 y=2

[avatar #2] Turn ID: 3
[avatar #2] Starting coordinates this turn: x=0 y=4

[avatar #4] Turn ID: 3
[avatar #4] Starting coordinates this turn: x=3 y=4

[avatar #4] Turn ID: 4
[avatar #4] Starting coordinates this turn: x=3 y=4

[avatar #3] Turn ID: 4
[avatar #3] Starting coordinates this turn: x=1 y=2

[avatar #0] Turn ID: 2
[avatar #0] Starting coordinates this turn: x=0 y=2

[avatar #0] Turn ID: 3
[avatar #0] Starting coordinates this turn: x=0 y=2

[avatar #0] Turn ID: 4
[avatar #0] Starting coordinates this turn: x=0 y=2

[avatar #0] Turn ID: 0
[avatar #0] Starting coordinates this turn: x=0 y=2

[avatar #4] Turn ID: 0
[avatar #4] Starting coordinates this turn: x=2 y=4

[avatar #0] Turn ID: 1
[avatar #0] Starting coordinates this turn: x=0 y=3

[avatar #1] Turn ID: 3
[avatar #1] Starting coordinates this turn: x=3 y=2

[avatar #1] Turn ID: 4
[avatar #1] Starting coordinates this turn: x=3 y=2

[avatar #2] Turn ID: 4
[avatar #2] Starting coordinates this turn: x=0 y=4

[avatar #1] Turn ID: 0
[avatar #1] Starting coordinates this turn: x=3 y=2

[avatar #2] Turn ID: 0
[avatar #2] Starting coordinates this turn: x=0 y=4

[avatar #1] Turn ID: 1
[avatar #1] Starting coordinates this turn: x=3 y=2

[avatar #3] Turn ID: 0
[avatar #3] Starting coordinates this turn: x=1 y=2

[avatar #3] Turn ID: 1
[avatar #3] Starting coordinates this turn: x=1 y=2

[avatar #3] Turn ID: 2
[avatar #3] Starting coordinates this turn: x=1 y=2

[avatar #2] Turn ID: 1
[avatar #2] Starting coordinates this turn: x=0 y=4

[avatar #1] Turn ID: 2
[avatar #1] Starting coordinates this turn: x=3 y=2

[avatar #4] Turn ID: 1
[avatar #4] Starting coordinates this turn: x=2 y=4

[avatar #4] Turn ID: 2
[avatar #4] Starting coordinates this turn: x=2 y=4

[avatar #2] Turn ID: 2
[avatar #2] Starting coordinates this turn: x=0 y=4

[avatar #0] Turn ID: 2
[avatar #0] Starting coordinates this turn: x=0 y=3

[avatar #0] Turn ID: 3
[avatar #0] Starting coordinates this turn: x=0 y=3

[avatar #4] Turn ID: 3
[avatar #4] Starting coordinates this turn: x=2 y=4

[avatar #3] Turn ID: 3
[avatar #3] Starting coordinates this turn: x=1 y=2

[avatar #2] Turn ID: 3
[avatar #2] Starting coordinates this turn: x=0 y=4

[avatar #0] Turn ID: 4
[avatar #0] Starting coordinates this turn: x=0 y=3

[avatar #4] Turn ID: 4
[avatar #4] Starting coordinates this turn: x=2 y=4

[avatar #3] Turn ID: 4
[avatar #3] Starting coordinates this turn: x=1 y=2

[avatar #0] Turn ID: 0
[avatar #0] Starting coordinates this turn: x=0 y=3

[avatar #4] Turn ID: 0
[avatar #4] Starting coordinates this turn: x=2 y=3

[avatar #0] Turn ID: 1
[avatar #0] Starting coordinates this turn: x=0 y=4

[avatar #1] Turn ID: 3
[avatar #1] Starting coordinates this turn: x=3 y=2

[avatar #1] Turn ID: 4
[avatar #1] Starting coordinates this turn: x=3 y=2

[avatar #1] Turn ID: 0
[avatar #1] Starting coordinates this turn: x=3 y=2

[avatar #1] Turn ID: 1
[avatar #1] Starting coordinates this turn: x=3 y=2

[avatar #1] Turn ID: 2
[avatar #1] Starting coordinates this turn: x=4 y=2

[avatar #2] Turn ID: 4
[avatar #2] Starting coordinates this turn: x=0 y=4

[avatar #2] Turn ID: 0
[avatar #2] Starting coordinates this turn: x=0 y=4

[avatar #2] Turn ID: 1
[avatar #2] Starting coordinates this turn: x=0 y=4

[avatar #2] Turn ID: 2
[avatar #2] Starting coordinates this turn: x=0 y=4

[avatar #3] Turn ID: 0
[avatar #3] Starting coordinates this turn: x=1 y=2

[avatar #3] Turn ID: 1
[avatar #3] Starting coordinates this turn: x=1 y=2

[avatar #3] Turn ID: 2
[avatar #3] Starting coordinates this turn: x=1 y=2

[avatar #3] Turn ID: 3
[avatar #3] Starting coordinates this turn: x=1 y=2

[avatar #2] Turn ID: 3
[avatar #2] Starting coordinates this turn: x=0 y=3

[avatar #4] Turn ID: 1
[avatar #4] Starting coordinates this turn: x=2 y=3

[avatar #4] Turn ID: 2
[avatar #4] Starting coordinates this turn: x=2 y=3

[avatar #4] Turn ID: 3
[avatar #4] Starting coordinates this turn: x=2 y=3

[avatar #4] Turn ID: 4
[avatar #4] Starting coordinates this turn: x=2 y=3

[avatar #0] Turn ID: 2
[avatar #0] Starting coordinates this turn: x=0 y=4

[avatar #0] Turn ID: 3
[avatar #0] Starting coordinates this turn: x=0 y=4

[avatar #0] Turn ID: 4
[avatar #0] Starting coordinates this turn: x=0 y=4

[avatar #0] Turn ID: 0
[avatar #0] Starting coordinates this turn: x=0 y=4

[avatar #3] Turn ID: 4
[avatar #3] Starting coordinates this turn: x=0 y=2

[avatar #4] Turn ID: 0
[avatar #4] Starting coordinates this turn: x=3 y=3

[avatar #0] Turn ID: 1
[avatar #0] Starting coordinates this turn: x=0 y=3

[avatar #1] Turn ID: 3
[avatar #1] Starting coordinates this turn: x=4 y=2

[avatar #1] Turn ID: 4
[avatar #1] Starting coordinates this turn: x=4 y=2

[avatar #1] Turn ID: 0
[avatar #1] Starting coordinates this turn: x=4 y=2

[avatar #1] Turn ID: 1
[avatar #1] Starting coordinates this turn: x=4 y=2

[avatar #1] Turn ID: 2
[avatar #1] Starting coordinates this turn: x=4 y=3

[avatar #2] Turn ID: 4
[avatar #2] Starting coordinates this turn: x=0 y=3

[avatar #2] Turn ID: 0
[avatar #2] Starting coordinates this turn: x=0 y=3

[avatar #2] Turn ID: 1
[avatar #2] Starting coordinates this turn: x=0 y=3

[avatar #2] Turn ID: 2
[avatar #2] Starting coordinates this turn: x=0 y=3

[avatar #2] Turn ID: 3
[avatar #2] Starting coordinates this turn: x=1 y=3

[avatar #3] Turn ID: 0
[avatar #3] Starting coordinates this turn: x=0 y=2

[avatar #3] Turn ID: 1
[avatar #3] Starting coordinates this turn: x=0 y=2

[avatar #3] Turn ID: 2
[avatar #3] Starting coordinates this turn: x=0 y=2

[avatar #3] Turn ID: 3
[avatar #3] Starting coordinates this turn: x=0 y=2

[avatar #3] Turn ID: 4
[avatar #3] Starting coordinates this turn: x=0 y=2

[avatar #4] Turn ID: 1
[avatar #4] Starting coordinates this turn: x=3 y=3

[avatar #4] Turn ID: 2
[avatar #4] Starting coordinates this turn: x=3 y=3

[avatar #4] Turn ID: 3
[avatar #4] Starting coordinates this turn: x=3 y=3

[avatar #4] Turn ID: 4
[avatar #4] Starting coordinates this turn: x=3 y=3

[avatar #0] Turn ID: 2
[avatar #0] Starting coordinates this turn: x=0 y=3

[avatar #0] Turn ID: 3
[avatar #0] Starting coordinates this turn: x=0 y=3

[avatar #0] Turn ID: 4
[avatar #0] Starting coordinates this turn: x=0 y=3

[avatar #0] Turn ID: 0
[avatar #0] Starting coordinates this turn: x=0 y=3

[avatar #4] Turn ID: 0
[avatar #4] Starting coordinates this turn: x=3 y=3

[avatar #0] Turn ID: 1
[avatar #0] Starting coordinates this turn: x=1 y=3

[avatar #1] Turn ID: 3
[avatar #1] Starting coordinates this turn: x=4 y=3

[avatar #1] Turn ID: 4
[avatar #1] Starting coordinates this turn: x=4 y=3

[avatar #1] Turn ID: 0
[avatar #1] Starting coordinates this turn: x=4 y=3

[avatar #1] Turn ID: 1
[avatar #1] Starting coordinates this turn: x=4 y=3

[avatar #1] Turn ID: 2
[avatar #1] Starting coordinates this turn: x=3 y=3

[avatar #2] Turn ID: 4
[avatar #2] Starting coordinates this turn: x=1 y=3

[avatar #2] Turn ID: 0
[avatar #2] Starting coordinates this turn: x=1 y=3

[avatar #2] Turn ID: 1
[avatar #2] Starting coordinates this turn: x=1 y=3

[avatar #2] Turn ID: 2
[avatar #2] Starting coordinates this turn: x=1 y=3

[avatar #3] Turn ID: 0
[avatar #3] Starting coordinates this turn: x=0 y=2

[avatar #2] Turn ID: 3
[avatar #2] Starting coordinates this turn: x=1 y=4

[avatar #3] Turn ID: 1
[avatar #3] Starting coordinates this turn: x=0 y=2

[avatar #3] Turn ID: 2
[avatar #3] Starting coordinates this turn: x=0 y=2

[avatar #3] Turn ID: 3
[avatar #3] Starting coordinates this turn: x=0 y=2

[avatar #3] Turn ID: 4
[avatar #3] Starting coordinates this turn: x=0 y=3

[avatar #4] Turn ID: 1
[avatar #4] Starting coordinates this turn: x=3 y=3

[avatar #4] Turn ID: 2
[avatar #4] Starting coordinates this turn: x=3 y=3

[avatar #4] Turn ID: 3
[avatar #4] Starting coordinates this turn: x=3 y=3

[avatar #4] Turn ID: 4
[avatar #4] Starting coordinates this turn: x=3 y=3

[avatar #0] Turn ID: 2
[avatar #0] Starting coordinates this turn: x=1 y=3

[avatar #0] Turn ID: 3
[avatar #0] Starting coordinates this turn: x=1 y=3

[avatar #0] Turn ID: 4
[avatar #0] Starting coordinates this turn: x=1 y=3

[avatar #4] Turn ID: 0
[avatar #4] Starting coordinates this turn: x=4 y=3

[avatar #0] Turn ID: 0
[avatar #0] Starting coordinates this turn: x=1 y=3

[avatar #0] Turn ID: 1
[avatar #0] Starting coordinates this turn: x=1 y=4

[avatar #1] Turn ID: 3
[avatar #1] Starting coordinates this turn: x=3 y=3

[avatar #1] Turn ID: 4
[avatar #1] Starting coordinates this turn: x=3 y=3

[avatar #1] Turn ID: 0
[avatar #1] Starting coordinates this turn: x=3 y=3

[avatar #1] Turn ID: 1
[avatar #1] Starting coordinates this turn: x=3 y=3

[avatar #1] Turn ID: 2
[avatar #1] Starting coordinates this turn: x=2 y=3

[avatar #2] Turn ID: 4
[avatar #2] Starting coordinates this turn: x=1 y=4

[avatar #2] Turn ID: 0
[avatar #2] Starting coordinates this turn: x=1 y=4

[avatar #2] Turn ID: 1
[avatar #2] Starting coordinates this turn: x=1 y=4

[avatar #2] Turn ID: 2
[avatar #2] Starting coordinates this turn: x=1 y=4

[avatar #3] Turn ID: 0
[avatar #3] Starting coordinates this turn: x=0 y=3

[avatar #3] Turn ID: 1
[avatar #3] Starting coordinates this turn: x=0 y=3

[avatar #2] Turn ID: 3
[avatar #2] Starting coordinates this turn: x=2 y=4

[avatar #3] Turn ID: 2
[avatar #3] Starting coordinates this turn: x=0 y=3

[avatar #3] Turn ID: 3
[avatar #3] Starting coordinates this turn: x=0 y=3

[avatar #3] Turn ID: 4
[avatar #3] Starting coordinates this turn: x=0 y=4

[avatar #4] Turn ID: 1
[avatar #4] Starting coordinates this turn: x=4 y=3

[avatar #4] Turn ID: 2
[avatar #4] Starting coordinates this turn: x=4 y=3

[avatar #4] Turn ID: 3
[avatar #4] Starting coordinates this turn: x=4 y=3

[avatar #4] Turn ID: 4
[avatar #4] Starting coordinates this turn: x=4 y=3

[avatar #0] Turn ID: 2
[avatar #0] Starting coordinates this turn: x=1 y=4

[avatar #0] Turn ID: 3
[avatar #0] Starting coordinates this turn: x=1 y=4

[avatar #0] Turn ID: 4
[avatar #0] Starting coordinates this turn: x=1 y=4

[avatar #0] Turn ID: 0
[avatar #0] Starting coordinates this turn: x=1 y=4

[avatar #4] Turn ID: 0
[avatar #4] Starting coordinates this turn: x=4 y=3

[avatar #0] Turn ID: 1
[avatar #0] Starting coordinates this turn: x=2 y=4

[avatar #1] Turn ID: 3
[avatar #1] Starting coordinates this turn: x=2 y=3

[avatar #1] Turn ID: 4
[avatar #1] Starting coordinates this turn: x=2 y=3

[avatar #1] Turn ID: 0
[avatar #1] Starting coordinates this turn: x=2 y=3

[avatar #1] Turn ID: 1
[avatar #1] Starting coordinates this turn: x=2 y=3

[avatar #1] Turn ID: 2
[avatar #1] Starting coordinates this turn: x=3 y=3

[avatar #2] Turn ID: 4
[avatar #2] Starting coordinates this turn: x=2 y=4

[avatar #2] Turn ID: 0
[avatar #2] Starting coordinates this turn: x=2 y=4

[avatar #2] Turn ID: 1
[avatar #2] Starting coordinates this turn: x=2 y=4

[avatar #2] Turn ID: 2
[avatar #2] Starting coordinates this turn: x=2 y=4

[avatar #2] Turn ID: 3
[avatar #2] Starting coordinates this turn: x=2 y=3

[avatar #3] Turn ID: 0
[avatar #3] Starting coordinates this turn: x=0 y=4

[avatar #3] Turn ID: 1
[avatar #3] Starting coordinates this turn: x=0 y=4

[avatar #3] Turn ID: 2
[avatar #3] Starting coordinates this turn: x=0 y=4

[avatar #3] Turn ID: 3
[avatar #3] Starting coordinates this turn: x=0 y=4

[avatar #3] Turn ID: 4
[avatar #3] Starting coordinates this turn: x=0 y=3

[avatar #4] Turn ID: 1
[avatar #4] Starting coordinates this turn: x=4 y=3

[avatar #4] Turn ID: 2
[avatar #4] Starting coordinates this turn: x=4 y=3

[avatar #4] Turn ID: 3
[avatar #4] Starting coordinates this turn: x=4 y=3

[avatar #4] Turn ID: 4
[avatar #4] Starting coordinates this turn: x=4 y=3

[avatar #0] Turn ID: 2
[avatar #0] Starting coordinates this turn: x=2 y=4

[avatar #0] Turn ID: 3
[avatar #0] Starting coordinates this turn: x=2 y=4

[avatar #0] Turn ID: 4
[avatar #0] Starting coordinates this turn: x=2 y=4

[avatar #0] Turn ID: 0
[avatar #0] Starting coordinates this turn: x=2 y=4

[avatar #4] Turn ID: 0
[avatar #4] Starting coordinates this turn: x=4 y=3

[avatar #0] Turn ID: 1
[avatar #0] Starting coordinates this turn: x=2 y=3

[avatar #1] Turn ID: 3
[avatar #1] Starting coordinates this turn: x=3 y=3

[avatar #1] Turn ID: 4
[avatar #1] Starting coordinates this turn: x=3 y=3

[avatar #1] Turn ID: 0
[avatar #1] Starting coordinates this turn: x=3 y=3

[avatar #1] Turn ID: 1
[avatar #1] Starting coordinates this turn: x=3 y=3

[avatar #1] Turn ID: 2
[avatar #1] Starting coordinates this turn: x=4 y=3

[avatar #2] Turn ID: 4
[avatar #2] Starting coordinates this turn: x=2 y=3

[avatar #2] Turn ID: 0
[avatar #2] Starting coordinates this turn: x=2 y=3

[avatar #2] Turn ID: 1
[avatar #2] Starting coordinates this turn: x=2 y=3

[avatar #2] Turn ID: 2
[avatar #2] Starting coordinates this turn: x=2 y=3

[avatar #2] Turn ID: 3
[avatar #2] Starting coordinates this turn: x=3 y=3

[avatar #3] Turn ID: 0
[avatar #3] Starting coordinates this turn: x=0 y=3

[avatar #3] Turn ID: 1
[avatar #3] Starting coordinates this turn: x=0 y=3

[avatar #3] Turn ID: 2
[avatar #3] Starting coordinates this turn: x=0 y=3

[avatar #3] Turn ID: 3
[avatar #3] Starting coordinates this turn: x=0 y=3

[avatar #3] Turn ID: 4
[avatar #3] Starting coordinates this turn: x=1 y=3

[avatar #4] Turn ID: 1
[avatar #4] Starting coordinates this turn: x=4 y=3

[avatar #4] Turn ID: 2
[avatar #4] Starting coordinates this turn: x=4 y=3

[avatar #4] Turn ID: 3
[avatar #4] Starting coordinates this turn: x=4 y=3

[avatar #4] Turn ID: 4
[avatar #4] Starting coordinates this turn: x=4 y=3

[avatar #0] Turn ID: 2
[avatar #0] Starting coordinates this turn: x=2 y=3

[avatar #0] Turn ID: 3
[avatar #0] Starting coordinates this turn: x=2 y=3

[avatar #0] Turn ID: 4
[avatar #0] Starting coordinates this turn: x=2 y=3

[avatar #0] Turn ID: 0
[avatar #0] Starting coordinates this turn: x=2 y=3

[avatar #4] Turn ID: 0
[avatar #4] Starting coordinates this turn: x=4 y=3

[avatar #0] Turn ID: 1
[avatar #0] Starting coordinates this turn: x=3 y=3

[avatar #1] Turn ID: 3
[avatar #1] Starting coordinates this turn: x=4 y=3

[avatar #1] Turn ID: 4
[avatar #1] Starting coordinates this turn: x=4 y=3

[avatar #1] Turn ID: 0
[avatar #1] Starting coordinates this turn: x=4 y=3

[avatar #1] Turn ID: 1
[avatar #1] Starting coordinates this turn: x=4 y=3

[avatar #2] Turn ID: 4
[avatar #2] Starting coordinates this turn: x=3 y=3

[avatar #2] Turn ID: 0
[avatar #2] Starting coordinates this turn: x=3 y=3

[avatar #2] Turn ID: 1
[avatar #2] Starting coordinates this turn: x=3 y=3

[avatar #3] Turn ID: 0
[avatar #3] Starting coordinates this turn: x=1 y=3

[avatar #3] Turn ID: 1
[avatar #3] Starting coordinates this turn: x=1 y=3

[avatar #4] Turn ID: 1
[avatar #4] Starting coordinates this turn: x=4 y=3

[avatar #2] Turn ID: 2
[avatar #2] Starting coordinates this turn: x=3 y=3

[avatar #0] Turn ID: 2
[avatar #0] Starting coordinates this turn: x=3 y=3

[avatar #1] Turn ID: 2
[avatar #1] Starting coordinates this turn: x=4 y=3

[avatar #3] Turn ID: 2
[avatar #3] Starting coordinates this turn: x=1 y=3

[avatar #4] Turn ID: 2
[avatar #4] Starting coordinates this turn: x=4 y=3

[avatar #0] Turn ID: 3
[avatar #0] Starting coordinates this turn: x=3 y=3

[avatar #2] Turn ID: 3
[avatar #2] Starting coordinates this turn: x=4 y=3

[avatar #3] Turn ID: 3
[avatar #3] Starting coordinates this turn: x=1 y=3

[avatar #4] Turn ID: 3
[avatar #4] Starting coordinates this turn: x=4 y=3

[avatar #4] Turn ID: 4
[avatar #4] Starting coordinates this turn: x=4 y=3

[avatar #0] Turn ID: 4
[avatar #0] Starting coordinates this turn: x=3 y=3

[avatar #3] Turn ID: 4
[avatar #3] Starting coordinates this turn: x=1 y=4

[avatar #0] Turn ID: 0
[avatar #0] Starting coordinates this turn: x=3 y=3

[avatar #4] Turn ID: 0
[avatar #4] Starting coordinates this turn: x=4 y=3

[avatar #0] Turn ID: 1
[avatar #0] Starting coordinates this turn: x=4 y=3

[avatar #1] Turn ID: 3
[avatar #1] Starting coordinates this turn: x=4 y=3

[avatar #1] Turn ID: 4
[avatar #1] Starting coordinates this turn: x=4 y=3

[avatar #1] Turn ID: 0
[avatar #1] Starting coordinates this turn: x=4 y=3

[avatar #1] Turn ID: 1
[avatar #1] Starting coordinates this turn: x=4 y=3

[avatar #1] Turn ID: 2
[avatar #1] Starting coordinates this turn: x=4 y=3

[avatar #2] Turn ID: 4
[avatar #2] Starting coordinates this turn: x=4 y=3

[avatar #2] Turn ID: 0
[avatar #2] Starting coordinates this turn: x=4 y=3

[avatar #2] Turn ID: 1
[avatar #2] Starting coordinates this turn: x=4 y=3

[avatar #2] Turn ID: 2
[avatar #2] Starting coordinates this turn: x=4 y=3

[avatar #2] Turn ID: 3
[avatar #2] Starting coordinates this turn: x=4 y=3

[avatar #3] Turn ID: 0
[avatar #3] Starting coordinates this turn: x=1 y=4

[avatar #3] Turn ID: 1
[avatar #3] Starting coordinates this turn: x=1 y=4

[avatar #3] Turn ID: 2
[avatar #3] Starting coordinates this turn: x=1 y=4

[avatar #4] Turn ID: 1
[avatar #4] Starting coordinates this turn: x=4 y=3

[avatar #4] Turn ID: 2
[avatar #4] Starting coordinates this turn: x=4 y=3

[avatar #3] Turn ID: 3
[avatar #3] Starting coordinates this turn: x=1 y=4

[avatar #0] Turn ID: 2
[avatar #0] Starting coordinates this turn: x=4 y=3

[avatar #4] Turn ID: 3
[avatar #4] Starting coordinates this turn: x=4 y=3

[avatar #3] Turn ID: 4
[avatar #3] Starting coordinates this turn: x=2 y=4

[avatar #0] Turn ID: 3
[avatar #0] Starting coordinates this turn: x=4 y=3

[avatar #4] Turn ID: 4
[avatar #4] Starting coordinates this turn: x=4 y=3

[avatar #0] Turn ID: 4
[avatar #0] Starting coordinates this turn: x=4 y=3

[avatar #4] Turn ID: 0
[avatar #4] Starting coordinates this turn: x=4 y=3

[avatar #0] Turn ID: 0
[avatar #0] Starting coordinates this turn: x=4 y=3

[avatar #0] Turn ID: 1
[avatar #0] Starting coordinates this turn: x=4 y=3

[avatar #1] Turn ID: 3
[avatar #1] Starting coordinates this turn: x=4 y=3

[avatar #1] Turn ID: 4
[avatar #1] Starting coordinates this turn: x=4 y=3

[avatar #1] Turn ID: 0
[avatar #1] Starting coordinates this turn: x=4 y=3

[avatar #1] Turn ID: 1
[avatar #1] Starting coordinates this turn: x=4 y=3

[avatar #1] Turn ID: 2
[avatar #1] Starting coordinates this turn: x=4 y=3

[avatar #2] Turn ID: 4
[avatar #2] Starting coordinates this turn: x=4 y=3

[avatar #2] Turn ID: 0
[avatar #2] Starting coordinates this turn: x=4 y=3

[avatar #2] Turn ID: 1
[avatar #2] Starting coordinates this turn: x=4 y=3

[avatar #2] Turn ID: 2
[avatar #2] Starting coordinates this turn: x=4 y=3

[avatar #2] Turn ID: 3
[avatar #2] Starting coordinates this turn: x=4 y=3

[avatar #3] Turn ID: 0
[avatar #3] Starting coordinates this turn: x=2 y=4

[avatar #3] Turn ID: 1
[avatar #3] Starting coordinates this turn: x=2 y=4

[avatar #3] Turn ID: 2
[avatar #3] Starting coordinates this turn: x=2 y=4

[avatar #3] Turn ID: 3
[avatar #3] Starting coordinates this turn: x=2 y=4

[avatar #3] Turn ID: 4
[avatar #3] Starting coordinates this turn: x=2 y=3

[avatar #4] Turn ID: 1
[avatar #4] Starting coordinates this turn: x=4 y=3

[avatar #4] Turn ID: 2
[avatar #4] Starting coordinates this turn: x=4 y=3

[avatar #4] Turn ID: 3
[avatar #4] Starting coordinates this turn: x=4 y=3

[avatar #4] Turn ID: 4
[avatar #4] Starting coordinates this turn: x=4 y=3

[avatar #0] Turn ID: 2
[avatar #0] Starting coordinates this turn: x=4 y=3

[avatar #0] Turn ID: 3
[avatar #0] Starting coordinates this turn: x=4 y=3

[avatar #0] Turn ID: 4
[avatar #0] Starting coordinates this turn: x=4 y=3

[avatar #0] Turn ID: 0
[avatar #0] Starting coordinates this turn: x=4 y=3

[avatar #4] Turn ID: 0
[avatar #4] Starting coordinates this turn: x=4 y=3

[avatar #0] Turn ID: 1
[avatar #0] Starting coordinates this turn: x=4 y=3

[avatar #1] Turn ID: 3
[avatar #1] Starting coordinates this turn: x=4 y=3

[avatar #1] Turn ID: 4
[avatar #1] Starting coordinates this turn: x=4 y=3

[avatar #1] Turn ID: 0
[avatar #1] Starting coordinates this turn: x=4 y=3

[avatar #1] Turn ID: 1
[avatar #1] Starting coordinates this turn: x=4 y=3

[avatar #1] Turn ID: 2
[avatar #1] Starting coordinates this turn: x=4 y=3

[avatar #2] Turn ID: 4
[avatar #2] Starting coordinates this turn: x=4 y=3

[avatar #2] Turn ID: 0
[avatar #2] Starting coordinates this turn: x=4 y=3

[avatar #2] Turn ID: 1
[avatar #2] Starting coordinates this turn: x=4 y=3

[avatar #2] Turn ID: 2
[avatar #2] Starting coordinates this turn: x=4 y=3

[avatar #2] Turn ID: 3
[avatar #2] Starting coordinates this turn: x=4 y=3

[avatar #3] Turn ID: 0
[avatar #3] Starting coordinates this turn: x=2 y=3

[avatar #3] Turn ID: 1
[avatar #3] Starting coordinates this turn: x=2 y=3

[avatar #3] Turn ID: 2
[avatar #3] Starting coordinates this turn: x=2 y=3

[avatar #3] Turn ID: 3
[avatar #3] Starting coordinates this turn: x=2 y=3

[avatar #3] Turn ID: 4
[avatar #3] Starting coordinates this turn: x=3 y=3

[avatar #4] Turn ID: 1
[avatar #4] Starting coordinates this turn: x=4 y=3

[avatar #4] Turn ID: 2
[avatar #4] Starting coordinates this turn: x=4 y=3

[avatar #4] Turn ID: 3
[avatar #4] Starting coordinates this turn: x=4 y=3

[avatar #4] Turn ID: 4
[avatar #4] Starting coordinates this turn: x=4 y=3

[avatar #0] Turn ID: 2
[avatar #0] Starting coordinates this turn: x=4 y=3

[avatar #0] Turn ID: 3
[avatar #0] Starting coordinates this turn: x=4 y=3

[avatar #0] Turn ID: 4
[avatar #0] Starting coordinates this turn: x=4 y=3

[avatar #0] Turn ID: 0
[avatar #0] Starting coordinates this turn: x=4 y=3

[avatar #4] Turn ID: 0
[avatar #4] Starting coordinates this turn: x=4 y=3

[avatar #0] Turn ID: 1
[avatar #0] Starting coordinates this turn: x=4 y=3

[avatar #1] Turn ID: 3
[avatar #1] Starting coordinates this turn: x=4 y=3

[avatar #1] Turn ID: 4
[avatar #1] Starting coordinates this turn: x=4 y=3

[avatar #1] Turn ID: 0
[avatar #1] Starting coordinates this turn: x=4 y=3

[avatar #1] Turn ID: 1
[avatar #1] Starting coordinates this turn: x=4 y=3

[avatar #1] Turn ID: 2
[avatar #1] Starting coordinates this turn: x=4 y=3

[avatar #2] Turn ID: 4
[avatar #2] Starting coordinates this turn: x=4 y=3

[avatar #2] Turn ID: 0
[avatar #2] Starting coordinates this turn: x=4 y=3

[avatar #2] Turn ID: 1
[avatar #2] Starting coordinates this turn: x=4 y=3

[avatar #2] Turn ID: 2
[avatar #2] Starting coordinates this turn: x=4 y=3

[avatar #2] Turn ID: 3
[avatar #2] Starting coordinates this turn: x=4 y=3

[avatar #3] Turn ID: 0
[avatar #3] Starting coordinates this turn: x=3 y=3

[avatar #3] Turn ID: 1
[avatar #3] Starting coordinates this turn: x=3 y=3

[avatar #3] Turn ID: 2
[avatar #3] Starting coordinates this turn: x=3 y=3

[avatar #3] Turn ID: 3
[avatar #3] Starting coordinates this turn: x=3 y=3

[avatar #0] Turn ID: 2
[avatar #0] Starting coordinates this turn: x=4 y=3

[avatar #0] Turn ID: 3
[avatar #0] Starting coordinates this turn: x=4 y=3

[avatar #4] Turn ID: 1
[avatar #4] Starting coordinates this turn: x=4 y=3

[avatar #4] Turn ID: 2
[avatar #4] Starting coordinates this turn: x=4 y=3

[avatar #4] Turn ID: 3
[avatar #4] Starting coordinates this turn: x=4 y=3

[avatar #1] Turn ID: 3
[avatar #1] Starting coordinates this turn: x=4 y=3

WINNER! nAvatars: 5 Difficulty: 0 nMoves: 63 Hash: 925036770

