williammcc, 43295, Fri Aug 28 23:25:41 2015

*****************
 Maze Width: 12
 Maze Height: 10
*****************

The maze structure lives at: 0x18e60a0

=========================================
AVATAR #0
difficulty: 2
IP_address: 129.170.213.200
port: 43295
log_file: ./results/Amazing_williammcc_3_2.log
sockfd: 4
total number of avatars: 3
maze width: 12
maze height: 10
my pointer to the_maze: 0x18e60a0
=========================================

=========================================
AVATAR #1
difficulty: 2
IP_address: 129.170.213.200
port: 43295
log_file: ./results/Amazing_williammcc_3_2.log
sockfd: 5
total number of avatars: 3
maze width: 12
maze height: 10
my pointer to the_maze: 0x18e60a0
=========================================

=========================================
AVATAR #2
difficulty: 2
IP_address: 129.170.213.200
port: 43295
log_file: ./results/Amazing_williammcc_3_2.log
sockfd: 7
total number of avatars: 3
maze width: 12
maze height: 10
my pointer to the_maze: 0x18e60a0
=========================================

[avatar #0] Successfully connected with the server and received the first TURN message
[avatar #0] First Turn ID (should be zero): 0
[avatar #0] Initial Coordinates: x=4 y=9

[avatar #1] Successfully connected with the server and received the first TURN message
[avatar #1] First Turn ID (should be zero): 0
[avatar #1] Initial Coordinates: x=3 y=7

[avatar #2] Successfully connected with the server and received the first TURN message
[avatar #2] First Turn ID (should be zero): 0
[avatar #2] Initial Coordinates: x=9 y=1

[avatar #0] Turn ID: 0
[avatar #0] Starting coordinates this turn: x=4 y=9

[avatar #1] Turn ID: 0
[avatar #1] Starting coordinates this turn: x=3 y=7

[avatar #1] Turn ID: 1
[avatar #1] Starting coordinates this turn: x=3 y=7

[avatar #0] Turn ID: 1
[avatar #0] Starting coordinates this turn: x=3 y=9

[avatar #0] Turn ID: 2
[avatar #0] Starting coordinates this turn: x=3 y=9

[avatar #1] Turn ID: 2
[avatar #1] Starting coordinates this turn: x=3 y=7

[avatar #2] Turn ID: 0
[avatar #2] Starting coordinates this turn: x=9 y=1

[avatar #2] Turn ID: 1
[avatar #2] Starting coordinates this turn: x=9 y=1

[avatar #2] Turn ID: 2
[avatar #2] Starting coordinates this turn: x=9 y=1

[avatar #2] Turn ID: 0
[avatar #2] Starting coordinates this turn: x=9 y=1

[avatar #0] Turn ID: 0
[avatar #0] Starting coordinates this turn: x=3 y=9

[avatar #0] Turn ID: 1
[avatar #0] Starting coordinates this turn: x=3 y=8

[avatar #1] Turn ID: 0
[avatar #1] Starting coordinates this turn: x=3 y=7

[avatar #1] Turn ID: 1
[avatar #1] Starting coordinates this turn: x=3 y=7

[avatar #1] Turn ID: 2
[avatar #1] Starting coordinates this turn: x=3 y=8

[avatar #2] Turn ID: 1
[avatar #2] Starting coordinates this turn: x=9 y=1

[avatar #2] Turn ID: 2
[avatar #2] Starting coordinates this turn: x=9 y=1

[avatar #0] Turn ID: 2
[avatar #0] Starting coordinates this turn: x=3 y=8

[avatar #0] Turn ID: 0
[avatar #0] Starting coordinates this turn: x=3 y=8

[avatar #2] Turn ID: 0
[avatar #2] Starting coordinates this turn: x=9 y=2

[avatar #0] Turn ID: 1
[avatar #0] Starting coordinates this turn: x=3 y=8

[avatar #1] Turn ID: 0
[avatar #1] Starting coordinates this turn: x=3 y=8

[avatar #1] Turn ID: 1
[avatar #1] Starting coordinates this turn: x=3 y=8

[avatar #1] Turn ID: 2
[avatar #1] Starting coordinates this turn: x=3 y=8

[avatar #2] Turn ID: 1
[avatar #2] Starting coordinates this turn: x=9 y=2

[avatar #2] Turn ID: 2
[avatar #2] Starting coordinates this turn: x=9 y=2

[avatar #0] Turn ID: 2
[avatar #0] Starting coordinates this turn: x=3 y=8

[avatar #0] Turn ID: 0
[avatar #0] Starting coordinates this turn: x=3 y=8

[avatar #2] Turn ID: 0
[avatar #2] Starting coordinates this turn: x=9 y=2

[avatar #0] Turn ID: 1
[avatar #0] Starting coordinates this turn: x=3 y=7

[avatar #1] Turn ID: 0
[avatar #1] Starting coordinates this turn: x=3 y=8

[avatar #1] Turn ID: 1
[avatar #1] Starting coordinates this turn: x=3 y=8

[avatar #1] Turn ID: 2
[avatar #1] Starting coordinates this turn: x=3 y=9

[avatar #2] Turn ID: 1
[avatar #2] Starting coordinates this turn: x=9 y=2

[avatar #2] Turn ID: 2
[avatar #2] Starting coordinates this turn: x=9 y=2

[avatar #0] Turn ID: 2
[avatar #0] Starting coordinates this turn: x=3 y=7

[avatar #0] Turn ID: 0
[avatar #0] Starting coordinates this turn: x=3 y=7

[avatar #2] Turn ID: 0
[avatar #2] Starting coordinates this turn: x=9 y=3

[avatar #0] Turn ID: 1
[avatar #0] Starting coordinates this turn: x=3 y=7

[avatar #1] Turn ID: 0
[avatar #1] Starting coordinates this turn: x=3 y=9

[avatar #1] Turn ID: 1
[avatar #1] Starting coordinates this turn: x=3 y=9

[avatar #1] Turn ID: 2
[avatar #1] Starting coordinates this turn: x=3 y=9

[avatar #2] Turn ID: 1
[avatar #2] Starting coordinates this turn: x=9 y=3

[avatar #2] Turn ID: 2
[avatar #2] Starting coordinates this turn: x=9 y=3

[avatar #0] Turn ID: 2
[avatar #0] Starting coordinates this turn: x=3 y=7

[avatar #0] Turn ID: 0
[avatar #0] Starting coordinates this turn: x=3 y=7

[avatar #2] Turn ID: 0
[avatar #2] Starting coordinates this turn: x=9 y=3

[avatar #0] Turn ID: 1
[avatar #0] Starting coordinates this turn: x=3 y=6

[avatar #1] Turn ID: 0
[avatar #1] Starting coordinates this turn: x=3 y=9

[avatar #1] Turn ID: 1
[avatar #1] Starting coordinates this turn: x=3 y=9

[avatar #1] Turn ID: 2
[avatar #1] Starting coordinates this turn: x=4 y=9

[avatar #2] Turn ID: 1
[avatar #2] Starting coordinates this turn: x=9 y=3

[avatar #2] Turn ID: 2
[avatar #2] Starting coordinates this turn: x=9 y=3

[avatar #0] Turn ID: 2
[avatar #0] Starting coordinates this turn: x=3 y=6

[avatar #0] Turn ID: 0
[avatar #0] Starting coordinates this turn: x=3 y=6

[avatar #2] Turn ID: 0
[avatar #2] Starting coordinates this turn: x=9 y=3

[avatar #0] Turn ID: 1
[avatar #0] Starting coordinates this turn: x=4 y=6

[avatar #1] Turn ID: 0
[avatar #1] Starting coordinates this turn: x=4 y=9

[avatar #1] Turn ID: 1
[avatar #1] Starting coordinates this turn: x=4 y=9

[avatar #1] Turn ID: 2
[avatar #1] Starting coordinates this turn: x=5 y=9

[avatar #2] Turn ID: 1
[avatar #2] Starting coordinates this turn: x=9 y=3

[avatar #2] Turn ID: 2
[avatar #2] Starting coordinates this turn: x=9 y=3

[avatar #0] Turn ID: 2
[avatar #0] Starting coordinates this turn: x=4 y=6

[avatar #0] Turn ID: 0
[avatar #0] Starting coordinates this turn: x=4 y=6

[avatar #2] Turn ID: 0
[avatar #2] Starting coordinates this turn: x=9 y=3

[avatar #1] Turn ID: 0
[avatar #1] Starting coordinates this turn: x=5 y=9

[avatar #1] Turn ID: 1
[avatar #1] Starting coordinates this turn: x=5 y=9

[avatar #0] Turn ID: 1
[avatar #0] Starting coordinates this turn: x=4 y=7

[avatar #1] Turn ID: 2
[avatar #1] Starting coordinates this turn: x=6 y=9

[avatar #2] Turn ID: 1
[avatar #2] Starting coordinates this turn: x=9 y=3

[avatar #2] Turn ID: 2
[avatar #2] Starting coordinates this turn: x=9 y=3

[avatar #0] Turn ID: 2
[avatar #0] Starting coordinates this turn: x=4 y=7

[avatar #0] Turn ID: 0
[avatar #0] Starting coordinates this turn: x=4 y=7

[avatar #1] Turn ID: 0
[avatar #1] Starting coordinates this turn: x=6 y=9

[avatar #1] Turn ID: 1
[avatar #1] Starting coordinates this turn: x=6 y=9

[avatar #0] Turn ID: 1
[avatar #0] Starting coordinates this turn: x=4 y=8

[avatar #2] Turn ID: 0
[avatar #2] Starting coordinates this turn: x=9 y=2

[avatar #1] Turn ID: 2
[avatar #1] Starting coordinates this turn: x=7 y=9

[avatar #2] Turn ID: 1
[avatar #2] Starting coordinates this turn: x=9 y=2

[avatar #2] Turn ID: 2
[avatar #2] Starting coordinates this turn: x=9 y=2

[avatar #0] Turn ID: 2
[avatar #0] Starting coordinates this turn: x=4 y=8

[avatar #0] Turn ID: 0
[avatar #0] Starting coordinates this turn: x=4 y=8

[avatar #1] Turn ID: 0
[avatar #1] Starting coordinates this turn: x=7 y=9

[avatar #1] Turn ID: 1
[avatar #1] Starting coordinates this turn: x=7 y=9

[avatar #0] Turn ID: 1
[avatar #0] Starting coordinates this turn: x=4 y=8

[avatar #2] Turn ID: 0
[avatar #2] Starting coordinates this turn: x=10 y=2

[avatar #1] Turn ID: 2
[avatar #1] Starting coordinates this turn: x=7 y=9

[avatar #2] Turn ID: 1
[avatar #2] Starting coordinates this turn: x=10 y=2

[avatar #2] Turn ID: 2
[avatar #2] Starting coordinates this turn: x=10 y=2

[avatar #0] Turn ID: 2
[avatar #0] Starting coordinates this turn: x=4 y=8

[avatar #0] Turn ID: 0
[avatar #0] Starting coordinates this turn: x=4 y=8

[avatar #1] Turn ID: 0
[avatar #1] Starting coordinates this turn: x=7 y=9

[avatar #1] Turn ID: 1
[avatar #1] Starting coordinates this turn: x=7 y=9

[avatar #0] Turn ID: 1
[avatar #0] Starting coordinates this turn: x=5 y=8

[avatar #2] Turn ID: 0
[avatar #2] Starting coordinates this turn: x=10 y=3

[avatar #1] Turn ID: 2
[avatar #1] Starting coordinates this turn: x=7 y=8

[avatar #2] Turn ID: 1
[avatar #2] Starting coordinates this turn: x=10 y=3

[avatar #2] Turn ID: 2
[avatar #2] Starting coordinates this turn: x=10 y=3

[avatar #0] Turn ID: 2
[avatar #0] Starting coordinates this turn: x=5 y=8

[avatar #1] Turn ID: 0
[avatar #1] Starting coordinates this turn: x=7 y=8

[avatar #2] Turn ID: 0
[avatar #2] Starting coordinates this turn: x=10 y=3

[avatar #0] Turn ID: 0
[avatar #0] Starting coordinates this turn: x=5 y=8

[avatar #0] Turn ID: 1
[avatar #0] Starting coordinates this turn: x=5 y=8

[avatar #1] Turn ID: 1
[avatar #1] Starting coordinates this turn: x=7 y=8

[avatar #1] Turn ID: 2
[avatar #1] Starting coordinates this turn: x=7 y=8

[avatar #2] Turn ID: 1
[avatar #2] Starting coordinates this turn: x=10 y=3

[avatar #2] Turn ID: 2
[avatar #2] Starting coordinates this turn: x=10 y=3

[avatar #2] Turn ID: 0
[avatar #2] Starting coordinates this turn: x=11 y=3

[avatar #0] Turn ID: 2
[avatar #0] Starting coordinates this turn: x=5 y=8

[avatar #0] Turn ID: 0
[avatar #0] Starting coordinates this turn: x=5 y=8

[avatar #0] Turn ID: 1
[avatar #0] Starting coordinates this turn: x=6 y=8

[avatar #1] Turn ID: 0
[avatar #1] Starting coordinates this turn: x=7 y=8

[avatar #1] Turn ID: 1
[avatar #1] Starting coordinates this turn: x=7 y=8

[avatar #1] Turn ID: 2
[avatar #1] Starting coordinates this turn: x=7 y=8

[avatar #2] Turn ID: 1
[avatar #2] Starting coordinates this turn: x=11 y=3

[avatar #2] Turn ID: 2
[avatar #2] Starting coordinates this turn: x=11 y=3

[avatar #0] Turn ID: 2
[avatar #0] Starting coordinates this turn: x=6 y=8

[avatar #0] Turn ID: 0
[avatar #0] Starting coordinates this turn: x=6 y=8

[avatar #2] Turn ID: 0
[avatar #2] Starting coordinates this turn: x=11 y=4

[avatar #0] Turn ID: 1
[avatar #0] Starting coordinates this turn: x=6 y=8

[avatar #1] Turn ID: 0
[avatar #1] Starting coordinates this turn: x=7 y=8

[avatar #1] Turn ID: 1
[avatar #1] Starting coordinates this turn: x=7 y=8

[avatar #1] Turn ID: 2
[avatar #1] Starting coordinates this turn: x=7 y=8

[avatar #2] Turn ID: 1
[avatar #2] Starting coordinates this turn: x=11 y=4

[avatar #2] Turn ID: 2
[avatar #2] Starting coordinates this turn: x=11 y=4

[avatar #0] Turn ID: 2
[avatar #0] Starting coordinates this turn: x=6 y=8

[avatar #0] Turn ID: 0
[avatar #0] Starting coordinates this turn: x=6 y=8

[avatar #1] Turn ID: 0
[avatar #1] Starting coordinates this turn: x=7 y=8

[avatar #2] Turn ID: 0
[avatar #2] Starting coordinates this turn: x=11 y=4

[avatar #0] Turn ID: 1
[avatar #0] Starting coordinates this turn: x=6 y=7

[avatar #1] Turn ID: 1
[avatar #1] Starting coordinates this turn: x=7 y=8

[avatar #1] Turn ID: 2
[avatar #1] Starting coordinates this turn: x=7 y=9

[avatar #2] Turn ID: 1
[avatar #2] Starting coordinates this turn: x=11 y=4

[avatar #2] Turn ID: 2
[avatar #2] Starting coordinates this turn: x=11 y=4

[avatar #0] Turn ID: 2
[avatar #0] Starting coordinates this turn: x=6 y=7

[avatar #0] Turn ID: 0
[avatar #0] Starting coordinates this turn: x=6 y=7

[avatar #2] Turn ID: 0
[avatar #2] Starting coordinates this turn: x=11 y=5

[avatar #1] Turn ID: 0
[avatar #1] Starting coordinates this turn: x=7 y=9

[avatar #1] Turn ID: 1
[avatar #1] Starting coordinates this turn: x=7 y=9

[avatar #0] Turn ID: 1
[avatar #0] Starting coordinates this turn: x=7 y=7

[avatar #1] Turn ID: 2
[avatar #1] Starting coordinates this turn: x=6 y=9

[avatar #2] Turn ID: 1
[avatar #2] Starting coordinates this turn: x=11 y=5

[avatar #2] Turn ID: 2
[avatar #2] Starting coordinates this turn: x=11 y=5

[avatar #0] Turn ID: 2
[avatar #0] Starting coordinates this turn: x=7 y=7

[avatar #0] Turn ID: 0
[avatar #0] Starting coordinates this turn: x=7 y=7

[avatar #1] Turn ID: 0
[avatar #1] Starting coordinates this turn: x=6 y=9

[avatar #1] Turn ID: 1
[avatar #1] Starting coordinates this turn: x=6 y=9

[avatar #0] Turn ID: 1
[avatar #0] Starting coordinates this turn: x=7 y=7

[avatar #2] Turn ID: 0
[avatar #2] Starting coordinates this turn: x=11 y=5

[avatar #1] Turn ID: 2
[avatar #1] Starting coordinates this turn: x=5 y=9

[avatar #2] Turn ID: 1
[avatar #2] Starting coordinates this turn: x=11 y=5

[avatar #2] Turn ID: 2
[avatar #2] Starting coordinates this turn: x=11 y=5

[avatar #0] Turn ID: 2
[avatar #0] Starting coordinates this turn: x=7 y=7

[avatar #0] Turn ID: 0
[avatar #0] Starting coordinates this turn: x=7 y=7

[avatar #1] Turn ID: 0
[avatar #1] Starting coordinates this turn: x=5 y=9

[avatar #2] Turn ID: 0
[avatar #2] Starting coordinates this turn: x=11 y=6

[avatar #0] Turn ID: 1
[avatar #0] Starting coordinates this turn: x=7 y=6

[avatar #1] Turn ID: 1
[avatar #1] Starting coordinates this turn: x=5 y=9

[avatar #1] Turn ID: 2
[avatar #1] Starting coordinates this turn: x=4 y=9

[avatar #2] Turn ID: 1
[avatar #2] Starting coordinates this turn: x=11 y=6

[avatar #2] Turn ID: 2
[avatar #2] Starting coordinates this turn: x=11 y=6

[avatar #0] Turn ID: 2
[avatar #0] Starting coordinates this turn: x=7 y=6

[avatar #0] Turn ID: 0
[avatar #0] Starting coordinates this turn: x=7 y=6

[avatar #2] Turn ID: 0
[avatar #2] Starting coordinates this turn: x=11 y=6

[avatar #1] Turn ID: 0
[avatar #1] Starting coordinates this turn: x=4 y=9

[avatar #1] Turn ID: 1
[avatar #1] Starting coordinates this turn: x=4 y=9

[avatar #0] Turn ID: 1
[avatar #0] Starting coordinates this turn: x=7 y=6

[avatar #1] Turn ID: 2
[avatar #1] Starting coordinates this turn: x=3 y=9

[avatar #2] Turn ID: 1
[avatar #2] Starting coordinates this turn: x=11 y=6

[avatar #2] Turn ID: 2
[avatar #2] Starting coordinates this turn: x=11 y=6

[avatar #0] Turn ID: 2
[avatar #0] Starting coordinates this turn: x=7 y=6

[avatar #0] Turn ID: 0
[avatar #0] Starting coordinates this turn: x=7 y=6

[avatar #2] Turn ID: 0
[avatar #2] Starting coordinates this turn: x=11 y=7

[avatar #1] Turn ID: 0
[avatar #1] Starting coordinates this turn: x=3 y=9

[avatar #0] Turn ID: 1
[avatar #0] Starting coordinates this turn: x=7 y=5

[avatar #1] Turn ID: 1
[avatar #1] Starting coordinates this turn: x=3 y=9

[avatar #1] Turn ID: 2
[avatar #1] Starting coordinates this turn: x=3 y=8

[avatar #2] Turn ID: 1
[avatar #2] Starting coordinates this turn: x=11 y=7

[avatar #2] Turn ID: 2
[avatar #2] Starting coordinates this turn: x=11 y=7

[avatar #0] Turn ID: 2
[avatar #0] Starting coordinates this turn: x=7 y=5

[avatar #0] Turn ID: 0
[avatar #0] Starting coordinates this turn: x=7 y=5

[avatar #2] Turn ID: 0
[avatar #2] Starting coordinates this turn: x=11 y=7

[avatar #1] Turn ID: 0
[avatar #1] Starting coordinates this turn: x=3 y=8

[avatar #1] Turn ID: 1
[avatar #1] Starting coordinates this turn: x=3 y=8

[avatar #0] Turn ID: 1
[avatar #0] Starting coordinates this turn: x=8 y=5

[avatar #1] Turn ID: 2
[avatar #1] Starting coordinates this turn: x=3 y=7

[avatar #2] Turn ID: 1
[avatar #2] Starting coordinates this turn: x=11 y=7

[avatar #2] Turn ID: 2
[avatar #2] Starting coordinates this turn: x=11 y=7

[avatar #0] Turn ID: 2
[avatar #0] Starting coordinates this turn: x=8 y=5

[avatar #0] Turn ID: 0
[avatar #0] Starting coordinates this turn: x=8 y=5

[avatar #1] Turn ID: 0
[avatar #1] Starting coordinates this turn: x=3 y=7

[avatar #2] Turn ID: 0
[avatar #2] Starting coordinates this turn: x=11 y=7

[avatar #0] Turn ID: 1
[avatar #0] Starting coordinates this turn: x=8 y=5

[avatar #1] Turn ID: 1
[avatar #1] Starting coordinates this turn: x=3 y=7

[avatar #1] Turn ID: 2
[avatar #1] Starting coordinates this turn: x=3 y=6

[avatar #2] Turn ID: 1
[avatar #2] Starting coordinates this turn: x=11 y=7

[avatar #2] Turn ID: 2
[avatar #2] Starting coordinates this turn: x=11 y=7

[avatar #0] Turn ID: 2
[avatar #0] Starting coordinates this turn: x=8 y=5

[avatar #0] Turn ID: 0
[avatar #0] Starting coordinates this turn: x=8 y=5

[avatar #2] Turn ID: 0
[avatar #2] Starting coordinates this turn: x=11 y=6

[avatar #1] Turn ID: 0
[avatar #1] Starting coordinates this turn: x=3 y=6

[avatar #1] Turn ID: 1
[avatar #1] Starting coordinates this turn: x=3 y=6

[avatar #0] Turn ID: 1
[avatar #0] Starting coordinates this turn: x=9 y=5

[avatar #1] Turn ID: 2
[avatar #1] Starting coordinates this turn: x=4 y=6

[avatar #2] Turn ID: 1
[avatar #2] Starting coordinates this turn: x=11 y=6

[avatar #2] Turn ID: 2
[avatar #2] Starting coordinates this turn: x=11 y=6

[avatar #0] Turn ID: 2
[avatar #0] Starting coordinates this turn: x=9 y=5

[avatar #0] Turn ID: 0
[avatar #0] Starting coordinates this turn: x=9 y=5

[avatar #2] Turn ID: 0
[avatar #2] Starting coordinates this turn: x=11 y=5

[avatar #1] Turn ID: 0
[avatar #1] Starting coordinates this turn: x=4 y=6

[avatar #1] Turn ID: 1
[avatar #1] Starting coordinates this turn: x=4 y=6

[avatar #0] Turn ID: 1
[avatar #0] Starting coordinates this turn: x=9 y=6

[avatar #1] Turn ID: 2
[avatar #1] Starting coordinates this turn: x=4 y=7

[avatar #2] Turn ID: 1
[avatar #2] Starting coordinates this turn: x=11 y=5

[avatar #2] Turn ID: 2
[avatar #2] Starting coordinates this turn: x=11 y=5

[avatar #0] Turn ID: 2
[avatar #0] Starting coordinates this turn: x=9 y=6

[avatar #0] Turn ID: 0
[avatar #0] Starting coordinates this turn: x=9 y=6

[avatar #1] Turn ID: 0
[avatar #1] Starting coordinates this turn: x=4 y=7

[avatar #1] Turn ID: 1
[avatar #1] Starting coordinates this turn: x=4 y=7

[avatar #0] Turn ID: 1
[avatar #0] Starting coordinates this turn: x=8 y=6

[avatar #2] Turn ID: 0
[avatar #2] Starting coordinates this turn: x=11 y=4

[avatar #1] Turn ID: 2
[avatar #1] Starting coordinates this turn: x=4 y=8

[avatar #2] Turn ID: 1
[avatar #2] Starting coordinates this turn: x=11 y=4

[avatar #2] Turn ID: 2
[avatar #2] Starting coordinates this turn: x=11 y=4

[avatar #0] Turn ID: 2
[avatar #0] Starting coordinates this turn: x=8 y=6

[avatar #0] Turn ID: 0
[avatar #0] Starting coordinates this turn: x=8 y=6

[avatar #1] Turn ID: 0
[avatar #1] Starting coordinates this turn: x=4 y=8

[avatar #1] Turn ID: 1
[avatar #1] Starting coordinates this turn: x=4 y=8

[avatar #0] Turn ID: 1
[avatar #0] Starting coordinates this turn: x=8 y=7

[avatar #2] Turn ID: 0
[avatar #2] Starting coordinates this turn: x=11 y=3

[avatar #1] Turn ID: 2
[avatar #1] Starting coordinates this turn: x=5 y=8

[avatar #2] Turn ID: 1
[avatar #2] Starting coordinates this turn: x=11 y=3

[avatar #2] Turn ID: 2
[avatar #2] Starting coordinates this turn: x=11 y=3

[avatar #0] Turn ID: 2
[avatar #0] Starting coordinates this turn: x=8 y=7

[avatar #0] Turn ID: 0
[avatar #0] Starting coordinates this turn: x=8 y=7

[avatar #1] Turn ID: 0
[avatar #1] Starting coordinates this turn: x=5 y=8

[avatar #1] Turn ID: 1
[avatar #1] Starting coordinates this turn: x=5 y=8

[avatar #0] Turn ID: 1
[avatar #0] Starting coordinates this turn: x=8 y=8

[avatar #2] Turn ID: 0
[avatar #2] Starting coordinates this turn: x=11 y=2

[avatar #1] Turn ID: 2
[avatar #1] Starting coordinates this turn: x=6 y=8

[avatar #2] Turn ID: 1
[avatar #2] Starting coordinates this turn: x=11 y=2

[avatar #2] Turn ID: 2
[avatar #2] Starting coordinates this turn: x=11 y=2

[avatar #0] Turn ID: 2
[avatar #0] Starting coordinates this turn: x=8 y=8

[avatar #0] Turn ID: 0
[avatar #0] Starting coordinates this turn: x=8 y=8

[avatar #1] Turn ID: 0
[avatar #1] Starting coordinates this turn: x=6 y=8

[avatar #1] Turn ID: 1
[avatar #1] Starting coordinates this turn: x=6 y=8

[avatar #0] Turn ID: 1
[avatar #0] Starting coordinates this turn: x=8 y=8

[avatar #2] Turn ID: 0
[avatar #2] Starting coordinates this turn: x=11 y=1

[avatar #1] Turn ID: 2
[avatar #1] Starting coordinates this turn: x=6 y=7

[avatar #2] Turn ID: 1
[avatar #2] Starting coordinates this turn: x=11 y=1

[avatar #2] Turn ID: 2
[avatar #2] Starting coordinates this turn: x=11 y=1

[avatar #0] Turn ID: 2
[avatar #0] Starting coordinates this turn: x=8 y=8

[avatar #0] Turn ID: 0
[avatar #0] Starting coordinates this turn: x=8 y=8

[avatar #1] Turn ID: 0
[avatar #1] Starting coordinates this turn: x=6 y=7

[avatar #1] Turn ID: 1
[avatar #1] Starting coordinates this turn: x=6 y=7

[avatar #0] Turn ID: 1
[avatar #0] Starting coordinates this turn: x=9 y=8

[avatar #2] Turn ID: 0
[avatar #2] Starting coordinates this turn: x=11 y=0

[avatar #1] Turn ID: 2
[avatar #1] Starting coordinates this turn: x=7 y=7

[avatar #2] Turn ID: 1
[avatar #2] Starting coordinates this turn: x=11 y=0

[avatar #2] Turn ID: 2
[avatar #2] Starting coordinates this turn: x=11 y=0

[avatar #0] Turn ID: 2
[avatar #0] Starting coordinates this turn: x=9 y=8

[avatar #0] Turn ID: 0
[avatar #0] Starting coordinates this turn: x=9 y=8

[avatar #1] Turn ID: 0
[avatar #1] Starting coordinates this turn: x=7 y=7

[avatar #1] Turn ID: 1
[avatar #1] Starting coordinates this turn: x=7 y=7

[avatar #0] Turn ID: 1
[avatar #0] Starting coordinates this turn: x=9 y=9

[avatar #2] Turn ID: 0
[avatar #2] Starting coordinates this turn: x=11 y=0

[avatar #1] Turn ID: 2
[avatar #1] Starting coordinates this turn: x=7 y=6

[avatar #2] Turn ID: 1
[avatar #2] Starting coordinates this turn: x=11 y=0

[avatar #2] Turn ID: 2
[avatar #2] Starting coordinates this turn: x=11 y=0

[avatar #0] Turn ID: 2
[avatar #0] Starting coordinates this turn: x=9 y=9

[avatar #0] Turn ID: 0
[avatar #0] Starting coordinates this turn: x=9 y=9

[avatar #1] Turn ID: 0
[avatar #1] Starting coordinates this turn: x=7 y=6

[avatar #1] Turn ID: 1
[avatar #1] Starting coordinates this turn: x=7 y=6

[avatar #0] Turn ID: 1
[avatar #0] Starting coordinates this turn: x=8 y=9

[avatar #2] Turn ID: 0
[avatar #2] Starting coordinates this turn: x=11 y=1

[avatar #1] Turn ID: 2
[avatar #1] Starting coordinates this turn: x=7 y=5

[avatar #2] Turn ID: 1
[avatar #2] Starting coordinates this turn: x=11 y=1

[avatar #2] Turn ID: 2
[avatar #2] Starting coordinates this turn: x=11 y=1

[avatar #0] Turn ID: 2
[avatar #0] Starting coordinates this turn: x=8 y=9

[avatar #0] Turn ID: 0
[avatar #0] Starting coordinates this turn: x=8 y=9

[avatar #1] Turn ID: 0
[avatar #1] Starting coordinates this turn: x=7 y=5

[avatar #1] Turn ID: 1
[avatar #1] Starting coordinates this turn: x=7 y=5

[avatar #0] Turn ID: 1
[avatar #0] Starting coordinates this turn: x=9 y=9

[avatar #2] Turn ID: 0
[avatar #2] Starting coordinates this turn: x=10 y=1

[avatar #1] Turn ID: 2
[avatar #1] Starting coordinates this turn: x=8 y=5

[avatar #2] Turn ID: 1
[avatar #2] Starting coordinates this turn: x=10 y=1

[avatar #2] Turn ID: 2
[avatar #2] Starting coordinates this turn: x=10 y=1

[avatar #0] Turn ID: 2
[avatar #0] Starting coordinates this turn: x=9 y=9

[avatar #0] Turn ID: 0
[avatar #0] Starting coordinates this turn: x=9 y=9

[avatar #1] Turn ID: 0
[avatar #1] Starting coordinates this turn: x=8 y=5

[avatar #1] Turn ID: 1
[avatar #1] Starting coordinates this turn: x=8 y=5

[avatar #0] Turn ID: 1
[avatar #0] Starting coordinates this turn: x=10 y=9

[avatar #2] Turn ID: 0
[avatar #2] Starting coordinates this turn: x=10 y=0

[avatar #1] Turn ID: 2
[avatar #1] Starting coordinates this turn: x=9 y=5

[avatar #2] Turn ID: 1
[avatar #2] Starting coordinates this turn: x=10 y=0

[avatar #2] Turn ID: 2
[avatar #2] Starting coordinates this turn: x=10 y=0

[avatar #0] Turn ID: 2
[avatar #0] Starting coordinates this turn: x=10 y=9

[avatar #0] Turn ID: 0
[avatar #0] Starting coordinates this turn: x=10 y=9

[avatar #1] Turn ID: 0
[avatar #1] Starting coordinates this turn: x=9 y=5

[avatar #1] Turn ID: 1
[avatar #1] Starting coordinates this turn: x=9 y=5

[avatar #0] Turn ID: 1
[avatar #0] Starting coordinates this turn: x=11 y=9

[avatar #2] Turn ID: 0
[avatar #2] Starting coordinates this turn: x=9 y=0

[avatar #1] Turn ID: 2
[avatar #1] Starting coordinates this turn: x=9 y=6

[avatar #2] Turn ID: 1
[avatar #2] Starting coordinates this turn: x=9 y=0

[avatar #2] Turn ID: 2
[avatar #2] Starting coordinates this turn: x=9 y=0

[avatar #0] Turn ID: 2
[avatar #0] Starting coordinates this turn: x=11 y=9

[avatar #0] Turn ID: 0
[avatar #0] Starting coordinates this turn: x=11 y=9

[avatar #1] Turn ID: 0
[avatar #1] Starting coordinates this turn: x=9 y=6

[avatar #1] Turn ID: 1
[avatar #1] Starting coordinates this turn: x=9 y=6

[avatar #0] Turn ID: 1
[avatar #0] Starting coordinates this turn: x=11 y=8

[avatar #2] Turn ID: 0
[avatar #2] Starting coordinates this turn: x=8 y=0

[avatar #1] Turn ID: 2
[avatar #1] Starting coordinates this turn: x=8 y=6

[avatar #2] Turn ID: 1
[avatar #2] Starting coordinates this turn: x=8 y=0

[avatar #2] Turn ID: 2
[avatar #2] Starting coordinates this turn: x=8 y=0

[avatar #0] Turn ID: 2
[avatar #0] Starting coordinates this turn: x=11 y=8

[avatar #0] Turn ID: 0
[avatar #0] Starting coordinates this turn: x=11 y=8

[avatar #1] Turn ID: 0
[avatar #1] Starting coordinates this turn: x=8 y=6

[avatar #1] Turn ID: 1
[avatar #1] Starting coordinates this turn: x=8 y=6

[avatar #0] Turn ID: 1
[avatar #0] Starting coordinates this turn: x=10 y=8

[avatar #2] Turn ID: 0
[avatar #2] Starting coordinates this turn: x=7 y=0

[avatar #1] Turn ID: 2
[avatar #1] Starting coordinates this turn: x=8 y=7

[avatar #2] Turn ID: 1
[avatar #2] Starting coordinates this turn: x=7 y=0

[avatar #2] Turn ID: 2
[avatar #2] Starting coordinates this turn: x=7 y=0

[avatar #0] Turn ID: 2
[avatar #0] Starting coordinates this turn: x=10 y=8

[avatar #0] Turn ID: 0
[avatar #0] Starting coordinates this turn: x=10 y=8

[avatar #1] Turn ID: 0
[avatar #1] Starting coordinates this turn: x=8 y=7

[avatar #1] Turn ID: 1
[avatar #1] Starting coordinates this turn: x=8 y=7

[avatar #0] Turn ID: 1
[avatar #0] Starting coordinates this turn: x=10 y=7

[avatar #2] Turn ID: 0
[avatar #2] Starting coordinates this turn: x=6 y=0

[avatar #1] Turn ID: 2
[avatar #1] Starting coordinates this turn: x=8 y=8

[avatar #2] Turn ID: 1
[avatar #2] Starting coordinates this turn: x=6 y=0

[avatar #2] Turn ID: 2
[avatar #2] Starting coordinates this turn: x=6 y=0

[avatar #0] Turn ID: 2
[avatar #0] Starting coordinates this turn: x=10 y=7

[avatar #0] Turn ID: 0
[avatar #0] Starting coordinates this turn: x=10 y=7

[avatar #1] Turn ID: 0
[avatar #1] Starting coordinates this turn: x=8 y=8

[avatar #1] Turn ID: 1
[avatar #1] Starting coordinates this turn: x=8 y=8

[avatar #0] Turn ID: 1
[avatar #0] Starting coordinates this turn: x=10 y=6

[avatar #2] Turn ID: 0
[avatar #2] Starting coordinates this turn: x=6 y=0

[avatar #1] Turn ID: 2
[avatar #1] Starting coordinates this turn: x=9 y=8

[avatar #2] Turn ID: 1
[avatar #2] Starting coordinates this turn: x=6 y=0

[avatar #2] Turn ID: 2
[avatar #2] Starting coordinates this turn: x=6 y=0

[avatar #0] Turn ID: 2
[avatar #0] Starting coordinates this turn: x=10 y=6

[avatar #0] Turn ID: 0
[avatar #0] Starting coordinates this turn: x=10 y=6

[avatar #1] Turn ID: 0
[avatar #1] Starting coordinates this turn: x=9 y=8

[avatar #1] Turn ID: 1
[avatar #1] Starting coordinates this turn: x=9 y=8

[avatar #0] Turn ID: 1
[avatar #0] Starting coordinates this turn: x=10 y=5

[avatar #2] Turn ID: 0
[avatar #2] Starting coordinates this turn: x=6 y=1

[avatar #1] Turn ID: 2
[avatar #1] Starting coordinates this turn: x=9 y=9

[avatar #2] Turn ID: 1
[avatar #2] Starting coordinates this turn: x=6 y=1

[avatar #2] Turn ID: 2
[avatar #2] Starting coordinates this turn: x=6 y=1

[avatar #0] Turn ID: 2
[avatar #0] Starting coordinates this turn: x=10 y=5

[avatar #0] Turn ID: 0
[avatar #0] Starting coordinates this turn: x=10 y=5

[avatar #2] Turn ID: 0
[avatar #2] Starting coordinates this turn: x=6 y=1

[avatar #1] Turn ID: 0
[avatar #1] Starting coordinates this turn: x=9 y=9

[avatar #0] Turn ID: 1
[avatar #0] Starting coordinates this turn: x=10 y=4

[avatar #1] Turn ID: 1
[avatar #1] Starting coordinates this turn: x=9 y=9

[avatar #1] Turn ID: 2
[avatar #1] Starting coordinates this turn: x=8 y=9

[avatar #2] Turn ID: 1
[avatar #2] Starting coordinates this turn: x=6 y=1

[avatar #2] Turn ID: 2
[avatar #2] Starting coordinates this turn: x=6 y=1

[avatar #0] Turn ID: 2
[avatar #0] Starting coordinates this turn: x=10 y=4

[avatar #0] Turn ID: 0
[avatar #0] Starting coordinates this turn: x=10 y=4

[avatar #2] Turn ID: 0
[avatar #2] Starting coordinates this turn: x=6 y=2

[avatar #1] Turn ID: 0
[avatar #1] Starting coordinates this turn: x=8 y=9

[avatar #1] Turn ID: 1
[avatar #1] Starting coordinates this turn: x=8 y=9

[avatar #0] Turn ID: 1
[avatar #0] Starting coordinates this turn: x=9 y=4

[avatar #1] Turn ID: 2
[avatar #1] Starting coordinates this turn: x=9 y=9

[avatar #2] Turn ID: 1
[avatar #2] Starting coordinates this turn: x=6 y=2

[avatar #2] Turn ID: 2
[avatar #2] Starting coordinates this turn: x=6 y=2

[avatar #0] Turn ID: 2
[avatar #0] Starting coordinates this turn: x=9 y=4

[avatar #0] Turn ID: 0
[avatar #0] Starting coordinates this turn: x=9 y=4

[avatar #1] Turn ID: 0
[avatar #1] Starting coordinates this turn: x=9 y=9

[avatar #1] Turn ID: 1
[avatar #1] Starting coordinates this turn: x=9 y=9

[avatar #0] Turn ID: 1
[avatar #0] Starting coordinates this turn: x=8 y=4

[avatar #2] Turn ID: 0
[avatar #2] Starting coordinates this turn: x=5 y=2

[avatar #1] Turn ID: 2
[avatar #1] Starting coordinates this turn: x=10 y=9

[avatar #2] Turn ID: 1
[avatar #2] Starting coordinates this turn: x=5 y=2

[avatar #2] Turn ID: 2
[avatar #2] Starting coordinates this turn: x=5 y=2

[avatar #0] Turn ID: 2
[avatar #0] Starting coordinates this turn: x=8 y=4

[avatar #0] Turn ID: 0
[avatar #0] Starting coordinates this turn: x=8 y=4

[avatar #1] Turn ID: 0
[avatar #1] Starting coordinates this turn: x=10 y=9

[avatar #1] Turn ID: 1
[avatar #1] Starting coordinates this turn: x=10 y=9

[avatar #0] Turn ID: 1
[avatar #0] Starting coordinates this turn: x=8 y=4

[avatar #2] Turn ID: 0
[avatar #2] Starting coordinates this turn: x=5 y=2

[avatar #1] Turn ID: 2
[avatar #1] Starting coordinates this turn: x=11 y=9

[avatar #0] Turn ID: 2
[avatar #0] Starting coordinates this turn: x=8 y=4

[avatar #2] Turn ID: 1
[avatar #2] Starting coordinates this turn: x=5 y=2

[avatar #2] Turn ID: 2
[avatar #2] Starting coordinates this turn: x=5 y=2

[avatar #0] Turn ID: 0
[avatar #0] Starting coordinates this turn: x=8 y=4

[avatar #1] Turn ID: 0
[avatar #1] Starting coordinates this turn: x=11 y=9

[avatar #1] Turn ID: 1
[avatar #1] Starting coordinates this turn: x=11 y=9

[avatar #0] Turn ID: 1
[avatar #0] Starting coordinates this turn: x=7 y=4

[avatar #2] Turn ID: 0
[avatar #2] Starting coordinates this turn: x=4 y=2

[avatar #1] Turn ID: 2
[avatar #1] Starting coordinates this turn: x=11 y=8

[avatar #2] Turn ID: 1
[avatar #2] Starting coordinates this turn: x=4 y=2

[avatar #2] Turn ID: 2
[avatar #2] Starting coordinates this turn: x=4 y=2

[avatar #0] Turn ID: 2
[avatar #0] Starting coordinates this turn: x=7 y=4

[avatar #0] Turn ID: 0
[avatar #0] Starting coordinates this turn: x=7 y=4

[avatar #1] Turn ID: 0
[avatar #1] Starting coordinates this turn: x=11 y=8

[avatar #1] Turn ID: 1
[avatar #1] Starting coordinates this turn: x=11 y=8

[avatar #0] Turn ID: 1
[avatar #0] Starting coordinates this turn: x=7 y=3

[avatar #2] Turn ID: 0
[avatar #2] Starting coordinates this turn: x=4 y=2

[avatar #1] Turn ID: 2
[avatar #1] Starting coordinates this turn: x=10 y=8

[avatar #2] Turn ID: 1
[avatar #2] Starting coordinates this turn: x=4 y=2

[avatar #2] Turn ID: 2
[avatar #2] Starting coordinates this turn: x=4 y=2

[avatar #0] Turn ID: 2
[avatar #0] Starting coordinates this turn: x=7 y=3

[avatar #0] Turn ID: 0
[avatar #0] Starting coordinates this turn: x=7 y=3

[avatar #1] Turn ID: 0
[avatar #1] Starting coordinates this turn: x=10 y=8

[avatar #1] Turn ID: 1
[avatar #1] Starting coordinates this turn: x=10 y=8

[avatar #0] Turn ID: 1
[avatar #0] Starting coordinates this turn: x=8 y=3

[avatar #2] Turn ID: 0
[avatar #2] Starting coordinates this turn: x=3 y=2

[avatar #1] Turn ID: 2
[avatar #1] Starting coordinates this turn: x=10 y=7

[avatar #2] Turn ID: 1
[avatar #2] Starting coordinates this turn: x=3 y=2

[avatar #2] Turn ID: 2
[avatar #2] Starting coordinates this turn: x=3 y=2

[avatar #0] Turn ID: 2
[avatar #0] Starting coordinates this turn: x=8 y=3

[avatar #0] Turn ID: 0
[avatar #0] Starting coordinates this turn: x=8 y=3

[avatar #1] Turn ID: 0
[avatar #1] Starting coordinates this turn: x=10 y=7

[avatar #1] Turn ID: 1
[avatar #1] Starting coordinates this turn: x=10 y=7

[avatar #0] Turn ID: 1
[avatar #0] Starting coordinates this turn: x=8 y=2

[avatar #2] Turn ID: 0
[avatar #2] Starting coordinates this turn: x=3 y=1

[avatar #1] Turn ID: 2
[avatar #1] Starting coordinates this turn: x=10 y=6

[avatar #2] Turn ID: 1
[avatar #2] Starting coordinates this turn: x=3 y=1

[avatar #2] Turn ID: 2
[avatar #2] Starting coordinates this turn: x=3 y=1

[avatar #0] Turn ID: 2
[avatar #0] Starting coordinates this turn: x=8 y=2

[avatar #0] Turn ID: 0
[avatar #0] Starting coordinates this turn: x=8 y=2

[avatar #1] Turn ID: 0
[avatar #1] Starting coordinates this turn: x=10 y=6

[avatar #1] Turn ID: 1
[avatar #1] Starting coordinates this turn: x=10 y=6

[avatar #0] Turn ID: 1
[avatar #0] Starting coordinates this turn: x=8 y=1

[avatar #2] Turn ID: 0
[avatar #2] Starting coordinates this turn: x=3 y=1

[avatar #1] Turn ID: 2
[avatar #1] Starting coordinates this turn: x=10 y=5

[avatar #2] Turn ID: 1
[avatar #2] Starting coordinates this turn: x=3 y=1

[avatar #2] Turn ID: 2
[avatar #2] Starting coordinates this turn: x=3 y=1

[avatar #0] Turn ID: 2
[avatar #0] Starting coordinates this turn: x=8 y=1

[avatar #0] Turn ID: 0
[avatar #0] Starting coordinates this turn: x=8 y=1

[avatar #1] Turn ID: 0
[avatar #1] Starting coordinates this turn: x=10 y=5

[avatar #1] Turn ID: 1
[avatar #1] Starting coordinates this turn: x=10 y=5

[avatar #0] Turn ID: 1
[avatar #0] Starting coordinates this turn: x=8 y=0

[avatar #2] Turn ID: 0
[avatar #2] Starting coordinates this turn: x=3 y=1

[avatar #1] Turn ID: 2
[avatar #1] Starting coordinates this turn: x=10 y=4

[avatar #2] Turn ID: 1
[avatar #2] Starting coordinates this turn: x=3 y=1

[avatar #2] Turn ID: 2
[avatar #2] Starting coordinates this turn: x=3 y=1

[avatar #0] Turn ID: 2
[avatar #0] Starting coordinates this turn: x=8 y=0

[avatar #0] Turn ID: 0
[avatar #0] Starting coordinates this turn: x=8 y=0

[avatar #1] Turn ID: 0
[avatar #1] Starting coordinates this turn: x=10 y=4

[avatar #1] Turn ID: 1
[avatar #1] Starting coordinates this turn: x=10 y=4

[avatar #0] Turn ID: 1
[avatar #0] Starting coordinates this turn: x=7 y=0

[avatar #2] Turn ID: 0
[avatar #2] Starting coordinates this turn: x=3 y=1

[avatar #1] Turn ID: 2
[avatar #1] Starting coordinates this turn: x=9 y=4

[avatar #2] Turn ID: 1
[avatar #2] Starting coordinates this turn: x=3 y=1

[avatar #2] Turn ID: 2
[avatar #2] Starting coordinates this turn: x=3 y=1

[avatar #0] Turn ID: 2
[avatar #0] Starting coordinates this turn: x=7 y=0

[avatar #1] Turn ID: 0
[avatar #1] Starting coordinates this turn: x=9 y=4

[avatar #0] Turn ID: 0
[avatar #0] Starting coordinates this turn: x=7 y=0

[avatar #2] Turn ID: 0
[avatar #2] Starting coordinates this turn: x=3 y=1

[avatar #1] Turn ID: 1
[avatar #1] Starting coordinates this turn: x=9 y=4

[avatar #0] Turn ID: 1
[avatar #0] Starting coordinates this turn: x=6 y=0

[avatar #1] Turn ID: 2
[avatar #1] Starting coordinates this turn: x=8 y=4

[avatar #2] Turn ID: 1
[avatar #2] Starting coordinates this turn: x=3 y=1

[avatar #2] Turn ID: 2
[avatar #2] Starting coordinates this turn: x=3 y=1

[avatar #0] Turn ID: 2
[avatar #0] Starting coordinates this turn: x=6 y=0

[avatar #0] Turn ID: 0
[avatar #0] Starting coordinates this turn: x=6 y=0

[avatar #2] Turn ID: 0
[avatar #2] Starting coordinates this turn: x=3 y=1

[avatar #1] Turn ID: 0
[avatar #1] Starting coordinates this turn: x=8 y=4

[avatar #1] Turn ID: 1
[avatar #1] Starting coordinates this turn: x=8 y=4

[avatar #0] Turn ID: 1
[avatar #0] Starting coordinates this turn: x=6 y=1

[avatar #1] Turn ID: 2
[avatar #1] Starting coordinates this turn: x=7 y=4

[avatar #2] Turn ID: 1
[avatar #2] Starting coordinates this turn: x=3 y=1

[avatar #2] Turn ID: 2
[avatar #2] Starting coordinates this turn: x=3 y=1

[avatar #0] Turn ID: 2
[avatar #0] Starting coordinates this turn: x=6 y=1

[avatar #0] Turn ID: 0
[avatar #0] Starting coordinates this turn: x=6 y=1

[avatar #1] Turn ID: 0
[avatar #1] Starting coordinates this turn: x=7 y=4

[avatar #1] Turn ID: 1
[avatar #1] Starting coordinates this turn: x=7 y=4

[avatar #0] Turn ID: 1
[avatar #0] Starting coordinates this turn: x=6 y=2

[avatar #2] Turn ID: 0
[avatar #2] Starting coordinates this turn: x=3 y=1

[avatar #1] Turn ID: 2
[avatar #1] Starting coordinates this turn: x=7 y=3

[avatar #2] Turn ID: 1
[avatar #2] Starting coordinates this turn: x=3 y=1

[avatar #2] Turn ID: 2
[avatar #2] Starting coordinates this turn: x=3 y=1

[avatar #0] Turn ID: 2
[avatar #0] Starting coordinates this turn: x=6 y=2

[avatar #0] Turn ID: 0
[avatar #0] Starting coordinates this turn: x=6 y=2

[avatar #1] Turn ID: 0
[avatar #1] Starting coordinates this turn: x=7 y=3

[avatar #1] Turn ID: 1
[avatar #1] Starting coordinates this turn: x=7 y=3

[avatar #0] Turn ID: 1
[avatar #0] Starting coordinates this turn: x=5 y=2

[avatar #2] Turn ID: 0
[avatar #2] Starting coordinates this turn: x=3 y=1

[avatar #1] Turn ID: 2
[avatar #1] Starting coordinates this turn: x=8 y=3

[avatar #2] Turn ID: 1
[avatar #2] Starting coordinates this turn: x=3 y=1

[avatar #2] Turn ID: 2
[avatar #2] Starting coordinates this turn: x=3 y=1

[avatar #0] Turn ID: 2
[avatar #0] Starting coordinates this turn: x=5 y=2

[avatar #1] Turn ID: 0
[avatar #1] Starting coordinates this turn: x=8 y=3

[avatar #0] Turn ID: 0
[avatar #0] Starting coordinates this turn: x=5 y=2

[avatar #2] Turn ID: 0
[avatar #2] Starting coordinates this turn: x=3 y=1

[avatar #1] Turn ID: 1
[avatar #1] Starting coordinates this turn: x=8 y=3

[avatar #0] Turn ID: 1
[avatar #0] Starting coordinates this turn: x=4 y=2

[avatar #1] Turn ID: 2
[avatar #1] Starting coordinates this turn: x=8 y=2

[avatar #2] Turn ID: 1
[avatar #2] Starting coordinates this turn: x=3 y=1

[avatar #2] Turn ID: 2
[avatar #2] Starting coordinates this turn: x=3 y=1

[avatar #0] Turn ID: 2
[avatar #0] Starting coordinates this turn: x=4 y=2

[avatar #0] Turn ID: 0
[avatar #0] Starting coordinates this turn: x=4 y=2

[avatar #1] Turn ID: 0
[avatar #1] Starting coordinates this turn: x=8 y=2

[avatar #2] Turn ID: 0
[avatar #2] Starting coordinates this turn: x=3 y=1

[avatar #0] Turn ID: 1
[avatar #0] Starting coordinates this turn: x=3 y=2

[avatar #1] Turn ID: 1
[avatar #1] Starting coordinates this turn: x=8 y=2

[avatar #1] Turn ID: 2
[avatar #1] Starting coordinates this turn: x=8 y=1

[avatar #2] Turn ID: 1
[avatar #2] Starting coordinates this turn: x=3 y=1

[avatar #2] Turn ID: 2
[avatar #2] Starting coordinates this turn: x=3 y=1

[avatar #0] Turn ID: 2
[avatar #0] Starting coordinates this turn: x=3 y=2

[avatar #0] Turn ID: 0
[avatar #0] Starting coordinates this turn: x=3 y=2

[avatar #2] Turn ID: 0
[avatar #2] Starting coordinates this turn: x=3 y=1

[avatar #1] Turn ID: 0
[avatar #1] Starting coordinates this turn: x=8 y=1

[avatar #1] Turn ID: 1
[avatar #1] Starting coordinates this turn: x=8 y=1

[avatar #0] Turn ID: 1
[avatar #0] Starting coordinates this turn: x=3 y=1

[avatar #1] Turn ID: 2
[avatar #1] Starting coordinates this turn: x=8 y=0

[avatar #2] Turn ID: 1
[avatar #2] Starting coordinates this turn: x=3 y=1

[avatar #2] Turn ID: 2
[avatar #2] Starting coordinates this turn: x=3 y=1

[avatar #0] Turn ID: 2
[avatar #0] Starting coordinates this turn: x=3 y=1

[avatar #0] Turn ID: 0
[avatar #0] Starting coordinates this turn: x=3 y=1

[avatar #1] Turn ID: 0
[avatar #1] Starting coordinates this turn: x=8 y=0

[avatar #1] Turn ID: 1
[avatar #1] Starting coordinates this turn: x=8 y=0

[avatar #0] Turn ID: 1
[avatar #0] Starting coordinates this turn: x=3 y=1

[avatar #2] Turn ID: 0
[avatar #2] Starting coordinates this turn: x=3 y=1

[avatar #1] Turn ID: 2
[avatar #1] Starting coordinates this turn: x=7 y=0

[avatar #2] Turn ID: 1
[avatar #2] Starting coordinates this turn: x=3 y=1

[avatar #2] Turn ID: 2
[avatar #2] Starting coordinates this turn: x=3 y=1

[avatar #0] Turn ID: 2
[avatar #0] Starting coordinates this turn: x=3 y=1

[avatar #0] Turn ID: 0
[avatar #0] Starting coordinates this turn: x=3 y=1

[avatar #1] Turn ID: 0
[avatar #1] Starting coordinates this turn: x=7 y=0

[avatar #1] Turn ID: 1
[avatar #1] Starting coordinates this turn: x=7 y=0

[avatar #0] Turn ID: 1
[avatar #0] Starting coordinates this turn: x=3 y=1

[avatar #2] Turn ID: 0
[avatar #2] Starting coordinates this turn: x=3 y=1

[avatar #1] Turn ID: 2
[avatar #1] Starting coordinates this turn: x=6 y=0

[avatar #2] Turn ID: 1
[avatar #2] Starting coordinates this turn: x=3 y=1

[avatar #2] Turn ID: 2
[avatar #2] Starting coordinates this turn: x=3 y=1

[avatar #0] Turn ID: 2
[avatar #0] Starting coordinates this turn: x=3 y=1

[avatar #0] Turn ID: 0
[avatar #0] Starting coordinates this turn: x=3 y=1

[avatar #1] Turn ID: 0
[avatar #1] Starting coordinates this turn: x=6 y=0

[avatar #1] Turn ID: 1
[avatar #1] Starting coordinates this turn: x=6 y=0

[avatar #0] Turn ID: 1
[avatar #0] Starting coordinates this turn: x=3 y=1

[avatar #2] Turn ID: 0
[avatar #2] Starting coordinates this turn: x=3 y=1

[avatar #1] Turn ID: 2
[avatar #1] Starting coordinates this turn: x=6 y=1

[avatar #2] Turn ID: 1
[avatar #2] Starting coordinates this turn: x=3 y=1

[avatar #0] Turn ID: 2
[avatar #0] Starting coordinates this turn: x=3 y=1

[avatar #2] Turn ID: 2
[avatar #2] Starting coordinates this turn: x=3 y=1

[avatar #0] Turn ID: 0
[avatar #0] Starting coordinates this turn: x=3 y=1

[avatar #1] Turn ID: 0
[avatar #1] Starting coordinates this turn: x=6 y=1

[avatar #1] Turn ID: 1
[avatar #1] Starting coordinates this turn: x=6 y=1

[avatar #0] Turn ID: 1
[avatar #0] Starting coordinates this turn: x=3 y=1

[avatar #2] Turn ID: 0
[avatar #2] Starting coordinates this turn: x=3 y=1

[avatar #1] Turn ID: 2
[avatar #1] Starting coordinates this turn: x=6 y=2

[avatar #2] Turn ID: 1
[avatar #2] Starting coordinates this turn: x=3 y=1

[avatar #0] Turn ID: 2
[avatar #0] Starting coordinates this turn: x=3 y=1

[avatar #2] Turn ID: 2
[avatar #2] Starting coordinates this turn: x=3 y=1

[avatar #0] Turn ID: 0
[avatar #0] Starting coordinates this turn: x=3 y=1

[avatar #1] Turn ID: 0
[avatar #1] Starting coordinates this turn: x=6 y=2

[avatar #1] Turn ID: 1
[avatar #1] Starting coordinates this turn: x=6 y=2

[avatar #0] Turn ID: 1
[avatar #0] Starting coordinates this turn: x=3 y=1

[avatar #2] Turn ID: 0
[avatar #2] Starting coordinates this turn: x=3 y=1

[avatar #1] Turn ID: 2
[avatar #1] Starting coordinates this turn: x=5 y=2

[avatar #2] Turn ID: 1
[avatar #2] Starting coordinates this turn: x=3 y=1

[avatar #2] Turn ID: 2
[avatar #2] Starting coordinates this turn: x=3 y=1

[avatar #0] Turn ID: 2
[avatar #0] Starting coordinates this turn: x=3 y=1

[avatar #0] Turn ID: 0
[avatar #0] Starting coordinates this turn: x=3 y=1

[avatar #1] Turn ID: 0
[avatar #1] Starting coordinates this turn: x=5 y=2

[avatar #1] Turn ID: 1
[avatar #1] Starting coordinates this turn: x=5 y=2

[avatar #0] Turn ID: 1
[avatar #0] Starting coordinates this turn: x=3 y=1

[avatar #2] Turn ID: 0
[avatar #2] Starting coordinates this turn: x=3 y=1

[avatar #1] Turn ID: 2
[avatar #1] Starting coordinates this turn: x=4 y=2

[avatar #2] Turn ID: 1
[avatar #2] Starting coordinates this turn: x=3 y=1

[avatar #2] Turn ID: 2
[avatar #2] Starting coordinates this turn: x=3 y=1

[avatar #0] Turn ID: 2
[avatar #0] Starting coordinates this turn: x=3 y=1

[avatar #0] Turn ID: 0
[avatar #0] Starting coordinates this turn: x=3 y=1

[avatar #1] Turn ID: 0
[avatar #1] Starting coordinates this turn: x=4 y=2

[avatar #1] Turn ID: 1
[avatar #1] Starting coordinates this turn: x=4 y=2

[avatar #0] Turn ID: 1
[avatar #0] Starting coordinates this turn: x=3 y=1

[avatar #2] Turn ID: 0
[avatar #2] Starting coordinates this turn: x=3 y=1

[avatar #1] Turn ID: 2
[avatar #1] Starting coordinates this turn: x=3 y=2

[avatar #2] Turn ID: 1
[avatar #2] Starting coordinates this turn: x=3 y=1

[avatar #2] Turn ID: 2
[avatar #2] Starting coordinates this turn: x=3 y=1

[avatar #0] Turn ID: 2
[avatar #0] Starting coordinates this turn: x=3 y=1

[avatar #0] Turn ID: 0
[avatar #0] Starting coordinates this turn: x=3 y=1

[avatar #1] Turn ID: 0
[avatar #1] Starting coordinates this turn: x=3 y=2

[avatar #1] Turn ID: 1
[avatar #1] Starting coordinates this turn: x=3 y=2

[avatar #0] Turn ID: 1
[avatar #0] Starting coordinates this turn: x=3 y=1

[avatar #2] Turn ID: 0
[avatar #2] Starting coordinates this turn: x=3 y=1

[avatar #2] Turn ID: 1
[avatar #2] Starting coordinates this turn: x=3 y=1

WINNER! nAvatars: 3 Difficulty: 2 nMoves: 193 Hash: 2911269332

